test_unary_ufuncs.py::TestUnaryUfuncsXPU::test_contig_size1_abs_xpu_complex64 ... RuntimeError: "abs_out" not implemented for 'ComplexFloat'
test_unary_ufuncs.py::TestUnaryUfuncsXPU::test_contig_size1_acos_xpu_complex64 ... RuntimeError: "acos_out" not implemented for 'ComplexFloat'
test_unary_ufuncs.py::TestUnaryUfuncsXPU::test_contig_size1_acos_xpu_int64 ... RuntimeError: "acos_out" not implemented for 'Long'
test_unary_ufuncs.py::TestUnaryUfuncsXPU::test_contig_size1_acos_xpu_uint8 ... RuntimeError: "acos_out" not implemented for 'Byte'
test_unary_ufuncs.py::TestUnaryUfuncsXPU::test_contig_size1_asin_xpu_complex64 ... RuntimeError: "asin_out" not implemented for 'ComplexFloat'
test_unary_ufuncs.py::TestUnaryUfuncsXPU::test_contig_size1_asin_xpu_int64 ... RuntimeError: "asin_out" not implemented for 'Long'
test_unary_ufuncs.py::TestUnaryUfuncsXPU::test_contig_size1_asin_xpu_uint8 ... RuntimeError: "asin_out" not implemented for 'Byte'
test_unary_ufuncs.py::TestUnaryUfuncsXPU::test_contig_size1_atan_xpu_complex64 ... RuntimeError: "atan_out" not implemented for 'ComplexFloat'
test_unary_ufuncs.py::TestUnaryUfuncsXPU::test_contig_size1_atan_xpu_int64 ... RuntimeError: "atan_out" not implemented for 'Long'
test_unary_ufuncs.py::TestUnaryUfuncsXPU::test_contig_size1_atan_xpu_uint8 ... RuntimeError: "atan_out" not implemented for 'Byte'
test_unary_ufuncs.py::TestUnaryUfuncsXPU::test_contig_size1_conj_xpu_complex64 ... RuntimeError: "eq_dpcpp" not implemented for 'ComplexFloat'
test_unary_ufuncs.py::TestUnaryUfuncsXPU::test_contig_size1_cos_xpu_complex64 ... RuntimeError: "cos_out" not implemented for 'ComplexFloat'
test_unary_ufuncs.py::TestUnaryUfuncsXPU::test_contig_size1_cos_xpu_int64 ... RuntimeError: "cos_out" not implemented for 'Long'
test_unary_ufuncs.py::TestUnaryUfuncsXPU::test_contig_size1_cos_xpu_uint8 ... RuntimeError: "cos_out" not implemented for 'Byte'
test_unary_ufuncs.py::TestUnaryUfuncsXPU::test_contig_size1_cosh_xpu_complex64 ... RuntimeError: "cosh_out" not implemented for 'ComplexFloat'
test_unary_ufuncs.py::TestUnaryUfuncsXPU::test_contig_size1_cosh_xpu_int64 ... RuntimeError: "cosh_out" not implemented for 'Long'
test_unary_ufuncs.py::TestUnaryUfuncsXPU::test_contig_size1_cosh_xpu_uint8 ... RuntimeError: "cosh_out" not implemented for 'Byte'
test_unary_ufuncs.py::TestUnaryUfuncsXPU::test_contig_size1_digamma_xpu_int64 ... RuntimeError: "digamma_xpu" not implemented for 'Long'
test_unary_ufuncs.py::TestUnaryUfuncsXPU::test_contig_size1_digamma_xpu_uint8 ... RuntimeError: "digamma_xpu" not implemented for 'Byte'
test_unary_ufuncs.py::TestUnaryUfuncsXPU::test_contig_size1_erf_xpu_int64 ... RuntimeError: "erf_out" not implemented for 'Long'
test_unary_ufuncs.py::TestUnaryUfuncsXPU::test_contig_size1_erf_xpu_uint8 ... RuntimeError: "erf_out" not implemented for 'Byte'
test_unary_ufuncs.py::TestUnaryUfuncsXPU::test_contig_size1_erfc_xpu_int64 ... RuntimeError: "erfc_out" not implemented for 'Long'
test_unary_ufuncs.py::TestUnaryUfuncsXPU::test_contig_size1_erfc_xpu_uint8 ... RuntimeError: "erfc_out" not implemented for 'Byte'
test_unary_ufuncs.py::TestUnaryUfuncsXPU::test_contig_size1_erfinv_xpu_bfloat16 ... RuntimeError: "erfinv_out" not implemented for 'BFloat16'
test_unary_ufuncs.py::TestUnaryUfuncsXPU::test_contig_size1_erfinv_xpu_int64 ... RuntimeError: "erfinv_out" not implemented for 'Long'
test_unary_ufuncs.py::TestUnaryUfuncsXPU::test_contig_size1_erfinv_xpu_uint8 ... RuntimeError: "erfinv_out" not implemented for 'Byte'
test_unary_ufuncs.py::TestUnaryUfuncsXPU::test_contig_size1_exp_xpu_complex64 ... RuntimeError: "exp_out" not implemented for 'ComplexFloat'
test_unary_ufuncs.py::TestUnaryUfuncsXPU::test_contig_size1_exp_xpu_int64 ... RuntimeError: "exp_out" not implemented for 'Long'
test_unary_ufuncs.py::TestUnaryUfuncsXPU::test_contig_size1_exp_xpu_uint8 ... RuntimeError: "exp_out" not implemented for 'Byte'
test_unary_ufuncs.py::TestUnaryUfuncsXPU::test_contig_size1_expm1_xpu_int64 ... RuntimeError: "expm1_out" not implemented for 'Long'
test_unary_ufuncs.py::TestUnaryUfuncsXPU::test_contig_size1_expm1_xpu_uint8 ... RuntimeError: "expm1_out" not implemented for 'Byte'
test_unary_ufuncs.py::TestUnaryUfuncsXPU::test_contig_size1_frac_xpu_bfloat16 ... RuntimeError: "frac_xpu" not implemented for 'BFloat16'
test_unary_ufuncs.py::TestUnaryUfuncsXPU::test_contig_size1_large_dim_abs_xpu_complex64 ... RuntimeError: "abs_out" not implemented for 'ComplexFloat'
test_unary_ufuncs.py::TestUnaryUfuncsXPU::test_contig_size1_large_dim_acos_xpu_complex64 ... RuntimeError: "acos_out" not implemented for 'ComplexFloat'
test_unary_ufuncs.py::TestUnaryUfuncsXPU::test_contig_size1_large_dim_acos_xpu_int64 ... RuntimeError: "acos_out" not implemented for 'Long'
test_unary_ufuncs.py::TestUnaryUfuncsXPU::test_contig_size1_large_dim_acos_xpu_uint8 ... RuntimeError: "acos_out" not implemented for 'Byte'
test_unary_ufuncs.py::TestUnaryUfuncsXPU::test_contig_size1_large_dim_asin_xpu_complex64 ... RuntimeError: "asin_out" not implemented for 'ComplexFloat'
test_unary_ufuncs.py::TestUnaryUfuncsXPU::test_contig_size1_large_dim_asin_xpu_int64 ... RuntimeError: "asin_out" not implemented for 'Long'
test_unary_ufuncs.py::TestUnaryUfuncsXPU::test_contig_size1_large_dim_asin_xpu_uint8 ... RuntimeError: "asin_out" not implemented for 'Byte'
test_unary_ufuncs.py::TestUnaryUfuncsXPU::test_contig_size1_large_dim_atan_xpu_complex64 ... RuntimeError: "atan_out" not implemented for 'ComplexFloat'
test_unary_ufuncs.py::TestUnaryUfuncsXPU::test_contig_size1_large_dim_atan_xpu_int64 ... RuntimeError: "atan_out" not implemented for 'Long'
test_unary_ufuncs.py::TestUnaryUfuncsXPU::test_contig_size1_large_dim_atan_xpu_uint8 ... RuntimeError: "atan_out" not implemented for 'Byte'
test_unary_ufuncs.py::TestUnaryUfuncsXPU::test_contig_size1_large_dim_conj_xpu_complex64 ... RuntimeError: "eq_dpcpp" not implemented for 'ComplexFloat'
test_unary_ufuncs.py::TestUnaryUfuncsXPU::test_contig_size1_large_dim_cos_xpu_complex64 ... RuntimeError: "cos_out" not implemented for 'ComplexFloat'
test_unary_ufuncs.py::TestUnaryUfuncsXPU::test_contig_size1_large_dim_cos_xpu_int64 ... RuntimeError: "cos_out" not implemented for 'Long'
test_unary_ufuncs.py::TestUnaryUfuncsXPU::test_contig_size1_large_dim_cos_xpu_uint8 ... RuntimeError: "cos_out" not implemented for 'Byte'
test_unary_ufuncs.py::TestUnaryUfuncsXPU::test_contig_size1_large_dim_cosh_xpu_complex64 ... RuntimeError: "cosh_out" not implemented for 'ComplexFloat'
test_unary_ufuncs.py::TestUnaryUfuncsXPU::test_contig_size1_large_dim_cosh_xpu_int64 ... RuntimeError: "cosh_out" not implemented for 'Long'
test_unary_ufuncs.py::TestUnaryUfuncsXPU::test_contig_size1_large_dim_cosh_xpu_uint8 ... RuntimeError: "cosh_out" not implemented for 'Byte'
test_unary_ufuncs.py::TestUnaryUfuncsXPU::test_contig_size1_large_dim_digamma_xpu_int64 ... RuntimeError: "digamma_xpu" not implemented for 'Long'
test_unary_ufuncs.py::TestUnaryUfuncsXPU::test_contig_size1_large_dim_digamma_xpu_uint8 ... RuntimeError: "digamma_xpu" not implemented for 'Byte'
test_unary_ufuncs.py::TestUnaryUfuncsXPU::test_contig_size1_large_dim_erf_xpu_int64 ... RuntimeError: "erf_out" not implemented for 'Long'
test_unary_ufuncs.py::TestUnaryUfuncsXPU::test_contig_size1_large_dim_erf_xpu_uint8 ... RuntimeError: "erf_out" not implemented for 'Byte'
test_unary_ufuncs.py::TestUnaryUfuncsXPU::test_contig_size1_large_dim_erfc_xpu_int64 ... RuntimeError: "erfc_out" not implemented for 'Long'
test_unary_ufuncs.py::TestUnaryUfuncsXPU::test_contig_size1_large_dim_erfc_xpu_uint8 ... RuntimeError: "erfc_out" not implemented for 'Byte'
test_unary_ufuncs.py::TestUnaryUfuncsXPU::test_contig_size1_large_dim_erfinv_xpu_bfloat16 ... RuntimeError: "erfinv_out" not implemented for 'BFloat16'
test_unary_ufuncs.py::TestUnaryUfuncsXPU::test_contig_size1_large_dim_erfinv_xpu_int64 ... RuntimeError: "erfinv_out" not implemented for 'Long'
test_unary_ufuncs.py::TestUnaryUfuncsXPU::test_contig_size1_large_dim_erfinv_xpu_uint8 ... RuntimeError: "erfinv_out" not implemented for 'Byte'
test_unary_ufuncs.py::TestUnaryUfuncsXPU::test_contig_size1_large_dim_exp_xpu_complex64 ... RuntimeError: "exp_out" not implemented for 'ComplexFloat'
test_unary_ufuncs.py::TestUnaryUfuncsXPU::test_contig_size1_large_dim_exp_xpu_int64 ... RuntimeError: "exp_out" not implemented for 'Long'
test_unary_ufuncs.py::TestUnaryUfuncsXPU::test_contig_size1_large_dim_exp_xpu_uint8 ... RuntimeError: "exp_out" not implemented for 'Byte'
test_unary_ufuncs.py::TestUnaryUfuncsXPU::test_contig_size1_large_dim_expm1_xpu_int64 ... RuntimeError: "expm1_out" not implemented for 'Long'
test_unary_ufuncs.py::TestUnaryUfuncsXPU::test_contig_size1_large_dim_expm1_xpu_uint8 ... RuntimeError: "expm1_out" not implemented for 'Byte'
test_unary_ufuncs.py::TestUnaryUfuncsXPU::test_contig_size1_large_dim_frac_xpu_bfloat16 ... RuntimeError: "frac_xpu" not implemented for 'BFloat16'
test_unary_ufuncs.py::TestUnaryUfuncsXPU::test_contig_size1_large_dim_log10_xpu_complex64 ... RuntimeError: "log10_out" not implemented for 'ComplexFloat'
test_unary_ufuncs.py::TestUnaryUfuncsXPU::test_contig_size1_large_dim_log10_xpu_int64 ... RuntimeError: "log10_out" not implemented for 'Long'
test_unary_ufuncs.py::TestUnaryUfuncsXPU::test_contig_size1_large_dim_log10_xpu_uint8 ... RuntimeError: "log10_out" not implemented for 'Byte'
test_unary_ufuncs.py::TestUnaryUfuncsXPU::test_contig_size1_large_dim_log1p_xpu_int64 ... RuntimeError: "log1p_out" not implemented for 'Long'
test_unary_ufuncs.py::TestUnaryUfuncsXPU::test_contig_size1_large_dim_log1p_xpu_uint8 ... RuntimeError: "log1p_out" not implemented for 'Byte'
test_unary_ufuncs.py::TestUnaryUfuncsXPU::test_contig_size1_large_dim_log2_xpu_complex64 ... RuntimeError: "log2_out" not implemented for 'ComplexFloat'
test_unary_ufuncs.py::TestUnaryUfuncsXPU::test_contig_size1_large_dim_log2_xpu_int64 ... RuntimeError: "log2_out" not implemented for 'Long'
test_unary_ufuncs.py::TestUnaryUfuncsXPU::test_contig_size1_large_dim_log2_xpu_uint8 ... RuntimeError: "log2_out" not implemented for 'Byte'
test_unary_ufuncs.py::TestUnaryUfuncsXPU::test_contig_size1_large_dim_log_xpu_complex64 ... RuntimeError: "log_out" not implemented for 'ComplexFloat'
test_unary_ufuncs.py::TestUnaryUfuncsXPU::test_contig_size1_large_dim_log_xpu_int64 ... RuntimeError: "log_out" not implemented for 'Long'
test_unary_ufuncs.py::TestUnaryUfuncsXPU::test_contig_size1_large_dim_log_xpu_uint8 ... RuntimeError: "log_out" not implemented for 'Byte'
test_unary_ufuncs.py::TestUnaryUfuncsXPU::test_contig_size1_large_dim_logical_not_xpu_complex64 ... RuntimeError: "logical_not_dpcpp" not implemented for 'ComplexFloat'
test_unary_ufuncs.py::TestUnaryUfuncsXPU::test_contig_size1_large_dim_neg_xpu_complex64 ... RuntimeError: "neg_out" not implemented for 'ComplexFloat'
test_unary_ufuncs.py::TestUnaryUfuncsXPU::test_contig_size1_large_dim_polygamma_polygamma_n_0_xpu_int64 ... RuntimeError: "digamma_xpu" not implemented for 'Long'
test_unary_ufuncs.py::TestUnaryUfuncsXPU::test_contig_size1_large_dim_polygamma_polygamma_n_0_xpu_uint8 ... RuntimeError: "digamma_xpu" not implemented for 'Byte'
test_unary_ufuncs.py::TestUnaryUfuncsXPU::test_contig_size1_large_dim_polygamma_polygamma_n_1_xpu_int64 ... RuntimeError: "trigamma_xpu" not implemented for 'Long'
test_unary_ufuncs.py::TestUnaryUfuncsXPU::test_contig_size1_large_dim_polygamma_polygamma_n_1_xpu_uint8 ... RuntimeError: "trigamma_xpu" not implemented for 'Byte'
test_unary_ufuncs.py::TestUnaryUfuncsXPU::test_contig_size1_large_dim_polygamma_polygamma_n_2_xpu_int64 ... RuntimeError: "polygamma_xpu" not implemented for 'Long'
test_unary_ufuncs.py::TestUnaryUfuncsXPU::test_contig_size1_large_dim_polygamma_polygamma_n_2_xpu_uint8 ... RuntimeError: "polygamma_xpu" not implemented for 'Byte'
test_unary_ufuncs.py::TestUnaryUfuncsXPU::test_contig_size1_large_dim_polygamma_polygamma_n_3_xpu_int64 ... RuntimeError: "polygamma_xpu" not implemented for 'Long'
test_unary_ufuncs.py::TestUnaryUfuncsXPU::test_contig_size1_large_dim_polygamma_polygamma_n_3_xpu_uint8 ... RuntimeError: "polygamma_xpu" not implemented for 'Byte'
test_unary_ufuncs.py::TestUnaryUfuncsXPU::test_contig_size1_large_dim_polygamma_polygamma_n_4_xpu_int64 ... RuntimeError: "polygamma_xpu" not implemented for 'Long'
test_unary_ufuncs.py::TestUnaryUfuncsXPU::test_contig_size1_large_dim_polygamma_polygamma_n_4_xpu_uint8 ... RuntimeError: "polygamma_xpu" not implemented for 'Byte'
test_unary_ufuncs.py::TestUnaryUfuncsXPU::test_contig_size1_large_dim_positive_xpu_complex64 ... RuntimeError: "eq_dpcpp" not implemented for 'ComplexFloat'
test_unary_ufuncs.py::TestUnaryUfuncsXPU::test_contig_size1_large_dim_reciprocal_xpu_complex64 ... RuntimeError: "reciprocal_xpu" not implemented for 'ComplexFloat'
test_unary_ufuncs.py::TestUnaryUfuncsXPU::test_contig_size1_large_dim_reciprocal_xpu_int64 ... RuntimeError: Found dtype Float but expected Long
test_unary_ufuncs.py::TestUnaryUfuncsXPU::test_contig_size1_large_dim_reciprocal_xpu_uint8 ... RuntimeError: Found dtype Float but expected Byte
test_unary_ufuncs.py::TestUnaryUfuncsXPU::test_contig_size1_large_dim_rsqrt_xpu_complex64 ... RuntimeError: "rsqrt_out" not implemented for 'ComplexFloat'
test_unary_ufuncs.py::TestUnaryUfuncsXPU::test_contig_size1_large_dim_rsqrt_xpu_int64 ... RuntimeError: "rsqrt_out" not implemented for 'Long'
test_unary_ufuncs.py::TestUnaryUfuncsXPU::test_contig_size1_large_dim_rsqrt_xpu_uint8 ... RuntimeError: "rsqrt_out" not implemented for 'Byte'
test_unary_ufuncs.py::TestUnaryUfuncsXPU::test_contig_size1_large_dim_sgn_xpu_complex64 ... RuntimeError: "sgn_out" not implemented for 'ComplexFloat'
test_unary_ufuncs.py::TestUnaryUfuncsXPU::test_contig_size1_large_dim_sgn_xpu_int64 ... RuntimeError: "sgn_out" not implemented for 'Long'
test_unary_ufuncs.py::TestUnaryUfuncsXPU::test_contig_size1_large_dim_sgn_xpu_uint8 ... RuntimeError: "sgn_out" not implemented for 'Byte'
test_unary_ufuncs.py::TestUnaryUfuncsXPU::test_contig_size1_large_dim_sigmoid_xpu_complex64 ... RuntimeError: "_sigmoid_out" not implemented for 'ComplexFloat'
test_unary_ufuncs.py::TestUnaryUfuncsXPU::test_contig_size1_large_dim_sigmoid_xpu_int64 ... RuntimeError: "_sigmoid_out" not implemented for 'Long'
test_unary_ufuncs.py::TestUnaryUfuncsXPU::test_contig_size1_large_dim_sigmoid_xpu_uint8 ... RuntimeError: "_sigmoid_out" not implemented for 'Byte'
test_unary_ufuncs.py::TestUnaryUfuncsXPU::test_contig_size1_large_dim_sin_xpu_complex64 ... RuntimeError: "sin_out" not implemented for 'ComplexFloat'
test_unary_ufuncs.py::TestUnaryUfuncsXPU::test_contig_size1_large_dim_sin_xpu_int64 ... RuntimeError: "sin_out" not implemented for 'Long'
test_unary_ufuncs.py::TestUnaryUfuncsXPU::test_contig_size1_large_dim_sin_xpu_uint8 ... RuntimeError: "sin_out" not implemented for 'Byte'
test_unary_ufuncs.py::TestUnaryUfuncsXPU::test_contig_size1_large_dim_sinh_xpu_complex64 ... RuntimeError: "sinh_out" not implemented for 'ComplexFloat'
test_unary_ufuncs.py::TestUnaryUfuncsXPU::test_contig_size1_large_dim_sinh_xpu_int64 ... RuntimeError: "sinh_out" not implemented for 'Long'
test_unary_ufuncs.py::TestUnaryUfuncsXPU::test_contig_size1_large_dim_sinh_xpu_uint8 ... RuntimeError: "sinh_out" not implemented for 'Byte'
test_unary_ufuncs.py::TestUnaryUfuncsXPU::test_contig_size1_large_dim_special_polygamma_special_polygamma_n_0_xpu_bfloat16 ... RuntimeError: "digamma_xpu" not implemented for 'BFloat16'
test_unary_ufuncs.py::TestUnaryUfuncsXPU::test_contig_size1_large_dim_special_polygamma_special_polygamma_n_0_xpu_int64 ... RuntimeError: "digamma_xpu" not implemented for 'Long'
test_unary_ufuncs.py::TestUnaryUfuncsXPU::test_contig_size1_large_dim_special_polygamma_special_polygamma_n_0_xpu_uint8 ... RuntimeError: "digamma_xpu" not implemented for 'Byte'
test_unary_ufuncs.py::TestUnaryUfuncsXPU::test_contig_size1_large_dim_tan_xpu_complex64 ... RuntimeError: "tan_out" not implemented for 'ComplexFloat'
test_unary_ufuncs.py::TestUnaryUfuncsXPU::test_contig_size1_large_dim_tan_xpu_int64 ... RuntimeError: "tan_out" not implemented for 'Long'
test_unary_ufuncs.py::TestUnaryUfuncsXPU::test_contig_size1_large_dim_tan_xpu_uint8 ... RuntimeError: "tan_out" not implemented for 'Byte'
test_unary_ufuncs.py::TestUnaryUfuncsXPU::test_contig_size1_large_dim_tanh_xpu_complex64 ... RuntimeError: "tanh_out" not implemented for 'ComplexFloat'
test_unary_ufuncs.py::TestUnaryUfuncsXPU::test_contig_size1_large_dim_tanh_xpu_int64 ... RuntimeError: "tanh_out" not implemented for 'Long'
test_unary_ufuncs.py::TestUnaryUfuncsXPU::test_contig_size1_large_dim_tanh_xpu_uint8 ... RuntimeError: "tanh_out" not implemented for 'Byte'
test_unary_ufuncs.py::TestUnaryUfuncsXPU::test_contig_size1_log10_xpu_complex64 ... RuntimeError: "log10_out" not implemented for 'ComplexFloat'
test_unary_ufuncs.py::TestUnaryUfuncsXPU::test_contig_size1_log10_xpu_int64 ... RuntimeError: "log10_out" not implemented for 'Long'
test_unary_ufuncs.py::TestUnaryUfuncsXPU::test_contig_size1_log10_xpu_uint8 ... RuntimeError: "log10_out" not implemented for 'Byte'
test_unary_ufuncs.py::TestUnaryUfuncsXPU::test_contig_size1_log1p_xpu_int64 ... RuntimeError: "log1p_out" not implemented for 'Long'
test_unary_ufuncs.py::TestUnaryUfuncsXPU::test_contig_size1_log1p_xpu_uint8 ... RuntimeError: "log1p_out" not implemented for 'Byte'
test_unary_ufuncs.py::TestUnaryUfuncsXPU::test_contig_size1_log2_xpu_complex64 ... RuntimeError: "log2_out" not implemented for 'ComplexFloat'
test_unary_ufuncs.py::TestUnaryUfuncsXPU::test_contig_size1_log2_xpu_int64 ... RuntimeError: "log2_out" not implemented for 'Long'
test_unary_ufuncs.py::TestUnaryUfuncsXPU::test_contig_size1_log2_xpu_uint8 ... RuntimeError: "log2_out" not implemented for 'Byte'
test_unary_ufuncs.py::TestUnaryUfuncsXPU::test_contig_size1_log_xpu_complex64 ... RuntimeError: "log_out" not implemented for 'ComplexFloat'
test_unary_ufuncs.py::TestUnaryUfuncsXPU::test_contig_size1_log_xpu_int64 ... RuntimeError: "log_out" not implemented for 'Long'
test_unary_ufuncs.py::TestUnaryUfuncsXPU::test_contig_size1_log_xpu_uint8 ... RuntimeError: "log_out" not implemented for 'Byte'
test_unary_ufuncs.py::TestUnaryUfuncsXPU::test_contig_size1_logical_not_xpu_complex64 ... RuntimeError: "logical_not_dpcpp" not implemented for 'ComplexFloat'
test_unary_ufuncs.py::TestUnaryUfuncsXPU::test_contig_size1_neg_xpu_complex64 ... RuntimeError: "neg_out" not implemented for 'ComplexFloat'
test_unary_ufuncs.py::TestUnaryUfuncsXPU::test_contig_size1_polygamma_polygamma_n_0_xpu_int64 ... RuntimeError: "digamma_xpu" not implemented for 'Long'
test_unary_ufuncs.py::TestUnaryUfuncsXPU::test_contig_size1_polygamma_polygamma_n_0_xpu_uint8 ... RuntimeError: "digamma_xpu" not implemented for 'Byte'
test_unary_ufuncs.py::TestUnaryUfuncsXPU::test_contig_size1_polygamma_polygamma_n_1_xpu_int64 ... RuntimeError: "trigamma_xpu" not implemented for 'Long'
test_unary_ufuncs.py::TestUnaryUfuncsXPU::test_contig_size1_polygamma_polygamma_n_1_xpu_uint8 ... RuntimeError: "trigamma_xpu" not implemented for 'Byte'
test_unary_ufuncs.py::TestUnaryUfuncsXPU::test_contig_size1_polygamma_polygamma_n_2_xpu_int64 ... RuntimeError: "polygamma_xpu" not implemented for 'Long'
test_unary_ufuncs.py::TestUnaryUfuncsXPU::test_contig_size1_polygamma_polygamma_n_2_xpu_uint8 ... RuntimeError: "polygamma_xpu" not implemented for 'Byte'
test_unary_ufuncs.py::TestUnaryUfuncsXPU::test_contig_size1_polygamma_polygamma_n_3_xpu_int64 ... RuntimeError: "polygamma_xpu" not implemented for 'Long'
test_unary_ufuncs.py::TestUnaryUfuncsXPU::test_contig_size1_polygamma_polygamma_n_3_xpu_uint8 ... RuntimeError: "polygamma_xpu" not implemented for 'Byte'
test_unary_ufuncs.py::TestUnaryUfuncsXPU::test_contig_size1_polygamma_polygamma_n_4_xpu_int64 ... RuntimeError: "polygamma_xpu" not implemented for 'Long'
test_unary_ufuncs.py::TestUnaryUfuncsXPU::test_contig_size1_polygamma_polygamma_n_4_xpu_uint8 ... RuntimeError: "polygamma_xpu" not implemented for 'Byte'
test_unary_ufuncs.py::TestUnaryUfuncsXPU::test_contig_size1_positive_xpu_complex64 ... RuntimeError: "eq_dpcpp" not implemented for 'ComplexFloat'
test_unary_ufuncs.py::TestUnaryUfuncsXPU::test_contig_size1_reciprocal_xpu_complex64 ... RuntimeError: "reciprocal_xpu" not implemented for 'ComplexFloat'
test_unary_ufuncs.py::TestUnaryUfuncsXPU::test_contig_size1_reciprocal_xpu_int64 ... RuntimeError: Found dtype Float but expected Long
test_unary_ufuncs.py::TestUnaryUfuncsXPU::test_contig_size1_reciprocal_xpu_uint8 ... RuntimeError: Found dtype Float but expected Byte
test_unary_ufuncs.py::TestUnaryUfuncsXPU::test_contig_size1_rsqrt_xpu_complex64 ... RuntimeError: "rsqrt_out" not implemented for 'ComplexFloat'
test_unary_ufuncs.py::TestUnaryUfuncsXPU::test_contig_size1_rsqrt_xpu_int64 ... RuntimeError: "rsqrt_out" not implemented for 'Long'
test_unary_ufuncs.py::TestUnaryUfuncsXPU::test_contig_size1_rsqrt_xpu_uint8 ... RuntimeError: "rsqrt_out" not implemented for 'Byte'
test_unary_ufuncs.py::TestUnaryUfuncsXPU::test_contig_size1_sgn_xpu_complex64 ... RuntimeError: "sgn_out" not implemented for 'ComplexFloat'
test_unary_ufuncs.py::TestUnaryUfuncsXPU::test_contig_size1_sgn_xpu_int64 ... RuntimeError: "sgn_out" not implemented for 'Long'
test_unary_ufuncs.py::TestUnaryUfuncsXPU::test_contig_size1_sgn_xpu_uint8 ... RuntimeError: "sgn_out" not implemented for 'Byte'
test_unary_ufuncs.py::TestUnaryUfuncsXPU::test_contig_size1_sigmoid_xpu_complex64 ... RuntimeError: "_sigmoid_out" not implemented for 'ComplexFloat'
test_unary_ufuncs.py::TestUnaryUfuncsXPU::test_contig_size1_sigmoid_xpu_int64 ... RuntimeError: "_sigmoid_out" not implemented for 'Long'
test_unary_ufuncs.py::TestUnaryUfuncsXPU::test_contig_size1_sigmoid_xpu_uint8 ... RuntimeError: "_sigmoid_out" not implemented for 'Byte'
test_unary_ufuncs.py::TestUnaryUfuncsXPU::test_contig_size1_sin_xpu_complex64 ... RuntimeError: "sin_out" not implemented for 'ComplexFloat'
test_unary_ufuncs.py::TestUnaryUfuncsXPU::test_contig_size1_sin_xpu_int64 ... RuntimeError: "sin_out" not implemented for 'Long'
test_unary_ufuncs.py::TestUnaryUfuncsXPU::test_contig_size1_sin_xpu_uint8 ... RuntimeError: "sin_out" not implemented for 'Byte'
test_unary_ufuncs.py::TestUnaryUfuncsXPU::test_contig_size1_sinh_xpu_complex64 ... RuntimeError: "sinh_out" not implemented for 'ComplexFloat'
test_unary_ufuncs.py::TestUnaryUfuncsXPU::test_contig_size1_sinh_xpu_int64 ... RuntimeError: "sinh_out" not implemented for 'Long'
test_unary_ufuncs.py::TestUnaryUfuncsXPU::test_contig_size1_sinh_xpu_uint8 ... RuntimeError: "sinh_out" not implemented for 'Byte'
test_unary_ufuncs.py::TestUnaryUfuncsXPU::test_contig_size1_special_polygamma_special_polygamma_n_0_xpu_bfloat16 ... RuntimeError: "digamma_xpu" not implemented for 'BFloat16'
test_unary_ufuncs.py::TestUnaryUfuncsXPU::test_contig_size1_special_polygamma_special_polygamma_n_0_xpu_int64 ... RuntimeError: "digamma_xpu" not implemented for 'Long'
test_unary_ufuncs.py::TestUnaryUfuncsXPU::test_contig_size1_special_polygamma_special_polygamma_n_0_xpu_uint8 ... RuntimeError: "digamma_xpu" not implemented for 'Byte'
test_unary_ufuncs.py::TestUnaryUfuncsXPU::test_contig_size1_tan_xpu_complex64 ... RuntimeError: "tan_out" not implemented for 'ComplexFloat'
test_unary_ufuncs.py::TestUnaryUfuncsXPU::test_contig_size1_tan_xpu_int64 ... RuntimeError: "tan_out" not implemented for 'Long'
test_unary_ufuncs.py::TestUnaryUfuncsXPU::test_contig_size1_tan_xpu_uint8 ... RuntimeError: "tan_out" not implemented for 'Byte'
test_unary_ufuncs.py::TestUnaryUfuncsXPU::test_contig_size1_tanh_xpu_complex64 ... RuntimeError: "tanh_out" not implemented for 'ComplexFloat'
test_unary_ufuncs.py::TestUnaryUfuncsXPU::test_contig_size1_tanh_xpu_int64 ... RuntimeError: "tanh_out" not implemented for 'Long'
test_unary_ufuncs.py::TestUnaryUfuncsXPU::test_contig_size1_tanh_xpu_uint8 ... RuntimeError: "tanh_out" not implemented for 'Byte'
test_unary_ufuncs.py::TestUnaryUfuncsXPU::test_contig_vs_every_other_abs_xpu_complex64 ... RuntimeError: "abs_out" not implemented for 'ComplexFloat'
test_unary_ufuncs.py::TestUnaryUfuncsXPU::test_contig_vs_every_other_acos_xpu_complex64 ... RuntimeError: "acos_out" not implemented for 'ComplexFloat'
test_unary_ufuncs.py::TestUnaryUfuncsXPU::test_contig_vs_every_other_acos_xpu_int64 ... RuntimeError: "acos_out" not implemented for 'Long'
test_unary_ufuncs.py::TestUnaryUfuncsXPU::test_contig_vs_every_other_acos_xpu_uint8 ... RuntimeError: "acos_out" not implemented for 'Byte'
test_unary_ufuncs.py::TestUnaryUfuncsXPU::test_contig_vs_every_other_asin_xpu_complex64 ... RuntimeError: "asin_out" not implemented for 'ComplexFloat'
test_unary_ufuncs.py::TestUnaryUfuncsXPU::test_contig_vs_every_other_asin_xpu_int64 ... RuntimeError: "asin_out" not implemented for 'Long'
test_unary_ufuncs.py::TestUnaryUfuncsXPU::test_contig_vs_every_other_asin_xpu_uint8 ... RuntimeError: "asin_out" not implemented for 'Byte'
test_unary_ufuncs.py::TestUnaryUfuncsXPU::test_contig_vs_every_other_atan_xpu_complex64 ... RuntimeError: "atan_out" not implemented for 'ComplexFloat'
test_unary_ufuncs.py::TestUnaryUfuncsXPU::test_contig_vs_every_other_atan_xpu_int64 ... RuntimeError: "atan_out" not implemented for 'Long'
test_unary_ufuncs.py::TestUnaryUfuncsXPU::test_contig_vs_every_other_atan_xpu_uint8 ... RuntimeError: "atan_out" not implemented for 'Byte'
test_unary_ufuncs.py::TestUnaryUfuncsXPU::test_contig_vs_every_other_conj_xpu_complex64 ... RuntimeError: "eq_dpcpp" not implemented for 'ComplexFloat'
test_unary_ufuncs.py::TestUnaryUfuncsXPU::test_contig_vs_every_other_cos_xpu_complex64 ... RuntimeError: "cos_out" not implemented for 'ComplexFloat'
test_unary_ufuncs.py::TestUnaryUfuncsXPU::test_contig_vs_every_other_cos_xpu_int64 ... RuntimeError: "cos_out" not implemented for 'Long'
test_unary_ufuncs.py::TestUnaryUfuncsXPU::test_contig_vs_every_other_cos_xpu_uint8 ... RuntimeError: "cos_out" not implemented for 'Byte'
test_unary_ufuncs.py::TestUnaryUfuncsXPU::test_contig_vs_every_other_cosh_xpu_complex64 ... RuntimeError: "cosh_out" not implemented for 'ComplexFloat'
test_unary_ufuncs.py::TestUnaryUfuncsXPU::test_contig_vs_every_other_cosh_xpu_int64 ... RuntimeError: "cosh_out" not implemented for 'Long'
test_unary_ufuncs.py::TestUnaryUfuncsXPU::test_contig_vs_every_other_cosh_xpu_uint8 ... RuntimeError: "cosh_out" not implemented for 'Byte'
test_unary_ufuncs.py::TestUnaryUfuncsXPU::test_contig_vs_every_other_digamma_xpu_int64 ... RuntimeError: "digamma_xpu" not implemented for 'Long'
test_unary_ufuncs.py::TestUnaryUfuncsXPU::test_contig_vs_every_other_digamma_xpu_uint8 ... RuntimeError: "digamma_xpu" not implemented for 'Byte'
test_unary_ufuncs.py::TestUnaryUfuncsXPU::test_contig_vs_every_other_erf_xpu_int64 ... RuntimeError: "erf_out" not implemented for 'Long'
test_unary_ufuncs.py::TestUnaryUfuncsXPU::test_contig_vs_every_other_erf_xpu_uint8 ... RuntimeError: "erf_out" not implemented for 'Byte'
test_unary_ufuncs.py::TestUnaryUfuncsXPU::test_contig_vs_every_other_erfc_xpu_int64 ... RuntimeError: "erfc_out" not implemented for 'Long'
test_unary_ufuncs.py::TestUnaryUfuncsXPU::test_contig_vs_every_other_erfc_xpu_uint8 ... RuntimeError: "erfc_out" not implemented for 'Byte'
test_unary_ufuncs.py::TestUnaryUfuncsXPU::test_contig_vs_every_other_erfinv_xpu_bfloat16 ... RuntimeError: "erfinv_out" not implemented for 'BFloat16'
test_unary_ufuncs.py::TestUnaryUfuncsXPU::test_contig_vs_every_other_erfinv_xpu_int64 ... RuntimeError: "erfinv_out" not implemented for 'Long'
test_unary_ufuncs.py::TestUnaryUfuncsXPU::test_contig_vs_every_other_erfinv_xpu_uint8 ... RuntimeError: "erfinv_out" not implemented for 'Byte'
test_unary_ufuncs.py::TestUnaryUfuncsXPU::test_contig_vs_every_other_exp_xpu_complex64 ... RuntimeError: "exp_out" not implemented for 'ComplexFloat'
test_unary_ufuncs.py::TestUnaryUfuncsXPU::test_contig_vs_every_other_exp_xpu_int64 ... RuntimeError: "exp_out" not implemented for 'Long'
test_unary_ufuncs.py::TestUnaryUfuncsXPU::test_contig_vs_every_other_exp_xpu_uint8 ... RuntimeError: "exp_out" not implemented for 'Byte'
test_unary_ufuncs.py::TestUnaryUfuncsXPU::test_contig_vs_every_other_expm1_xpu_int64 ... RuntimeError: "expm1_out" not implemented for 'Long'
test_unary_ufuncs.py::TestUnaryUfuncsXPU::test_contig_vs_every_other_expm1_xpu_uint8 ... RuntimeError: "expm1_out" not implemented for 'Byte'
test_unary_ufuncs.py::TestUnaryUfuncsXPU::test_contig_vs_every_other_frac_xpu_bfloat16 ... RuntimeError: "frac_xpu" not implemented for 'BFloat16'
test_unary_ufuncs.py::TestUnaryUfuncsXPU::test_contig_vs_every_other_log10_xpu_complex64 ... RuntimeError: "log10_out" not implemented for 'ComplexFloat'
test_unary_ufuncs.py::TestUnaryUfuncsXPU::test_contig_vs_every_other_log10_xpu_int64 ... RuntimeError: "log10_out" not implemented for 'Long'
test_unary_ufuncs.py::TestUnaryUfuncsXPU::test_contig_vs_every_other_log10_xpu_uint8 ... RuntimeError: "log10_out" not implemented for 'Byte'
test_unary_ufuncs.py::TestUnaryUfuncsXPU::test_contig_vs_every_other_log1p_xpu_int64 ... RuntimeError: "log1p_out" not implemented for 'Long'
test_unary_ufuncs.py::TestUnaryUfuncsXPU::test_contig_vs_every_other_log1p_xpu_uint8 ... RuntimeError: "log1p_out" not implemented for 'Byte'
test_unary_ufuncs.py::TestUnaryUfuncsXPU::test_contig_vs_every_other_log2_xpu_complex64 ... RuntimeError: "log2_out" not implemented for 'ComplexFloat'
test_unary_ufuncs.py::TestUnaryUfuncsXPU::test_contig_vs_every_other_log2_xpu_int64 ... RuntimeError: "log2_out" not implemented for 'Long'
test_unary_ufuncs.py::TestUnaryUfuncsXPU::test_contig_vs_every_other_log2_xpu_uint8 ... RuntimeError: "log2_out" not implemented for 'Byte'
test_unary_ufuncs.py::TestUnaryUfuncsXPU::test_contig_vs_every_other_log_xpu_complex64 ... RuntimeError: "log_out" not implemented for 'ComplexFloat'
test_unary_ufuncs.py::TestUnaryUfuncsXPU::test_contig_vs_every_other_log_xpu_int64 ... RuntimeError: "log_out" not implemented for 'Long'
test_unary_ufuncs.py::TestUnaryUfuncsXPU::test_contig_vs_every_other_log_xpu_uint8 ... RuntimeError: "log_out" not implemented for 'Byte'
test_unary_ufuncs.py::TestUnaryUfuncsXPU::test_contig_vs_every_other_logical_not_xpu_complex64 ... RuntimeError: "logical_not_dpcpp" not implemented for 'ComplexFloat'
test_unary_ufuncs.py::TestUnaryUfuncsXPU::test_contig_vs_every_other_neg_xpu_complex64 ... RuntimeError: "neg_out" not implemented for 'ComplexFloat'
test_unary_ufuncs.py::TestUnaryUfuncsXPU::test_contig_vs_every_other_polygamma_polygamma_n_0_xpu_int64 ... RuntimeError: "digamma_xpu" not implemented for 'Long'
test_unary_ufuncs.py::TestUnaryUfuncsXPU::test_contig_vs_every_other_polygamma_polygamma_n_0_xpu_uint8 ... RuntimeError: "digamma_xpu" not implemented for 'Byte'
test_unary_ufuncs.py::TestUnaryUfuncsXPU::test_contig_vs_every_other_polygamma_polygamma_n_1_xpu_int64 ... RuntimeError: "trigamma_xpu" not implemented for 'Long'
test_unary_ufuncs.py::TestUnaryUfuncsXPU::test_contig_vs_every_other_polygamma_polygamma_n_1_xpu_uint8 ... RuntimeError: "trigamma_xpu" not implemented for 'Byte'
test_unary_ufuncs.py::TestUnaryUfuncsXPU::test_contig_vs_every_other_polygamma_polygamma_n_2_xpu_int64 ... RuntimeError: "polygamma_xpu" not implemented for 'Long'
test_unary_ufuncs.py::TestUnaryUfuncsXPU::test_contig_vs_every_other_polygamma_polygamma_n_2_xpu_uint8 ... RuntimeError: "polygamma_xpu" not implemented for 'Byte'
test_unary_ufuncs.py::TestUnaryUfuncsXPU::test_contig_vs_every_other_polygamma_polygamma_n_3_xpu_int64 ... RuntimeError: "polygamma_xpu" not implemented for 'Long'
test_unary_ufuncs.py::TestUnaryUfuncsXPU::test_contig_vs_every_other_polygamma_polygamma_n_3_xpu_uint8 ... RuntimeError: "polygamma_xpu" not implemented for 'Byte'
test_unary_ufuncs.py::TestUnaryUfuncsXPU::test_contig_vs_every_other_polygamma_polygamma_n_4_xpu_int64 ... RuntimeError: "polygamma_xpu" not implemented for 'Long'
test_unary_ufuncs.py::TestUnaryUfuncsXPU::test_contig_vs_every_other_polygamma_polygamma_n_4_xpu_uint8 ... RuntimeError: "polygamma_xpu" not implemented for 'Byte'
test_unary_ufuncs.py::TestUnaryUfuncsXPU::test_contig_vs_every_other_positive_xpu_complex64 ... RuntimeError: "eq_dpcpp" not implemented for 'ComplexFloat'
test_unary_ufuncs.py::TestUnaryUfuncsXPU::test_contig_vs_every_other_reciprocal_xpu_complex64 ... RuntimeError: "reciprocal_xpu" not implemented for 'ComplexFloat'
test_unary_ufuncs.py::TestUnaryUfuncsXPU::test_contig_vs_every_other_reciprocal_xpu_int64 ... RuntimeError: Found dtype Float but expected Long
test_unary_ufuncs.py::TestUnaryUfuncsXPU::test_contig_vs_every_other_reciprocal_xpu_uint8 ... RuntimeError: Found dtype Float but expected Byte
test_unary_ufuncs.py::TestUnaryUfuncsXPU::test_contig_vs_every_other_rsqrt_xpu_complex64 ... RuntimeError: "rsqrt_out" not implemented for 'ComplexFloat'
test_unary_ufuncs.py::TestUnaryUfuncsXPU::test_contig_vs_every_other_rsqrt_xpu_int64 ... RuntimeError: "rsqrt_out" not implemented for 'Long'
test_unary_ufuncs.py::TestUnaryUfuncsXPU::test_contig_vs_every_other_rsqrt_xpu_uint8 ... RuntimeError: "rsqrt_out" not implemented for 'Byte'
test_unary_ufuncs.py::TestUnaryUfuncsXPU::test_contig_vs_every_other_sgn_xpu_complex64 ... RuntimeError: "sgn_out" not implemented for 'ComplexFloat'
test_unary_ufuncs.py::TestUnaryUfuncsXPU::test_contig_vs_every_other_sgn_xpu_int64 ... RuntimeError: "sgn_out" not implemented for 'Long'
test_unary_ufuncs.py::TestUnaryUfuncsXPU::test_contig_vs_every_other_sgn_xpu_uint8 ... RuntimeError: "sgn_out" not implemented for 'Byte'
test_unary_ufuncs.py::TestUnaryUfuncsXPU::test_contig_vs_every_other_sigmoid_xpu_complex64 ... RuntimeError: "_sigmoid_out" not implemented for 'ComplexFloat'
test_unary_ufuncs.py::TestUnaryUfuncsXPU::test_contig_vs_every_other_sigmoid_xpu_int64 ... RuntimeError: "_sigmoid_out" not implemented for 'Long'
test_unary_ufuncs.py::TestUnaryUfuncsXPU::test_contig_vs_every_other_sigmoid_xpu_uint8 ... RuntimeError: "_sigmoid_out" not implemented for 'Byte'
test_unary_ufuncs.py::TestUnaryUfuncsXPU::test_contig_vs_every_other_sin_xpu_complex64 ... RuntimeError: "sin_out" not implemented for 'ComplexFloat'
test_unary_ufuncs.py::TestUnaryUfuncsXPU::test_contig_vs_every_other_sin_xpu_int64 ... RuntimeError: "sin_out" not implemented for 'Long'
test_unary_ufuncs.py::TestUnaryUfuncsXPU::test_contig_vs_every_other_sin_xpu_uint8 ... RuntimeError: "sin_out" not implemented for 'Byte'
test_unary_ufuncs.py::TestUnaryUfuncsXPU::test_contig_vs_every_other_sinh_xpu_complex64 ... RuntimeError: "sinh_out" not implemented for 'ComplexFloat'
test_unary_ufuncs.py::TestUnaryUfuncsXPU::test_contig_vs_every_other_sinh_xpu_int64 ... RuntimeError: "sinh_out" not implemented for 'Long'
test_unary_ufuncs.py::TestUnaryUfuncsXPU::test_contig_vs_every_other_sinh_xpu_uint8 ... RuntimeError: "sinh_out" not implemented for 'Byte'
test_unary_ufuncs.py::TestUnaryUfuncsXPU::test_contig_vs_every_other_special_polygamma_special_polygamma_n_0_xpu_bfloat16 ... RuntimeError: "digamma_xpu" not implemented for 'BFloat16'
test_unary_ufuncs.py::TestUnaryUfuncsXPU::test_contig_vs_every_other_special_polygamma_special_polygamma_n_0_xpu_int64 ... RuntimeError: "digamma_xpu" not implemented for 'Long'
test_unary_ufuncs.py::TestUnaryUfuncsXPU::test_contig_vs_every_other_special_polygamma_special_polygamma_n_0_xpu_uint8 ... RuntimeError: "digamma_xpu" not implemented for 'Byte'
test_unary_ufuncs.py::TestUnaryUfuncsXPU::test_contig_vs_every_other_tan_xpu_complex64 ... RuntimeError: "tan_out" not implemented for 'ComplexFloat'
test_unary_ufuncs.py::TestUnaryUfuncsXPU::test_contig_vs_every_other_tan_xpu_int64 ... RuntimeError: "tan_out" not implemented for 'Long'
test_unary_ufuncs.py::TestUnaryUfuncsXPU::test_contig_vs_every_other_tan_xpu_uint8 ... RuntimeError: "tan_out" not implemented for 'Byte'
test_unary_ufuncs.py::TestUnaryUfuncsXPU::test_contig_vs_every_other_tanh_xpu_complex64 ... RuntimeError: "tanh_out" not implemented for 'ComplexFloat'
test_unary_ufuncs.py::TestUnaryUfuncsXPU::test_contig_vs_every_other_tanh_xpu_int64 ... RuntimeError: "tanh_out" not implemented for 'Long'
test_unary_ufuncs.py::TestUnaryUfuncsXPU::test_contig_vs_every_other_tanh_xpu_uint8 ... RuntimeError: "tanh_out" not implemented for 'Byte'
test_unary_ufuncs.py::TestUnaryUfuncsXPU::test_contig_vs_transposed_abs_xpu_complex64 ... RuntimeError: "abs_out" not implemented for 'ComplexFloat'
test_unary_ufuncs.py::TestUnaryUfuncsXPU::test_contig_vs_transposed_acos_xpu_complex64 ... RuntimeError: "acos_out" not implemented for 'ComplexFloat'
test_unary_ufuncs.py::TestUnaryUfuncsXPU::test_contig_vs_transposed_acos_xpu_int64 ... RuntimeError: "acos_out" not implemented for 'Long'
test_unary_ufuncs.py::TestUnaryUfuncsXPU::test_contig_vs_transposed_acos_xpu_uint8 ... RuntimeError: "acos_out" not implemented for 'Byte'
test_unary_ufuncs.py::TestUnaryUfuncsXPU::test_contig_vs_transposed_asin_xpu_complex64 ... RuntimeError: "asin_out" not implemented for 'ComplexFloat'
test_unary_ufuncs.py::TestUnaryUfuncsXPU::test_contig_vs_transposed_asin_xpu_int64 ... RuntimeError: "asin_out" not implemented for 'Long'
test_unary_ufuncs.py::TestUnaryUfuncsXPU::test_contig_vs_transposed_asin_xpu_uint8 ... RuntimeError: "asin_out" not implemented for 'Byte'
test_unary_ufuncs.py::TestUnaryUfuncsXPU::test_contig_vs_transposed_atan_xpu_complex64 ... RuntimeError: "atan_out" not implemented for 'ComplexFloat'
test_unary_ufuncs.py::TestUnaryUfuncsXPU::test_contig_vs_transposed_atan_xpu_int64 ... RuntimeError: "atan_out" not implemented for 'Long'
test_unary_ufuncs.py::TestUnaryUfuncsXPU::test_contig_vs_transposed_atan_xpu_uint8 ... RuntimeError: "atan_out" not implemented for 'Byte'
test_unary_ufuncs.py::TestUnaryUfuncsXPU::test_contig_vs_transposed_conj_xpu_complex64 ... RuntimeError: "eq_dpcpp" not implemented for 'ComplexFloat'
test_unary_ufuncs.py::TestUnaryUfuncsXPU::test_contig_vs_transposed_cos_xpu_complex64 ... RuntimeError: "cos_out" not implemented for 'ComplexFloat'
test_unary_ufuncs.py::TestUnaryUfuncsXPU::test_contig_vs_transposed_cos_xpu_int64 ... RuntimeError: "cos_out" not implemented for 'Long'
test_unary_ufuncs.py::TestUnaryUfuncsXPU::test_contig_vs_transposed_cos_xpu_uint8 ... RuntimeError: "cos_out" not implemented for 'Byte'
test_unary_ufuncs.py::TestUnaryUfuncsXPU::test_contig_vs_transposed_cosh_xpu_complex64 ... RuntimeError: "cosh_out" not implemented for 'ComplexFloat'
test_unary_ufuncs.py::TestUnaryUfuncsXPU::test_contig_vs_transposed_cosh_xpu_int64 ... RuntimeError: "cosh_out" not implemented for 'Long'
test_unary_ufuncs.py::TestUnaryUfuncsXPU::test_contig_vs_transposed_cosh_xpu_uint8 ... RuntimeError: "cosh_out" not implemented for 'Byte'
test_unary_ufuncs.py::TestUnaryUfuncsXPU::test_contig_vs_transposed_digamma_xpu_int64 ... RuntimeError: "digamma_xpu" not implemented for 'Long'
test_unary_ufuncs.py::TestUnaryUfuncsXPU::test_contig_vs_transposed_digamma_xpu_uint8 ... RuntimeError: "digamma_xpu" not implemented for 'Byte'
test_unary_ufuncs.py::TestUnaryUfuncsXPU::test_contig_vs_transposed_erf_xpu_int64 ... RuntimeError: "erf_out" not implemented for 'Long'
test_unary_ufuncs.py::TestUnaryUfuncsXPU::test_contig_vs_transposed_erf_xpu_uint8 ... RuntimeError: "erf_out" not implemented for 'Byte'
test_unary_ufuncs.py::TestUnaryUfuncsXPU::test_contig_vs_transposed_erfc_xpu_int64 ... RuntimeError: "erfc_out" not implemented for 'Long'
test_unary_ufuncs.py::TestUnaryUfuncsXPU::test_contig_vs_transposed_erfc_xpu_uint8 ... RuntimeError: "erfc_out" not implemented for 'Byte'
test_unary_ufuncs.py::TestUnaryUfuncsXPU::test_contig_vs_transposed_erfinv_xpu_bfloat16 ... RuntimeError: "erfinv_out" not implemented for 'BFloat16'
test_unary_ufuncs.py::TestUnaryUfuncsXPU::test_contig_vs_transposed_erfinv_xpu_int64 ... RuntimeError: "erfinv_out" not implemented for 'Long'
test_unary_ufuncs.py::TestUnaryUfuncsXPU::test_contig_vs_transposed_erfinv_xpu_uint8 ... RuntimeError: "erfinv_out" not implemented for 'Byte'
test_unary_ufuncs.py::TestUnaryUfuncsXPU::test_contig_vs_transposed_exp_xpu_complex64 ... RuntimeError: "exp_out" not implemented for 'ComplexFloat'
test_unary_ufuncs.py::TestUnaryUfuncsXPU::test_contig_vs_transposed_exp_xpu_int64 ... RuntimeError: "exp_out" not implemented for 'Long'
test_unary_ufuncs.py::TestUnaryUfuncsXPU::test_contig_vs_transposed_exp_xpu_uint8 ... RuntimeError: "exp_out" not implemented for 'Byte'
test_unary_ufuncs.py::TestUnaryUfuncsXPU::test_contig_vs_transposed_expm1_xpu_int64 ... RuntimeError: "expm1_out" not implemented for 'Long'
test_unary_ufuncs.py::TestUnaryUfuncsXPU::test_contig_vs_transposed_expm1_xpu_uint8 ... RuntimeError: "expm1_out" not implemented for 'Byte'
test_unary_ufuncs.py::TestUnaryUfuncsXPU::test_contig_vs_transposed_frac_xpu_bfloat16 ... RuntimeError: "frac_xpu" not implemented for 'BFloat16'
test_unary_ufuncs.py::TestUnaryUfuncsXPU::test_contig_vs_transposed_log10_xpu_complex64 ... RuntimeError: "log10_out" not implemented for 'ComplexFloat'
test_unary_ufuncs.py::TestUnaryUfuncsXPU::test_contig_vs_transposed_log10_xpu_int64 ... RuntimeError: "log10_out" not implemented for 'Long'
test_unary_ufuncs.py::TestUnaryUfuncsXPU::test_contig_vs_transposed_log10_xpu_uint8 ... RuntimeError: "log10_out" not implemented for 'Byte'
test_unary_ufuncs.py::TestUnaryUfuncsXPU::test_contig_vs_transposed_log1p_xpu_int64 ... RuntimeError: "log1p_out" not implemented for 'Long'
test_unary_ufuncs.py::TestUnaryUfuncsXPU::test_contig_vs_transposed_log1p_xpu_uint8 ... RuntimeError: "log1p_out" not implemented for 'Byte'
test_unary_ufuncs.py::TestUnaryUfuncsXPU::test_contig_vs_transposed_log2_xpu_complex64 ... RuntimeError: "log2_out" not implemented for 'ComplexFloat'
test_unary_ufuncs.py::TestUnaryUfuncsXPU::test_contig_vs_transposed_log2_xpu_int64 ... RuntimeError: "log2_out" not implemented for 'Long'
test_unary_ufuncs.py::TestUnaryUfuncsXPU::test_contig_vs_transposed_log2_xpu_uint8 ... RuntimeError: "log2_out" not implemented for 'Byte'
test_unary_ufuncs.py::TestUnaryUfuncsXPU::test_contig_vs_transposed_log_xpu_complex64 ... RuntimeError: "log_out" not implemented for 'ComplexFloat'
test_unary_ufuncs.py::TestUnaryUfuncsXPU::test_contig_vs_transposed_log_xpu_int64 ... RuntimeError: "log_out" not implemented for 'Long'
test_unary_ufuncs.py::TestUnaryUfuncsXPU::test_contig_vs_transposed_log_xpu_uint8 ... RuntimeError: "log_out" not implemented for 'Byte'
test_unary_ufuncs.py::TestUnaryUfuncsXPU::test_contig_vs_transposed_logical_not_xpu_complex64 ... RuntimeError: "logical_not_dpcpp" not implemented for 'ComplexFloat'
test_unary_ufuncs.py::TestUnaryUfuncsXPU::test_contig_vs_transposed_neg_xpu_complex64 ... RuntimeError: "neg_out" not implemented for 'ComplexFloat'
test_unary_ufuncs.py::TestUnaryUfuncsXPU::test_contig_vs_transposed_polygamma_polygamma_n_0_xpu_int64 ... RuntimeError: "digamma_xpu" not implemented for 'Long'
test_unary_ufuncs.py::TestUnaryUfuncsXPU::test_contig_vs_transposed_polygamma_polygamma_n_0_xpu_uint8 ... RuntimeError: "digamma_xpu" not implemented for 'Byte'
test_unary_ufuncs.py::TestUnaryUfuncsXPU::test_contig_vs_transposed_polygamma_polygamma_n_1_xpu_int64 ... RuntimeError: "trigamma_xpu" not implemented for 'Long'
test_unary_ufuncs.py::TestUnaryUfuncsXPU::test_contig_vs_transposed_polygamma_polygamma_n_1_xpu_uint8 ... RuntimeError: "trigamma_xpu" not implemented for 'Byte'
test_unary_ufuncs.py::TestUnaryUfuncsXPU::test_contig_vs_transposed_polygamma_polygamma_n_2_xpu_int64 ... RuntimeError: "polygamma_xpu" not implemented for 'Long'
test_unary_ufuncs.py::TestUnaryUfuncsXPU::test_contig_vs_transposed_polygamma_polygamma_n_2_xpu_uint8 ... RuntimeError: "polygamma_xpu" not implemented for 'Byte'
test_unary_ufuncs.py::TestUnaryUfuncsXPU::test_contig_vs_transposed_polygamma_polygamma_n_3_xpu_int64 ... RuntimeError: "polygamma_xpu" not implemented for 'Long'
test_unary_ufuncs.py::TestUnaryUfuncsXPU::test_contig_vs_transposed_polygamma_polygamma_n_3_xpu_uint8 ... RuntimeError: "polygamma_xpu" not implemented for 'Byte'
test_unary_ufuncs.py::TestUnaryUfuncsXPU::test_contig_vs_transposed_polygamma_polygamma_n_4_xpu_int64 ... RuntimeError: "polygamma_xpu" not implemented for 'Long'
test_unary_ufuncs.py::TestUnaryUfuncsXPU::test_contig_vs_transposed_polygamma_polygamma_n_4_xpu_uint8 ... RuntimeError: "polygamma_xpu" not implemented for 'Byte'
test_unary_ufuncs.py::TestUnaryUfuncsXPU::test_contig_vs_transposed_positive_xpu_complex64 ... RuntimeError: "eq_dpcpp" not implemented for 'ComplexFloat'
test_unary_ufuncs.py::TestUnaryUfuncsXPU::test_contig_vs_transposed_reciprocal_xpu_complex64 ... RuntimeError: "reciprocal_xpu" not implemented for 'ComplexFloat'
test_unary_ufuncs.py::TestUnaryUfuncsXPU::test_contig_vs_transposed_reciprocal_xpu_int64 ... RuntimeError: Found dtype Float but expected Long
test_unary_ufuncs.py::TestUnaryUfuncsXPU::test_contig_vs_transposed_reciprocal_xpu_uint8 ... RuntimeError: Found dtype Float but expected Byte
test_unary_ufuncs.py::TestUnaryUfuncsXPU::test_contig_vs_transposed_rsqrt_xpu_complex64 ... RuntimeError: "rsqrt_out" not implemented for 'ComplexFloat'
test_unary_ufuncs.py::TestUnaryUfuncsXPU::test_contig_vs_transposed_rsqrt_xpu_int64 ... RuntimeError: "rsqrt_out" not implemented for 'Long'
test_unary_ufuncs.py::TestUnaryUfuncsXPU::test_contig_vs_transposed_rsqrt_xpu_uint8 ... RuntimeError: "rsqrt_out" not implemented for 'Byte'
test_unary_ufuncs.py::TestUnaryUfuncsXPU::test_contig_vs_transposed_sgn_xpu_complex64 ... RuntimeError: "sgn_out" not implemented for 'ComplexFloat'
test_unary_ufuncs.py::TestUnaryUfuncsXPU::test_contig_vs_transposed_sgn_xpu_int64 ... RuntimeError: "sgn_out" not implemented for 'Long'
test_unary_ufuncs.py::TestUnaryUfuncsXPU::test_contig_vs_transposed_sgn_xpu_uint8 ... RuntimeError: "sgn_out" not implemented for 'Byte'
test_unary_ufuncs.py::TestUnaryUfuncsXPU::test_contig_vs_transposed_sigmoid_xpu_complex64 ... RuntimeError: "_sigmoid_out" not implemented for 'ComplexFloat'
test_unary_ufuncs.py::TestUnaryUfuncsXPU::test_contig_vs_transposed_sigmoid_xpu_int64 ... RuntimeError: "_sigmoid_out" not implemented for 'Long'
test_unary_ufuncs.py::TestUnaryUfuncsXPU::test_contig_vs_transposed_sigmoid_xpu_uint8 ... RuntimeError: "_sigmoid_out" not implemented for 'Byte'
test_unary_ufuncs.py::TestUnaryUfuncsXPU::test_contig_vs_transposed_sin_xpu_complex64 ... RuntimeError: "sin_out" not implemented for 'ComplexFloat'
test_unary_ufuncs.py::TestUnaryUfuncsXPU::test_contig_vs_transposed_sin_xpu_int64 ... RuntimeError: "sin_out" not implemented for 'Long'
test_unary_ufuncs.py::TestUnaryUfuncsXPU::test_contig_vs_transposed_sin_xpu_uint8 ... RuntimeError: "sin_out" not implemented for 'Byte'
test_unary_ufuncs.py::TestUnaryUfuncsXPU::test_contig_vs_transposed_sinh_xpu_complex64 ... RuntimeError: "sinh_out" not implemented for 'ComplexFloat'
test_unary_ufuncs.py::TestUnaryUfuncsXPU::test_contig_vs_transposed_sinh_xpu_int64 ... RuntimeError: "sinh_out" not implemented for 'Long'
test_unary_ufuncs.py::TestUnaryUfuncsXPU::test_contig_vs_transposed_sinh_xpu_uint8 ... RuntimeError: "sinh_out" not implemented for 'Byte'
test_unary_ufuncs.py::TestUnaryUfuncsXPU::test_contig_vs_transposed_special_polygamma_special_polygamma_n_0_xpu_bfloat16 ... RuntimeError: "digamma_xpu" not implemented for 'BFloat16'
test_unary_ufuncs.py::TestUnaryUfuncsXPU::test_contig_vs_transposed_special_polygamma_special_polygamma_n_0_xpu_int64 ... RuntimeError: "digamma_xpu" not implemented for 'Long'
test_unary_ufuncs.py::TestUnaryUfuncsXPU::test_contig_vs_transposed_special_polygamma_special_polygamma_n_0_xpu_uint8 ... RuntimeError: "digamma_xpu" not implemented for 'Byte'
test_unary_ufuncs.py::TestUnaryUfuncsXPU::test_contig_vs_transposed_tan_xpu_complex64 ... RuntimeError: "tan_out" not implemented for 'ComplexFloat'
test_unary_ufuncs.py::TestUnaryUfuncsXPU::test_contig_vs_transposed_tan_xpu_int64 ... RuntimeError: "tan_out" not implemented for 'Long'
test_unary_ufuncs.py::TestUnaryUfuncsXPU::test_contig_vs_transposed_tan_xpu_uint8 ... RuntimeError: "tan_out" not implemented for 'Byte'
test_unary_ufuncs.py::TestUnaryUfuncsXPU::test_contig_vs_transposed_tanh_xpu_complex64 ... RuntimeError: "tanh_out" not implemented for 'ComplexFloat'
test_unary_ufuncs.py::TestUnaryUfuncsXPU::test_contig_vs_transposed_tanh_xpu_int64 ... RuntimeError: "tanh_out" not implemented for 'Long'
test_unary_ufuncs.py::TestUnaryUfuncsXPU::test_contig_vs_transposed_tanh_xpu_uint8 ... RuntimeError: "tanh_out" not implemented for 'Byte'
test_unary_ufuncs.py::TestUnaryUfuncsXPU::test_non_contig_abs_xpu_complex64 ... RuntimeError: "abs_out" not implemented for 'ComplexFloat'
test_unary_ufuncs.py::TestUnaryUfuncsXPU::test_non_contig_acos_xpu_complex64 ... RuntimeError: "acos_out" not implemented for 'ComplexFloat'
test_unary_ufuncs.py::TestUnaryUfuncsXPU::test_non_contig_acos_xpu_int64 ... RuntimeError: "acos_out" not implemented for 'Long'
test_unary_ufuncs.py::TestUnaryUfuncsXPU::test_non_contig_acos_xpu_uint8 ... RuntimeError: "acos_out" not implemented for 'Byte'
test_unary_ufuncs.py::TestUnaryUfuncsXPU::test_non_contig_asin_xpu_complex64 ... RuntimeError: "asin_out" not implemented for 'ComplexFloat'
test_unary_ufuncs.py::TestUnaryUfuncsXPU::test_non_contig_asin_xpu_int64 ... RuntimeError: "asin_out" not implemented for 'Long'
test_unary_ufuncs.py::TestUnaryUfuncsXPU::test_non_contig_asin_xpu_uint8 ... RuntimeError: "asin_out" not implemented for 'Byte'
test_unary_ufuncs.py::TestUnaryUfuncsXPU::test_non_contig_atan_xpu_complex64 ... RuntimeError: "atan_out" not implemented for 'ComplexFloat'
test_unary_ufuncs.py::TestUnaryUfuncsXPU::test_non_contig_atan_xpu_int64 ... RuntimeError: "atan_out" not implemented for 'Long'
test_unary_ufuncs.py::TestUnaryUfuncsXPU::test_non_contig_atan_xpu_uint8 ... RuntimeError: "atan_out" not implemented for 'Byte'
test_unary_ufuncs.py::TestUnaryUfuncsXPU::test_non_contig_conj_xpu_complex64 ... RuntimeError: "eq_dpcpp" not implemented for 'ComplexFloat'
test_unary_ufuncs.py::TestUnaryUfuncsXPU::test_non_contig_cos_xpu_complex64 ... RuntimeError: "cos_out" not implemented for 'ComplexFloat'
test_unary_ufuncs.py::TestUnaryUfuncsXPU::test_non_contig_cos_xpu_int64 ... RuntimeError: "cos_out" not implemented for 'Long'
test_unary_ufuncs.py::TestUnaryUfuncsXPU::test_non_contig_cos_xpu_uint8 ... RuntimeError: "cos_out" not implemented for 'Byte'
test_unary_ufuncs.py::TestUnaryUfuncsXPU::test_non_contig_cosh_xpu_complex64 ... RuntimeError: "cosh_out" not implemented for 'ComplexFloat'
test_unary_ufuncs.py::TestUnaryUfuncsXPU::test_non_contig_cosh_xpu_int64 ... RuntimeError: "cosh_out" not implemented for 'Long'
test_unary_ufuncs.py::TestUnaryUfuncsXPU::test_non_contig_cosh_xpu_uint8 ... RuntimeError: "cosh_out" not implemented for 'Byte'
test_unary_ufuncs.py::TestUnaryUfuncsXPU::test_non_contig_digamma_xpu_int64 ... RuntimeError: "digamma_xpu" not implemented for 'Long'
test_unary_ufuncs.py::TestUnaryUfuncsXPU::test_non_contig_digamma_xpu_uint8 ... RuntimeError: "digamma_xpu" not implemented for 'Byte'
test_unary_ufuncs.py::TestUnaryUfuncsXPU::test_non_contig_erf_xpu_int64 ... RuntimeError: "erf_out" not implemented for 'Long'
test_unary_ufuncs.py::TestUnaryUfuncsXPU::test_non_contig_erf_xpu_uint8 ... RuntimeError: "erf_out" not implemented for 'Byte'
test_unary_ufuncs.py::TestUnaryUfuncsXPU::test_non_contig_erfc_xpu_int64 ... RuntimeError: "erfc_out" not implemented for 'Long'
test_unary_ufuncs.py::TestUnaryUfuncsXPU::test_non_contig_erfc_xpu_uint8 ... RuntimeError: "erfc_out" not implemented for 'Byte'
test_unary_ufuncs.py::TestUnaryUfuncsXPU::test_non_contig_erfinv_xpu_bfloat16 ... RuntimeError: "erfinv_out" not implemented for 'BFloat16'
test_unary_ufuncs.py::TestUnaryUfuncsXPU::test_non_contig_erfinv_xpu_int64 ... RuntimeError: "erfinv_out" not implemented for 'Long'
test_unary_ufuncs.py::TestUnaryUfuncsXPU::test_non_contig_erfinv_xpu_uint8 ... RuntimeError: "erfinv_out" not implemented for 'Byte'
test_unary_ufuncs.py::TestUnaryUfuncsXPU::test_non_contig_exp_xpu_complex64 ... RuntimeError: "exp_out" not implemented for 'ComplexFloat'
test_unary_ufuncs.py::TestUnaryUfuncsXPU::test_non_contig_exp_xpu_int64 ... RuntimeError: "exp_out" not implemented for 'Long'
test_unary_ufuncs.py::TestUnaryUfuncsXPU::test_non_contig_exp_xpu_uint8 ... RuntimeError: "exp_out" not implemented for 'Byte'
test_unary_ufuncs.py::TestUnaryUfuncsXPU::test_non_contig_expand_abs_xpu_complex64 ... RuntimeError: "abs_out" not implemented for 'ComplexFloat'
test_unary_ufuncs.py::TestUnaryUfuncsXPU::test_non_contig_expand_acos_xpu_complex64 ... RuntimeError: "acos_out" not implemented for 'ComplexFloat'
test_unary_ufuncs.py::TestUnaryUfuncsXPU::test_non_contig_expand_acos_xpu_int64 ... RuntimeError: "acos_out" not implemented for 'Long'
test_unary_ufuncs.py::TestUnaryUfuncsXPU::test_non_contig_expand_acos_xpu_uint8 ... RuntimeError: "acos_out" not implemented for 'Byte'
test_unary_ufuncs.py::TestUnaryUfuncsXPU::test_non_contig_expand_asin_xpu_complex64 ... RuntimeError: "asin_out" not implemented for 'ComplexFloat'
test_unary_ufuncs.py::TestUnaryUfuncsXPU::test_non_contig_expand_asin_xpu_int64 ... RuntimeError: "asin_out" not implemented for 'Long'
test_unary_ufuncs.py::TestUnaryUfuncsXPU::test_non_contig_expand_asin_xpu_uint8 ... RuntimeError: "asin_out" not implemented for 'Byte'
test_unary_ufuncs.py::TestUnaryUfuncsXPU::test_non_contig_expand_atan_xpu_complex64 ... RuntimeError: "atan_out" not implemented for 'ComplexFloat'
test_unary_ufuncs.py::TestUnaryUfuncsXPU::test_non_contig_expand_atan_xpu_int64 ... RuntimeError: "atan_out" not implemented for 'Long'
test_unary_ufuncs.py::TestUnaryUfuncsXPU::test_non_contig_expand_atan_xpu_uint8 ... RuntimeError: "atan_out" not implemented for 'Byte'
test_unary_ufuncs.py::TestUnaryUfuncsXPU::test_non_contig_expand_conj_xpu_complex64 ... RuntimeError: "eq_dpcpp" not implemented for 'ComplexFloat'
test_unary_ufuncs.py::TestUnaryUfuncsXPU::test_non_contig_expand_cos_xpu_complex64 ... RuntimeError: "cos_out" not implemented for 'ComplexFloat'
test_unary_ufuncs.py::TestUnaryUfuncsXPU::test_non_contig_expand_cos_xpu_int64 ... RuntimeError: "cos_out" not implemented for 'Long'
test_unary_ufuncs.py::TestUnaryUfuncsXPU::test_non_contig_expand_cos_xpu_uint8 ... RuntimeError: "cos_out" not implemented for 'Byte'
test_unary_ufuncs.py::TestUnaryUfuncsXPU::test_non_contig_expand_cosh_xpu_complex64 ... RuntimeError: "cosh_out" not implemented for 'ComplexFloat'
test_unary_ufuncs.py::TestUnaryUfuncsXPU::test_non_contig_expand_cosh_xpu_int64 ... RuntimeError: "cosh_out" not implemented for 'Long'
test_unary_ufuncs.py::TestUnaryUfuncsXPU::test_non_contig_expand_cosh_xpu_uint8 ... RuntimeError: "cosh_out" not implemented for 'Byte'
test_unary_ufuncs.py::TestUnaryUfuncsXPU::test_non_contig_expand_digamma_xpu_int64 ... RuntimeError: "digamma_xpu" not implemented for 'Long'
test_unary_ufuncs.py::TestUnaryUfuncsXPU::test_non_contig_expand_digamma_xpu_uint8 ... RuntimeError: "digamma_xpu" not implemented for 'Byte'
test_unary_ufuncs.py::TestUnaryUfuncsXPU::test_non_contig_expand_erf_xpu_int64 ... RuntimeError: "erf_out" not implemented for 'Long'
test_unary_ufuncs.py::TestUnaryUfuncsXPU::test_non_contig_expand_erf_xpu_uint8 ... RuntimeError: "erf_out" not implemented for 'Byte'
test_unary_ufuncs.py::TestUnaryUfuncsXPU::test_non_contig_expand_erfc_xpu_int64 ... RuntimeError: "erfc_out" not implemented for 'Long'
test_unary_ufuncs.py::TestUnaryUfuncsXPU::test_non_contig_expand_erfc_xpu_uint8 ... RuntimeError: "erfc_out" not implemented for 'Byte'
test_unary_ufuncs.py::TestUnaryUfuncsXPU::test_non_contig_expand_erfinv_xpu_bfloat16 ... RuntimeError: "erfinv_out" not implemented for 'BFloat16'
test_unary_ufuncs.py::TestUnaryUfuncsXPU::test_non_contig_expand_erfinv_xpu_int64 ... RuntimeError: "erfinv_out" not implemented for 'Long'
test_unary_ufuncs.py::TestUnaryUfuncsXPU::test_non_contig_expand_erfinv_xpu_uint8 ... RuntimeError: "erfinv_out" not implemented for 'Byte'
test_unary_ufuncs.py::TestUnaryUfuncsXPU::test_non_contig_expand_exp_xpu_complex64 ... RuntimeError: "exp_out" not implemented for 'ComplexFloat'
test_unary_ufuncs.py::TestUnaryUfuncsXPU::test_non_contig_expand_exp_xpu_int64 ... RuntimeError: "exp_out" not implemented for 'Long'
test_unary_ufuncs.py::TestUnaryUfuncsXPU::test_non_contig_expand_exp_xpu_uint8 ... RuntimeError: "exp_out" not implemented for 'Byte'
test_unary_ufuncs.py::TestUnaryUfuncsXPU::test_non_contig_expand_expm1_xpu_int64 ... RuntimeError: "expm1_out" not implemented for 'Long'
test_unary_ufuncs.py::TestUnaryUfuncsXPU::test_non_contig_expand_expm1_xpu_uint8 ... RuntimeError: "expm1_out" not implemented for 'Byte'
test_unary_ufuncs.py::TestUnaryUfuncsXPU::test_non_contig_expand_frac_xpu_bfloat16 ... RuntimeError: "frac_xpu" not implemented for 'BFloat16'
test_unary_ufuncs.py::TestUnaryUfuncsXPU::test_non_contig_expand_log10_xpu_complex64 ... RuntimeError: "log10_out" not implemented for 'ComplexFloat'
test_unary_ufuncs.py::TestUnaryUfuncsXPU::test_non_contig_expand_log10_xpu_int64 ... RuntimeError: "log10_out" not implemented for 'Long'
test_unary_ufuncs.py::TestUnaryUfuncsXPU::test_non_contig_expand_log10_xpu_uint8 ... RuntimeError: "log10_out" not implemented for 'Byte'
test_unary_ufuncs.py::TestUnaryUfuncsXPU::test_non_contig_expand_log1p_xpu_int64 ... RuntimeError: "log1p_out" not implemented for 'Long'
test_unary_ufuncs.py::TestUnaryUfuncsXPU::test_non_contig_expand_log1p_xpu_uint8 ... RuntimeError: "log1p_out" not implemented for 'Byte'
test_unary_ufuncs.py::TestUnaryUfuncsXPU::test_non_contig_expand_log2_xpu_complex64 ... RuntimeError: "log2_out" not implemented for 'ComplexFloat'
test_unary_ufuncs.py::TestUnaryUfuncsXPU::test_non_contig_expand_log2_xpu_int64 ... RuntimeError: "log2_out" not implemented for 'Long'
test_unary_ufuncs.py::TestUnaryUfuncsXPU::test_non_contig_expand_log2_xpu_uint8 ... RuntimeError: "log2_out" not implemented for 'Byte'
test_unary_ufuncs.py::TestUnaryUfuncsXPU::test_non_contig_expand_log_xpu_complex64 ... RuntimeError: "log_out" not implemented for 'ComplexFloat'
test_unary_ufuncs.py::TestUnaryUfuncsXPU::test_non_contig_expand_log_xpu_int64 ... RuntimeError: "log_out" not implemented for 'Long'
test_unary_ufuncs.py::TestUnaryUfuncsXPU::test_non_contig_expand_log_xpu_uint8 ... RuntimeError: "log_out" not implemented for 'Byte'
test_unary_ufuncs.py::TestUnaryUfuncsXPU::test_non_contig_expand_logical_not_xpu_complex64 ... RuntimeError: "logical_not_dpcpp" not implemented for 'ComplexFloat'
test_unary_ufuncs.py::TestUnaryUfuncsXPU::test_non_contig_expand_neg_xpu_complex64 ... RuntimeError: "neg_out" not implemented for 'ComplexFloat'
test_unary_ufuncs.py::TestUnaryUfuncsXPU::test_non_contig_expand_polygamma_polygamma_n_0_xpu_int64 ... RuntimeError: "digamma_xpu" not implemented for 'Long'
test_unary_ufuncs.py::TestUnaryUfuncsXPU::test_non_contig_expand_polygamma_polygamma_n_0_xpu_uint8 ... RuntimeError: "digamma_xpu" not implemented for 'Byte'
test_unary_ufuncs.py::TestUnaryUfuncsXPU::test_non_contig_expand_polygamma_polygamma_n_1_xpu_int64 ... RuntimeError: "trigamma_xpu" not implemented for 'Long'
test_unary_ufuncs.py::TestUnaryUfuncsXPU::test_non_contig_expand_polygamma_polygamma_n_1_xpu_uint8 ... RuntimeError: "trigamma_xpu" not implemented for 'Byte'
test_unary_ufuncs.py::TestUnaryUfuncsXPU::test_non_contig_expand_polygamma_polygamma_n_2_xpu_int64 ... RuntimeError: "polygamma_xpu" not implemented for 'Long'
test_unary_ufuncs.py::TestUnaryUfuncsXPU::test_non_contig_expand_polygamma_polygamma_n_2_xpu_uint8 ... RuntimeError: "polygamma_xpu" not implemented for 'Byte'
test_unary_ufuncs.py::TestUnaryUfuncsXPU::test_non_contig_expand_polygamma_polygamma_n_3_xpu_int64 ... RuntimeError: "polygamma_xpu" not implemented for 'Long'
test_unary_ufuncs.py::TestUnaryUfuncsXPU::test_non_contig_expand_polygamma_polygamma_n_3_xpu_uint8 ... RuntimeError: "polygamma_xpu" not implemented for 'Byte'
test_unary_ufuncs.py::TestUnaryUfuncsXPU::test_non_contig_expand_polygamma_polygamma_n_4_xpu_int64 ... RuntimeError: "polygamma_xpu" not implemented for 'Long'
test_unary_ufuncs.py::TestUnaryUfuncsXPU::test_non_contig_expand_polygamma_polygamma_n_4_xpu_uint8 ... RuntimeError: "polygamma_xpu" not implemented for 'Byte'
test_unary_ufuncs.py::TestUnaryUfuncsXPU::test_non_contig_expand_positive_xpu_complex64 ... RuntimeError: "eq_dpcpp" not implemented for 'ComplexFloat'
test_unary_ufuncs.py::TestUnaryUfuncsXPU::test_non_contig_expand_reciprocal_xpu_complex64 ... RuntimeError: "reciprocal_xpu" not implemented for 'ComplexFloat'
test_unary_ufuncs.py::TestUnaryUfuncsXPU::test_non_contig_expand_reciprocal_xpu_int64 ... RuntimeError: Found dtype Float but expected Long
test_unary_ufuncs.py::TestUnaryUfuncsXPU::test_non_contig_expand_reciprocal_xpu_uint8 ... RuntimeError: Found dtype Float but expected Byte
test_unary_ufuncs.py::TestUnaryUfuncsXPU::test_non_contig_expand_rsqrt_xpu_complex64 ... RuntimeError: "rsqrt_out" not implemented for 'ComplexFloat'
test_unary_ufuncs.py::TestUnaryUfuncsXPU::test_non_contig_expand_rsqrt_xpu_int64 ... RuntimeError: "rsqrt_out" not implemented for 'Long'
test_unary_ufuncs.py::TestUnaryUfuncsXPU::test_non_contig_expand_rsqrt_xpu_uint8 ... RuntimeError: "rsqrt_out" not implemented for 'Byte'
test_unary_ufuncs.py::TestUnaryUfuncsXPU::test_non_contig_expand_sgn_xpu_complex64 ... RuntimeError: "sgn_out" not implemented for 'ComplexFloat'
test_unary_ufuncs.py::TestUnaryUfuncsXPU::test_non_contig_expand_sgn_xpu_int64 ... RuntimeError: "sgn_out" not implemented for 'Long'
test_unary_ufuncs.py::TestUnaryUfuncsXPU::test_non_contig_expand_sgn_xpu_uint8 ... RuntimeError: "sgn_out" not implemented for 'Byte'
test_unary_ufuncs.py::TestUnaryUfuncsXPU::test_non_contig_expand_sigmoid_xpu_complex64 ... RuntimeError: "_sigmoid_out" not implemented for 'ComplexFloat'
test_unary_ufuncs.py::TestUnaryUfuncsXPU::test_non_contig_expand_sigmoid_xpu_int64 ... RuntimeError: "_sigmoid_out" not implemented for 'Long'
test_unary_ufuncs.py::TestUnaryUfuncsXPU::test_non_contig_expand_sigmoid_xpu_uint8 ... RuntimeError: "_sigmoid_out" not implemented for 'Byte'
test_unary_ufuncs.py::TestUnaryUfuncsXPU::test_non_contig_expand_sin_xpu_complex64 ... RuntimeError: "sin_out" not implemented for 'ComplexFloat'
test_unary_ufuncs.py::TestUnaryUfuncsXPU::test_non_contig_expand_sin_xpu_int64 ... RuntimeError: "sin_out" not implemented for 'Long'
test_unary_ufuncs.py::TestUnaryUfuncsXPU::test_non_contig_expand_sin_xpu_uint8 ... RuntimeError: "sin_out" not implemented for 'Byte'
test_unary_ufuncs.py::TestUnaryUfuncsXPU::test_non_contig_expand_sinh_xpu_complex64 ... RuntimeError: "sinh_out" not implemented for 'ComplexFloat'
test_unary_ufuncs.py::TestUnaryUfuncsXPU::test_non_contig_expand_sinh_xpu_int64 ... RuntimeError: "sinh_out" not implemented for 'Long'
test_unary_ufuncs.py::TestUnaryUfuncsXPU::test_non_contig_expand_sinh_xpu_uint8 ... RuntimeError: "sinh_out" not implemented for 'Byte'
test_unary_ufuncs.py::TestUnaryUfuncsXPU::test_non_contig_expand_special_polygamma_special_polygamma_n_0_xpu_bfloat16 ... RuntimeError: "digamma_xpu" not implemented for 'BFloat16'
test_unary_ufuncs.py::TestUnaryUfuncsXPU::test_non_contig_expand_special_polygamma_special_polygamma_n_0_xpu_int64 ... RuntimeError: "digamma_xpu" not implemented for 'Long'
test_unary_ufuncs.py::TestUnaryUfuncsXPU::test_non_contig_expand_special_polygamma_special_polygamma_n_0_xpu_uint8 ... RuntimeError: "digamma_xpu" not implemented for 'Byte'
test_unary_ufuncs.py::TestUnaryUfuncsXPU::test_non_contig_expand_tan_xpu_complex64 ... RuntimeError: "tan_out" not implemented for 'ComplexFloat'
test_unary_ufuncs.py::TestUnaryUfuncsXPU::test_non_contig_expand_tan_xpu_int64 ... RuntimeError: "tan_out" not implemented for 'Long'
test_unary_ufuncs.py::TestUnaryUfuncsXPU::test_non_contig_expand_tan_xpu_uint8 ... RuntimeError: "tan_out" not implemented for 'Byte'
test_unary_ufuncs.py::TestUnaryUfuncsXPU::test_non_contig_expand_tanh_xpu_complex64 ... RuntimeError: "tanh_out" not implemented for 'ComplexFloat'
test_unary_ufuncs.py::TestUnaryUfuncsXPU::test_non_contig_expand_tanh_xpu_int64 ... RuntimeError: "tanh_out" not implemented for 'Long'
test_unary_ufuncs.py::TestUnaryUfuncsXPU::test_non_contig_expand_tanh_xpu_uint8 ... RuntimeError: "tanh_out" not implemented for 'Byte'
test_unary_ufuncs.py::TestUnaryUfuncsXPU::test_non_contig_expm1_xpu_int64 ... RuntimeError: "expm1_out" not implemented for 'Long'
test_unary_ufuncs.py::TestUnaryUfuncsXPU::test_non_contig_expm1_xpu_uint8 ... RuntimeError: "expm1_out" not implemented for 'Byte'
test_unary_ufuncs.py::TestUnaryUfuncsXPU::test_non_contig_frac_xpu_bfloat16 ... RuntimeError: "frac_xpu" not implemented for 'BFloat16'
test_unary_ufuncs.py::TestUnaryUfuncsXPU::test_non_contig_index_abs_xpu_complex64 ... RuntimeError: "abs_out" not implemented for 'ComplexFloat'
test_unary_ufuncs.py::TestUnaryUfuncsXPU::test_non_contig_index_acos_xpu_complex64 ... RuntimeError: "acos_out" not implemented for 'ComplexFloat'
test_unary_ufuncs.py::TestUnaryUfuncsXPU::test_non_contig_index_acos_xpu_int64 ... RuntimeError: "acos_out" not implemented for 'Long'
test_unary_ufuncs.py::TestUnaryUfuncsXPU::test_non_contig_index_acos_xpu_uint8 ... RuntimeError: "acos_out" not implemented for 'Byte'
test_unary_ufuncs.py::TestUnaryUfuncsXPU::test_non_contig_index_asin_xpu_complex64 ... RuntimeError: "asin_out" not implemented for 'ComplexFloat'
test_unary_ufuncs.py::TestUnaryUfuncsXPU::test_non_contig_index_asin_xpu_int64 ... RuntimeError: "asin_out" not implemented for 'Long'
test_unary_ufuncs.py::TestUnaryUfuncsXPU::test_non_contig_index_asin_xpu_uint8 ... RuntimeError: "asin_out" not implemented for 'Byte'
test_unary_ufuncs.py::TestUnaryUfuncsXPU::test_non_contig_index_atan_xpu_complex64 ... RuntimeError: "atan_out" not implemented for 'ComplexFloat'
test_unary_ufuncs.py::TestUnaryUfuncsXPU::test_non_contig_index_atan_xpu_int64 ... RuntimeError: "atan_out" not implemented for 'Long'
test_unary_ufuncs.py::TestUnaryUfuncsXPU::test_non_contig_index_atan_xpu_uint8 ... RuntimeError: "atan_out" not implemented for 'Byte'
test_unary_ufuncs.py::TestUnaryUfuncsXPU::test_non_contig_index_conj_xpu_complex64 ... RuntimeError: "eq_dpcpp" not implemented for 'ComplexFloat'
test_unary_ufuncs.py::TestUnaryUfuncsXPU::test_non_contig_index_cos_xpu_complex64 ... RuntimeError: "cos_out" not implemented for 'ComplexFloat'
test_unary_ufuncs.py::TestUnaryUfuncsXPU::test_non_contig_index_cos_xpu_int64 ... RuntimeError: "cos_out" not implemented for 'Long'
test_unary_ufuncs.py::TestUnaryUfuncsXPU::test_non_contig_index_cos_xpu_uint8 ... RuntimeError: "cos_out" not implemented for 'Byte'
test_unary_ufuncs.py::TestUnaryUfuncsXPU::test_non_contig_index_cosh_xpu_complex64 ... RuntimeError: "cosh_out" not implemented for 'ComplexFloat'
test_unary_ufuncs.py::TestUnaryUfuncsXPU::test_non_contig_index_cosh_xpu_int64 ... RuntimeError: "cosh_out" not implemented for 'Long'
test_unary_ufuncs.py::TestUnaryUfuncsXPU::test_non_contig_index_cosh_xpu_uint8 ... RuntimeError: "cosh_out" not implemented for 'Byte'
test_unary_ufuncs.py::TestUnaryUfuncsXPU::test_non_contig_index_digamma_xpu_int64 ... RuntimeError: "digamma_xpu" not implemented for 'Long'
test_unary_ufuncs.py::TestUnaryUfuncsXPU::test_non_contig_index_digamma_xpu_uint8 ... RuntimeError: "digamma_xpu" not implemented for 'Byte'
test_unary_ufuncs.py::TestUnaryUfuncsXPU::test_non_contig_index_erf_xpu_int64 ... RuntimeError: "erf_out" not implemented for 'Long'
test_unary_ufuncs.py::TestUnaryUfuncsXPU::test_non_contig_index_erf_xpu_uint8 ... RuntimeError: "erf_out" not implemented for 'Byte'
test_unary_ufuncs.py::TestUnaryUfuncsXPU::test_non_contig_index_erfc_xpu_int64 ... RuntimeError: "erfc_out" not implemented for 'Long'
test_unary_ufuncs.py::TestUnaryUfuncsXPU::test_non_contig_index_erfc_xpu_uint8 ... RuntimeError: "erfc_out" not implemented for 'Byte'
test_unary_ufuncs.py::TestUnaryUfuncsXPU::test_non_contig_index_erfinv_xpu_bfloat16 ... RuntimeError: "erfinv_out" not implemented for 'BFloat16'
test_unary_ufuncs.py::TestUnaryUfuncsXPU::test_non_contig_index_erfinv_xpu_int64 ... RuntimeError: "erfinv_out" not implemented for 'Long'
test_unary_ufuncs.py::TestUnaryUfuncsXPU::test_non_contig_index_erfinv_xpu_uint8 ... RuntimeError: "erfinv_out" not implemented for 'Byte'
test_unary_ufuncs.py::TestUnaryUfuncsXPU::test_non_contig_index_exp_xpu_complex64 ... RuntimeError: "exp_out" not implemented for 'ComplexFloat'
test_unary_ufuncs.py::TestUnaryUfuncsXPU::test_non_contig_index_exp_xpu_int64 ... RuntimeError: "exp_out" not implemented for 'Long'
test_unary_ufuncs.py::TestUnaryUfuncsXPU::test_non_contig_index_exp_xpu_uint8 ... RuntimeError: "exp_out" not implemented for 'Byte'
test_unary_ufuncs.py::TestUnaryUfuncsXPU::test_non_contig_index_expm1_xpu_int64 ... RuntimeError: "expm1_out" not implemented for 'Long'
test_unary_ufuncs.py::TestUnaryUfuncsXPU::test_non_contig_index_expm1_xpu_uint8 ... RuntimeError: "expm1_out" not implemented for 'Byte'
test_unary_ufuncs.py::TestUnaryUfuncsXPU::test_non_contig_index_frac_xpu_bfloat16 ... RuntimeError: "frac_xpu" not implemented for 'BFloat16'
test_unary_ufuncs.py::TestUnaryUfuncsXPU::test_non_contig_index_log10_xpu_complex64 ... RuntimeError: "log10_out" not implemented for 'ComplexFloat'
test_unary_ufuncs.py::TestUnaryUfuncsXPU::test_non_contig_index_log10_xpu_int64 ... RuntimeError: "log10_out" not implemented for 'Long'
test_unary_ufuncs.py::TestUnaryUfuncsXPU::test_non_contig_index_log10_xpu_uint8 ... RuntimeError: "log10_out" not implemented for 'Byte'
test_unary_ufuncs.py::TestUnaryUfuncsXPU::test_non_contig_index_log1p_xpu_int64 ... RuntimeError: "log1p_out" not implemented for 'Long'
test_unary_ufuncs.py::TestUnaryUfuncsXPU::test_non_contig_index_log1p_xpu_uint8 ... RuntimeError: "log1p_out" not implemented for 'Byte'
test_unary_ufuncs.py::TestUnaryUfuncsXPU::test_non_contig_index_log2_xpu_complex64 ... RuntimeError: "log2_out" not implemented for 'ComplexFloat'
test_unary_ufuncs.py::TestUnaryUfuncsXPU::test_non_contig_index_log2_xpu_int64 ... RuntimeError: "log2_out" not implemented for 'Long'
test_unary_ufuncs.py::TestUnaryUfuncsXPU::test_non_contig_index_log2_xpu_uint8 ... RuntimeError: "log2_out" not implemented for 'Byte'
test_unary_ufuncs.py::TestUnaryUfuncsXPU::test_non_contig_index_log_xpu_complex64 ... RuntimeError: "log_out" not implemented for 'ComplexFloat'
test_unary_ufuncs.py::TestUnaryUfuncsXPU::test_non_contig_index_log_xpu_int64 ... RuntimeError: "log_out" not implemented for 'Long'
test_unary_ufuncs.py::TestUnaryUfuncsXPU::test_non_contig_index_log_xpu_uint8 ... RuntimeError: "log_out" not implemented for 'Byte'
test_unary_ufuncs.py::TestUnaryUfuncsXPU::test_non_contig_index_logical_not_xpu_complex64 ... RuntimeError: "logical_not_dpcpp" not implemented for 'ComplexFloat'
test_unary_ufuncs.py::TestUnaryUfuncsXPU::test_non_contig_index_neg_xpu_complex64 ... RuntimeError: "neg_out" not implemented for 'ComplexFloat'
test_unary_ufuncs.py::TestUnaryUfuncsXPU::test_non_contig_index_polygamma_polygamma_n_0_xpu_int64 ... RuntimeError: "digamma_xpu" not implemented for 'Long'
test_unary_ufuncs.py::TestUnaryUfuncsXPU::test_non_contig_index_polygamma_polygamma_n_0_xpu_uint8 ... RuntimeError: "digamma_xpu" not implemented for 'Byte'
test_unary_ufuncs.py::TestUnaryUfuncsXPU::test_non_contig_index_polygamma_polygamma_n_1_xpu_int64 ... RuntimeError: "trigamma_xpu" not implemented for 'Long'
test_unary_ufuncs.py::TestUnaryUfuncsXPU::test_non_contig_index_polygamma_polygamma_n_1_xpu_uint8 ... RuntimeError: "trigamma_xpu" not implemented for 'Byte'
test_unary_ufuncs.py::TestUnaryUfuncsXPU::test_non_contig_index_polygamma_polygamma_n_2_xpu_int64 ... RuntimeError: "polygamma_xpu" not implemented for 'Long'
test_unary_ufuncs.py::TestUnaryUfuncsXPU::test_non_contig_index_polygamma_polygamma_n_2_xpu_uint8 ... RuntimeError: "polygamma_xpu" not implemented for 'Byte'
test_unary_ufuncs.py::TestUnaryUfuncsXPU::test_non_contig_index_polygamma_polygamma_n_3_xpu_int64 ... RuntimeError: "polygamma_xpu" not implemented for 'Long'
test_unary_ufuncs.py::TestUnaryUfuncsXPU::test_non_contig_index_polygamma_polygamma_n_3_xpu_uint8 ... RuntimeError: "polygamma_xpu" not implemented for 'Byte'
test_unary_ufuncs.py::TestUnaryUfuncsXPU::test_non_contig_index_polygamma_polygamma_n_4_xpu_int64 ... RuntimeError: "polygamma_xpu" not implemented for 'Long'
test_unary_ufuncs.py::TestUnaryUfuncsXPU::test_non_contig_index_polygamma_polygamma_n_4_xpu_uint8 ... RuntimeError: "polygamma_xpu" not implemented for 'Byte'
test_unary_ufuncs.py::TestUnaryUfuncsXPU::test_non_contig_index_positive_xpu_complex64 ... RuntimeError: "eq_dpcpp" not implemented for 'ComplexFloat'
test_unary_ufuncs.py::TestUnaryUfuncsXPU::test_non_contig_index_reciprocal_xpu_complex64 ... RuntimeError: "reciprocal_xpu" not implemented for 'ComplexFloat'
test_unary_ufuncs.py::TestUnaryUfuncsXPU::test_non_contig_index_reciprocal_xpu_int64 ... RuntimeError: Found dtype Float but expected Long
test_unary_ufuncs.py::TestUnaryUfuncsXPU::test_non_contig_index_reciprocal_xpu_uint8 ... RuntimeError: Found dtype Float but expected Byte
test_unary_ufuncs.py::TestUnaryUfuncsXPU::test_non_contig_index_rsqrt_xpu_complex64 ... RuntimeError: "rsqrt_out" not implemented for 'ComplexFloat'
test_unary_ufuncs.py::TestUnaryUfuncsXPU::test_non_contig_index_rsqrt_xpu_int64 ... RuntimeError: "rsqrt_out" not implemented for 'Long'
test_unary_ufuncs.py::TestUnaryUfuncsXPU::test_non_contig_index_rsqrt_xpu_uint8 ... RuntimeError: "rsqrt_out" not implemented for 'Byte'
test_unary_ufuncs.py::TestUnaryUfuncsXPU::test_non_contig_index_sgn_xpu_complex64 ... RuntimeError: "sgn_out" not implemented for 'ComplexFloat'
test_unary_ufuncs.py::TestUnaryUfuncsXPU::test_non_contig_index_sgn_xpu_int64 ... RuntimeError: "sgn_out" not implemented for 'Long'
test_unary_ufuncs.py::TestUnaryUfuncsXPU::test_non_contig_index_sgn_xpu_uint8 ... RuntimeError: "sgn_out" not implemented for 'Byte'
test_unary_ufuncs.py::TestUnaryUfuncsXPU::test_non_contig_index_sigmoid_xpu_complex64 ... RuntimeError: "_sigmoid_out" not implemented for 'ComplexFloat'
test_unary_ufuncs.py::TestUnaryUfuncsXPU::test_non_contig_index_sigmoid_xpu_int64 ... RuntimeError: "_sigmoid_out" not implemented for 'Long'
test_unary_ufuncs.py::TestUnaryUfuncsXPU::test_non_contig_index_sigmoid_xpu_uint8 ... RuntimeError: "_sigmoid_out" not implemented for 'Byte'
test_unary_ufuncs.py::TestUnaryUfuncsXPU::test_non_contig_index_sin_xpu_complex64 ... RuntimeError: "sin_out" not implemented for 'ComplexFloat'
test_unary_ufuncs.py::TestUnaryUfuncsXPU::test_non_contig_index_sin_xpu_int64 ... RuntimeError: "sin_out" not implemented for 'Long'
test_unary_ufuncs.py::TestUnaryUfuncsXPU::test_non_contig_index_sin_xpu_uint8 ... RuntimeError: "sin_out" not implemented for 'Byte'
test_unary_ufuncs.py::TestUnaryUfuncsXPU::test_non_contig_index_sinh_xpu_complex64 ... RuntimeError: "sinh_out" not implemented for 'ComplexFloat'
test_unary_ufuncs.py::TestUnaryUfuncsXPU::test_non_contig_index_sinh_xpu_int64 ... RuntimeError: "sinh_out" not implemented for 'Long'
test_unary_ufuncs.py::TestUnaryUfuncsXPU::test_non_contig_index_sinh_xpu_uint8 ... RuntimeError: "sinh_out" not implemented for 'Byte'
test_unary_ufuncs.py::TestUnaryUfuncsXPU::test_non_contig_index_special_polygamma_special_polygamma_n_0_xpu_bfloat16 ... RuntimeError: "digamma_xpu" not implemented for 'BFloat16'
test_unary_ufuncs.py::TestUnaryUfuncsXPU::test_non_contig_index_special_polygamma_special_polygamma_n_0_xpu_int64 ... RuntimeError: "digamma_xpu" not implemented for 'Long'
test_unary_ufuncs.py::TestUnaryUfuncsXPU::test_non_contig_index_special_polygamma_special_polygamma_n_0_xpu_uint8 ... RuntimeError: "digamma_xpu" not implemented for 'Byte'
test_unary_ufuncs.py::TestUnaryUfuncsXPU::test_non_contig_index_tan_xpu_complex64 ... RuntimeError: "tan_out" not implemented for 'ComplexFloat'
test_unary_ufuncs.py::TestUnaryUfuncsXPU::test_non_contig_index_tan_xpu_int64 ... RuntimeError: "tan_out" not implemented for 'Long'
test_unary_ufuncs.py::TestUnaryUfuncsXPU::test_non_contig_index_tan_xpu_uint8 ... RuntimeError: "tan_out" not implemented for 'Byte'
test_unary_ufuncs.py::TestUnaryUfuncsXPU::test_non_contig_index_tanh_xpu_complex64 ... RuntimeError: "tanh_out" not implemented for 'ComplexFloat'
test_unary_ufuncs.py::TestUnaryUfuncsXPU::test_non_contig_index_tanh_xpu_int64 ... RuntimeError: "tanh_out" not implemented for 'Long'
test_unary_ufuncs.py::TestUnaryUfuncsXPU::test_non_contig_index_tanh_xpu_uint8 ... RuntimeError: "tanh_out" not implemented for 'Byte'
test_unary_ufuncs.py::TestUnaryUfuncsXPU::test_non_contig_log10_xpu_complex64 ... RuntimeError: "log10_out" not implemented for 'ComplexFloat'
test_unary_ufuncs.py::TestUnaryUfuncsXPU::test_non_contig_log10_xpu_int64 ... RuntimeError: "log10_out" not implemented for 'Long'
test_unary_ufuncs.py::TestUnaryUfuncsXPU::test_non_contig_log10_xpu_uint8 ... RuntimeError: "log10_out" not implemented for 'Byte'
test_unary_ufuncs.py::TestUnaryUfuncsXPU::test_non_contig_log1p_xpu_int64 ... RuntimeError: "log1p_out" not implemented for 'Long'
test_unary_ufuncs.py::TestUnaryUfuncsXPU::test_non_contig_log1p_xpu_uint8 ... RuntimeError: "log1p_out" not implemented for 'Byte'
test_unary_ufuncs.py::TestUnaryUfuncsXPU::test_non_contig_log2_xpu_complex64 ... RuntimeError: "log2_out" not implemented for 'ComplexFloat'
test_unary_ufuncs.py::TestUnaryUfuncsXPU::test_non_contig_log2_xpu_int64 ... RuntimeError: "log2_out" not implemented for 'Long'
test_unary_ufuncs.py::TestUnaryUfuncsXPU::test_non_contig_log2_xpu_uint8 ... RuntimeError: "log2_out" not implemented for 'Byte'
test_unary_ufuncs.py::TestUnaryUfuncsXPU::test_non_contig_log_xpu_complex64 ... RuntimeError: "log_out" not implemented for 'ComplexFloat'
test_unary_ufuncs.py::TestUnaryUfuncsXPU::test_non_contig_log_xpu_int64 ... RuntimeError: "log_out" not implemented for 'Long'
test_unary_ufuncs.py::TestUnaryUfuncsXPU::test_non_contig_log_xpu_uint8 ... RuntimeError: "log_out" not implemented for 'Byte'
test_unary_ufuncs.py::TestUnaryUfuncsXPU::test_non_contig_logical_not_xpu_complex64 ... RuntimeError: "logical_not_dpcpp" not implemented for 'ComplexFloat'
test_unary_ufuncs.py::TestUnaryUfuncsXPU::test_non_contig_neg_xpu_complex64 ... RuntimeError: "neg_out" not implemented for 'ComplexFloat'
test_unary_ufuncs.py::TestUnaryUfuncsXPU::test_non_contig_polygamma_polygamma_n_0_xpu_int64 ... RuntimeError: "digamma_xpu" not implemented for 'Long'
test_unary_ufuncs.py::TestUnaryUfuncsXPU::test_non_contig_polygamma_polygamma_n_0_xpu_uint8 ... RuntimeError: "digamma_xpu" not implemented for 'Byte'
test_unary_ufuncs.py::TestUnaryUfuncsXPU::test_non_contig_polygamma_polygamma_n_1_xpu_int64 ... RuntimeError: "trigamma_xpu" not implemented for 'Long'
test_unary_ufuncs.py::TestUnaryUfuncsXPU::test_non_contig_polygamma_polygamma_n_1_xpu_uint8 ... RuntimeError: "trigamma_xpu" not implemented for 'Byte'
test_unary_ufuncs.py::TestUnaryUfuncsXPU::test_non_contig_polygamma_polygamma_n_2_xpu_int64 ... RuntimeError: "polygamma_xpu" not implemented for 'Long'
test_unary_ufuncs.py::TestUnaryUfuncsXPU::test_non_contig_polygamma_polygamma_n_2_xpu_uint8 ... RuntimeError: "polygamma_xpu" not implemented for 'Byte'
test_unary_ufuncs.py::TestUnaryUfuncsXPU::test_non_contig_polygamma_polygamma_n_3_xpu_int64 ... RuntimeError: "polygamma_xpu" not implemented for 'Long'
test_unary_ufuncs.py::TestUnaryUfuncsXPU::test_non_contig_polygamma_polygamma_n_3_xpu_uint8 ... RuntimeError: "polygamma_xpu" not implemented for 'Byte'
test_unary_ufuncs.py::TestUnaryUfuncsXPU::test_non_contig_polygamma_polygamma_n_4_xpu_int64 ... RuntimeError: "polygamma_xpu" not implemented for 'Long'
test_unary_ufuncs.py::TestUnaryUfuncsXPU::test_non_contig_polygamma_polygamma_n_4_xpu_uint8 ... RuntimeError: "polygamma_xpu" not implemented for 'Byte'
test_unary_ufuncs.py::TestUnaryUfuncsXPU::test_non_contig_positive_xpu_complex64 ... RuntimeError: "eq_dpcpp" not implemented for 'ComplexFloat'
test_unary_ufuncs.py::TestUnaryUfuncsXPU::test_non_contig_reciprocal_xpu_complex64 ... RuntimeError: "reciprocal_xpu" not implemented for 'ComplexFloat'
test_unary_ufuncs.py::TestUnaryUfuncsXPU::test_non_contig_reciprocal_xpu_int64 ... RuntimeError: Found dtype Float but expected Long
test_unary_ufuncs.py::TestUnaryUfuncsXPU::test_non_contig_reciprocal_xpu_uint8 ... RuntimeError: Found dtype Float but expected Byte
test_unary_ufuncs.py::TestUnaryUfuncsXPU::test_non_contig_rsqrt_xpu_complex64 ... RuntimeError: "rsqrt_out" not implemented for 'ComplexFloat'
test_unary_ufuncs.py::TestUnaryUfuncsXPU::test_non_contig_rsqrt_xpu_int64 ... RuntimeError: "rsqrt_out" not implemented for 'Long'
test_unary_ufuncs.py::TestUnaryUfuncsXPU::test_non_contig_rsqrt_xpu_uint8 ... RuntimeError: "rsqrt_out" not implemented for 'Byte'
test_unary_ufuncs.py::TestUnaryUfuncsXPU::test_non_contig_sgn_xpu_complex64 ... RuntimeError: "sgn_out" not implemented for 'ComplexFloat'
test_unary_ufuncs.py::TestUnaryUfuncsXPU::test_non_contig_sgn_xpu_int64 ... RuntimeError: "sgn_out" not implemented for 'Long'
test_unary_ufuncs.py::TestUnaryUfuncsXPU::test_non_contig_sgn_xpu_uint8 ... RuntimeError: "sgn_out" not implemented for 'Byte'
test_unary_ufuncs.py::TestUnaryUfuncsXPU::test_non_contig_sigmoid_xpu_complex64 ... RuntimeError: "_sigmoid_out" not implemented for 'ComplexFloat'
test_unary_ufuncs.py::TestUnaryUfuncsXPU::test_non_contig_sigmoid_xpu_int64 ... RuntimeError: "_sigmoid_out" not implemented for 'Long'
test_unary_ufuncs.py::TestUnaryUfuncsXPU::test_non_contig_sigmoid_xpu_uint8 ... RuntimeError: "_sigmoid_out" not implemented for 'Byte'
test_unary_ufuncs.py::TestUnaryUfuncsXPU::test_non_contig_sin_xpu_complex64 ... RuntimeError: "sin_out" not implemented for 'ComplexFloat'
test_unary_ufuncs.py::TestUnaryUfuncsXPU::test_non_contig_sin_xpu_int64 ... RuntimeError: "sin_out" not implemented for 'Long'
test_unary_ufuncs.py::TestUnaryUfuncsXPU::test_non_contig_sin_xpu_uint8 ... RuntimeError: "sin_out" not implemented for 'Byte'
test_unary_ufuncs.py::TestUnaryUfuncsXPU::test_non_contig_sinh_xpu_complex64 ... RuntimeError: "sinh_out" not implemented for 'ComplexFloat'
test_unary_ufuncs.py::TestUnaryUfuncsXPU::test_non_contig_sinh_xpu_int64 ... RuntimeError: "sinh_out" not implemented for 'Long'
test_unary_ufuncs.py::TestUnaryUfuncsXPU::test_non_contig_sinh_xpu_uint8 ... RuntimeError: "sinh_out" not implemented for 'Byte'
test_unary_ufuncs.py::TestUnaryUfuncsXPU::test_non_contig_special_polygamma_special_polygamma_n_0_xpu_bfloat16 ... RuntimeError: "digamma_xpu" not implemented for 'BFloat16'
test_unary_ufuncs.py::TestUnaryUfuncsXPU::test_non_contig_special_polygamma_special_polygamma_n_0_xpu_int64 ... RuntimeError: "digamma_xpu" not implemented for 'Long'
test_unary_ufuncs.py::TestUnaryUfuncsXPU::test_non_contig_special_polygamma_special_polygamma_n_0_xpu_uint8 ... RuntimeError: "digamma_xpu" not implemented for 'Byte'
test_unary_ufuncs.py::TestUnaryUfuncsXPU::test_non_contig_tan_xpu_complex64 ... RuntimeError: "tan_out" not implemented for 'ComplexFloat'
test_unary_ufuncs.py::TestUnaryUfuncsXPU::test_non_contig_tan_xpu_int64 ... RuntimeError: "tan_out" not implemented for 'Long'
test_unary_ufuncs.py::TestUnaryUfuncsXPU::test_non_contig_tan_xpu_uint8 ... RuntimeError: "tan_out" not implemented for 'Byte'
test_unary_ufuncs.py::TestUnaryUfuncsXPU::test_non_contig_tanh_xpu_complex64 ... RuntimeError: "tanh_out" not implemented for 'ComplexFloat'
test_unary_ufuncs.py::TestUnaryUfuncsXPU::test_non_contig_tanh_xpu_int64 ... RuntimeError: "tanh_out" not implemented for 'Long'
test_unary_ufuncs.py::TestUnaryUfuncsXPU::test_non_contig_tanh_xpu_uint8 ... RuntimeError: "tanh_out" not implemented for 'Byte'
test_unary_ufuncs.py::TestUnaryUfuncsXPU::test_reference_numerics_extremal_abs_xpu_complex64 ... RuntimeError: "abs_out" not implemented for 'ComplexFloat'
test_unary_ufuncs.py::TestUnaryUfuncsXPU::test_reference_numerics_extremal_asin_xpu_complex64 ... RuntimeError: "asin_out" not implemented for 'ComplexFloat'
test_unary_ufuncs.py::TestUnaryUfuncsXPU::test_reference_numerics_extremal_atan_xpu_complex64 ... RuntimeError: "atan_out" not implemented for 'ComplexFloat'
test_unary_ufuncs.py::TestUnaryUfuncsXPU::test_reference_numerics_extremal_conj_xpu_complex64 ... RuntimeError: "_local_scalar_dense_dpcpp" not implemented for 'ComplexFloat'
test_unary_ufuncs.py::TestUnaryUfuncsXPU::test_reference_numerics_extremal_cos_xpu_complex64 ... RuntimeError: "cos_out" not implemented for 'ComplexFloat'
test_unary_ufuncs.py::TestUnaryUfuncsXPU::test_reference_numerics_extremal_cosh_xpu_complex64 ... RuntimeError: "cosh_out" not implemented for 'ComplexFloat'
test_unary_ufuncs.py::TestUnaryUfuncsXPU::test_reference_numerics_extremal_erfinv_xpu_bfloat16 ... RuntimeError: "erfinv_out" not implemented for 'BFloat16'
test_unary_ufuncs.py::TestUnaryUfuncsXPU::test_reference_numerics_extremal_exp_xpu_complex64 ... RuntimeError: "exp_out" not implemented for 'ComplexFloat'
test_unary_ufuncs.py::TestUnaryUfuncsXPU::test_reference_numerics_extremal_imag_xpu_complex64 ... RuntimeError: "_local_scalar_dense_dpcpp" not implemented for 'ComplexFloat'
test_unary_ufuncs.py::TestUnaryUfuncsXPU::test_reference_numerics_extremal_log10_xpu_complex64 ... RuntimeError: "log10_out" not implemented for 'ComplexFloat'
test_unary_ufuncs.py::TestUnaryUfuncsXPU::test_reference_numerics_extremal_log_xpu_complex64 ... RuntimeError: "log_out" not implemented for 'ComplexFloat'
test_unary_ufuncs.py::TestUnaryUfuncsXPU::test_reference_numerics_extremal_logical_not_xpu_complex64 ... RuntimeError: "logical_not_dpcpp" not implemented for 'ComplexFloat'
test_unary_ufuncs.py::TestUnaryUfuncsXPU::test_reference_numerics_extremal_neg_xpu_complex64 ... RuntimeError: "neg_out" not implemented for 'ComplexFloat'
test_unary_ufuncs.py::TestUnaryUfuncsXPU::test_reference_numerics_extremal_positive_xpu_complex64 ... RuntimeError: "_local_scalar_dense_dpcpp" not implemented for 'ComplexFloat'
test_unary_ufuncs.py::TestUnaryUfuncsXPU::test_reference_numerics_extremal_real_xpu_complex64 ... RuntimeError: "_local_scalar_dense_dpcpp" not implemented for 'ComplexFloat'
test_unary_ufuncs.py::TestUnaryUfuncsXPU::test_reference_numerics_extremal_sgn_xpu_complex64 ... RuntimeError: "sgn_out" not implemented for 'ComplexFloat'
test_unary_ufuncs.py::TestUnaryUfuncsXPU::test_reference_numerics_extremal_sigmoid_xpu_complex64 ... RuntimeError: "_sigmoid_out" not implemented for 'ComplexFloat'
test_unary_ufuncs.py::TestUnaryUfuncsXPU::test_reference_numerics_extremal_sinh_xpu_complex64 ... RuntimeError: "sinh_out" not implemented for 'ComplexFloat'
test_unary_ufuncs.py::TestUnaryUfuncsXPU::test_reference_numerics_extremal_special_polygamma_special_polygamma_n_0_xpu_bfloat16 ... RuntimeError: "digamma_xpu" not implemented for 'BFloat16'
test_unary_ufuncs.py::TestUnaryUfuncsXPU::test_reference_numerics_extremal_tan_xpu_complex64 ... RuntimeError: "tan_out" not implemented for 'ComplexFloat'
test_unary_ufuncs.py::TestUnaryUfuncsXPU::test_reference_numerics_extremal_tanh_xpu_complex64 ... RuntimeError: "tanh_out" not implemented for 'ComplexFloat'
test_unary_ufuncs.py::TestUnaryUfuncsXPU::test_reference_numerics_hard_abs_xpu_complex64 ... RuntimeError: "abs_out" not implemented for 'ComplexFloat'
test_unary_ufuncs.py::TestUnaryUfuncsXPU::test_reference_numerics_hard_acos_xpu_complex64 ... RuntimeError: "acos_out" not implemented for 'ComplexFloat'
test_unary_ufuncs.py::TestUnaryUfuncsXPU::test_reference_numerics_hard_acos_xpu_int64 ... RuntimeError: "acos_out" not implemented for 'Long'
test_unary_ufuncs.py::TestUnaryUfuncsXPU::test_reference_numerics_hard_asin_xpu_complex64 ... RuntimeError: "asin_out" not implemented for 'ComplexFloat'
test_unary_ufuncs.py::TestUnaryUfuncsXPU::test_reference_numerics_hard_asin_xpu_int64 ... RuntimeError: "asin_out" not implemented for 'Long'
test_unary_ufuncs.py::TestUnaryUfuncsXPU::test_reference_numerics_hard_atan_xpu_complex64 ... RuntimeError: "atan_out" not implemented for 'ComplexFloat'
test_unary_ufuncs.py::TestUnaryUfuncsXPU::test_reference_numerics_hard_atan_xpu_int64 ... RuntimeError: "atan_out" not implemented for 'Long'
test_unary_ufuncs.py::TestUnaryUfuncsXPU::test_reference_numerics_hard_conj_xpu_complex64 ... RuntimeError: "_local_scalar_dense_dpcpp" not implemented for 'ComplexFloat'
test_unary_ufuncs.py::TestUnaryUfuncsXPU::test_reference_numerics_hard_cosh_xpu_complex64 ... RuntimeError: "cosh_out" not implemented for 'ComplexFloat'
test_unary_ufuncs.py::TestUnaryUfuncsXPU::test_reference_numerics_hard_cosh_xpu_int64 ... RuntimeError: "cosh_out" not implemented for 'Long'
test_unary_ufuncs.py::TestUnaryUfuncsXPU::test_reference_numerics_hard_digamma_xpu_int64 ... RuntimeError: "digamma_xpu" not implemented for 'Long'
test_unary_ufuncs.py::TestUnaryUfuncsXPU::test_reference_numerics_hard_erf_xpu_int64 ... RuntimeError: "erf_out" not implemented for 'Long'
test_unary_ufuncs.py::TestUnaryUfuncsXPU::test_reference_numerics_hard_erfc_xpu_int64 ... RuntimeError: "erfc_out" not implemented for 'Long'
test_unary_ufuncs.py::TestUnaryUfuncsXPU::test_reference_numerics_hard_erfinv_xpu_bfloat16 ... RuntimeError: "erfinv_out" not implemented for 'BFloat16'
test_unary_ufuncs.py::TestUnaryUfuncsXPU::test_reference_numerics_hard_erfinv_xpu_int64 ... RuntimeError: "erfinv_out" not implemented for 'Long'
test_unary_ufuncs.py::TestUnaryUfuncsXPU::test_reference_numerics_hard_exp_xpu_complex64 ... RuntimeError: "exp_out" not implemented for 'ComplexFloat'
test_unary_ufuncs.py::TestUnaryUfuncsXPU::test_reference_numerics_hard_exp_xpu_int64 ... RuntimeError: "exp_out" not implemented for 'Long'
test_unary_ufuncs.py::TestUnaryUfuncsXPU::test_reference_numerics_hard_expm1_xpu_int64 ... RuntimeError: "expm1_out" not implemented for 'Long'
test_unary_ufuncs.py::TestUnaryUfuncsXPU::test_reference_numerics_hard_frac_xpu_bfloat16 ... RuntimeError: "frac_xpu" not implemented for 'BFloat16'
test_unary_ufuncs.py::TestUnaryUfuncsXPU::test_reference_numerics_hard_imag_xpu_complex64 ... RuntimeError: "_local_scalar_dense_dpcpp" not implemented for 'ComplexFloat'
test_unary_ufuncs.py::TestUnaryUfuncsXPU::test_reference_numerics_hard_log10_xpu_complex64 ... RuntimeError: "log10_out" not implemented for 'ComplexFloat'
test_unary_ufuncs.py::TestUnaryUfuncsXPU::test_reference_numerics_hard_log10_xpu_int64 ... RuntimeError: "log10_out" not implemented for 'Long'
test_unary_ufuncs.py::TestUnaryUfuncsXPU::test_reference_numerics_hard_log1p_xpu_int64 ... RuntimeError: "log1p_out" not implemented for 'Long'
test_unary_ufuncs.py::TestUnaryUfuncsXPU::test_reference_numerics_hard_log2_xpu_complex64 ... RuntimeError: "log2_out" not implemented for 'ComplexFloat'
test_unary_ufuncs.py::TestUnaryUfuncsXPU::test_reference_numerics_hard_log2_xpu_int64 ... RuntimeError: "log2_out" not implemented for 'Long'
test_unary_ufuncs.py::TestUnaryUfuncsXPU::test_reference_numerics_hard_log_xpu_complex64 ... RuntimeError: "log_out" not implemented for 'ComplexFloat'
test_unary_ufuncs.py::TestUnaryUfuncsXPU::test_reference_numerics_hard_log_xpu_int64 ... RuntimeError: "log_out" not implemented for 'Long'
test_unary_ufuncs.py::TestUnaryUfuncsXPU::test_reference_numerics_hard_logical_not_xpu_complex64 ... RuntimeError: "logical_not_dpcpp" not implemented for 'ComplexFloat'
test_unary_ufuncs.py::TestUnaryUfuncsXPU::test_reference_numerics_hard_neg_xpu_complex64 ... RuntimeError: "neg_out" not implemented for 'ComplexFloat'
test_unary_ufuncs.py::TestUnaryUfuncsXPU::test_reference_numerics_hard_polygamma_polygamma_n_0_xpu_int64 ... RuntimeError: "digamma_xpu" not implemented for 'Long'
test_unary_ufuncs.py::TestUnaryUfuncsXPU::test_reference_numerics_hard_polygamma_polygamma_n_2_xpu_int64 ... RuntimeError: "polygamma_xpu" not implemented for 'Long'
test_unary_ufuncs.py::TestUnaryUfuncsXPU::test_reference_numerics_hard_polygamma_polygamma_n_3_xpu_int64 ... RuntimeError: "polygamma_xpu" not implemented for 'Long'
test_unary_ufuncs.py::TestUnaryUfuncsXPU::test_reference_numerics_hard_polygamma_polygamma_n_4_xpu_int64 ... RuntimeError: "polygamma_xpu" not implemented for 'Long'
test_unary_ufuncs.py::TestUnaryUfuncsXPU::test_reference_numerics_hard_positive_xpu_complex64 ... RuntimeError: "_local_scalar_dense_dpcpp" not implemented for 'ComplexFloat'
test_unary_ufuncs.py::TestUnaryUfuncsXPU::test_reference_numerics_hard_real_xpu_complex64 ... RuntimeError: "_local_scalar_dense_dpcpp" not implemented for 'ComplexFloat'
test_unary_ufuncs.py::TestUnaryUfuncsXPU::test_reference_numerics_hard_reciprocal_xpu_complex64 ... RuntimeError: "reciprocal_xpu" not implemented for 'ComplexFloat'
test_unary_ufuncs.py::TestUnaryUfuncsXPU::test_reference_numerics_hard_reciprocal_xpu_int64 ... RuntimeError: Found dtype Float but expected Long
test_unary_ufuncs.py::TestUnaryUfuncsXPU::test_reference_numerics_hard_rsqrt_xpu_complex64 ... RuntimeError: "rsqrt_out" not implemented for 'ComplexFloat'
test_unary_ufuncs.py::TestUnaryUfuncsXPU::test_reference_numerics_hard_rsqrt_xpu_int64 ... RuntimeError: "rsqrt_out" not implemented for 'Long'
test_unary_ufuncs.py::TestUnaryUfuncsXPU::test_reference_numerics_hard_sgn_xpu_complex64 ... RuntimeError: "sgn_out" not implemented for 'ComplexFloat'
test_unary_ufuncs.py::TestUnaryUfuncsXPU::test_reference_numerics_hard_sgn_xpu_int64 ... RuntimeError: "sgn_out" not implemented for 'Long'
test_unary_ufuncs.py::TestUnaryUfuncsXPU::test_reference_numerics_hard_sigmoid_xpu_complex64 ... RuntimeError: "_sigmoid_out" not implemented for 'ComplexFloat'
test_unary_ufuncs.py::TestUnaryUfuncsXPU::test_reference_numerics_hard_sigmoid_xpu_int64 ... RuntimeError: "_sigmoid_out" not implemented for 'Long'
test_unary_ufuncs.py::TestUnaryUfuncsXPU::test_reference_numerics_hard_sinh_xpu_complex64 ... RuntimeError: "sinh_out" not implemented for 'ComplexFloat'
test_unary_ufuncs.py::TestUnaryUfuncsXPU::test_reference_numerics_hard_sinh_xpu_int64 ... RuntimeError: "sinh_out" not implemented for 'Long'
test_unary_ufuncs.py::TestUnaryUfuncsXPU::test_reference_numerics_hard_special_polygamma_special_polygamma_n_0_xpu_bfloat16 ... RuntimeError: "digamma_xpu" not implemented for 'BFloat16'
test_unary_ufuncs.py::TestUnaryUfuncsXPU::test_reference_numerics_hard_special_polygamma_special_polygamma_n_0_xpu_int64 ... RuntimeError: "digamma_xpu" not implemented for 'Long'
test_unary_ufuncs.py::TestUnaryUfuncsXPU::test_reference_numerics_hard_tan_xpu_complex64 ... RuntimeError: "tan_out" not implemented for 'ComplexFloat'
test_unary_ufuncs.py::TestUnaryUfuncsXPU::test_reference_numerics_hard_tan_xpu_int64 ... RuntimeError: "tan_out" not implemented for 'Long'
test_unary_ufuncs.py::TestUnaryUfuncsXPU::test_reference_numerics_hard_tanh_xpu_complex64 ... RuntimeError: "tanh_out" not implemented for 'ComplexFloat'
test_unary_ufuncs.py::TestUnaryUfuncsXPU::test_reference_numerics_hard_tanh_xpu_int64 ... RuntimeError: "tanh_out" not implemented for 'Long'
test_unary_ufuncs.py::TestUnaryUfuncsXPU::test_reference_numerics_normal_abs_xpu_complex64 ... RuntimeError: "abs_out" not implemented for 'ComplexFloat'
test_unary_ufuncs.py::TestUnaryUfuncsXPU::test_reference_numerics_normal_acos_xpu_complex64 ... RuntimeError: "acos_out" not implemented for 'ComplexFloat'
test_unary_ufuncs.py::TestUnaryUfuncsXPU::test_reference_numerics_normal_acos_xpu_int64 ... RuntimeError: "acos_out" not implemented for 'Long'
test_unary_ufuncs.py::TestUnaryUfuncsXPU::test_reference_numerics_normal_acos_xpu_uint8 ... RuntimeError: "acos_out" not implemented for 'Byte'
test_unary_ufuncs.py::TestUnaryUfuncsXPU::test_reference_numerics_normal_asin_xpu_complex64 ... RuntimeError: "asin_out" not implemented for 'ComplexFloat'
test_unary_ufuncs.py::TestUnaryUfuncsXPU::test_reference_numerics_normal_asin_xpu_int64 ... RuntimeError: "asin_out" not implemented for 'Long'
test_unary_ufuncs.py::TestUnaryUfuncsXPU::test_reference_numerics_normal_asin_xpu_uint8 ... RuntimeError: "asin_out" not implemented for 'Byte'
test_unary_ufuncs.py::TestUnaryUfuncsXPU::test_reference_numerics_normal_atan_xpu_complex64 ... RuntimeError: "atan_out" not implemented for 'ComplexFloat'
test_unary_ufuncs.py::TestUnaryUfuncsXPU::test_reference_numerics_normal_atan_xpu_int64 ... RuntimeError: "atan_out" not implemented for 'Long'
test_unary_ufuncs.py::TestUnaryUfuncsXPU::test_reference_numerics_normal_atan_xpu_uint8 ... RuntimeError: "atan_out" not implemented for 'Byte'
test_unary_ufuncs.py::TestUnaryUfuncsXPU::test_reference_numerics_normal_conj_xpu_complex64 ... RuntimeError: "_local_scalar_dense_dpcpp" not implemented for 'ComplexFloat'
test_unary_ufuncs.py::TestUnaryUfuncsXPU::test_reference_numerics_normal_cos_xpu_complex64 ... RuntimeError: "cos_out" not implemented for 'ComplexFloat'
test_unary_ufuncs.py::TestUnaryUfuncsXPU::test_reference_numerics_normal_cos_xpu_int64 ... RuntimeError: "cos_out" not implemented for 'Long'
test_unary_ufuncs.py::TestUnaryUfuncsXPU::test_reference_numerics_normal_cos_xpu_uint8 ... RuntimeError: "cos_out" not implemented for 'Byte'
test_unary_ufuncs.py::TestUnaryUfuncsXPU::test_reference_numerics_normal_cosh_xpu_complex64 ... RuntimeError: "cosh_out" not implemented for 'ComplexFloat'
test_unary_ufuncs.py::TestUnaryUfuncsXPU::test_reference_numerics_normal_cosh_xpu_int64 ... RuntimeError: "cosh_out" not implemented for 'Long'
test_unary_ufuncs.py::TestUnaryUfuncsXPU::test_reference_numerics_normal_cosh_xpu_uint8 ... RuntimeError: "cosh_out" not implemented for 'Byte'
test_unary_ufuncs.py::TestUnaryUfuncsXPU::test_reference_numerics_normal_digamma_xpu_int64 ... RuntimeError: "digamma_xpu" not implemented for 'Long'
test_unary_ufuncs.py::TestUnaryUfuncsXPU::test_reference_numerics_normal_digamma_xpu_uint8 ... RuntimeError: "digamma_xpu" not implemented for 'Byte'
test_unary_ufuncs.py::TestUnaryUfuncsXPU::test_reference_numerics_normal_erf_xpu_int64 ... RuntimeError: "erf_out" not implemented for 'Long'
test_unary_ufuncs.py::TestUnaryUfuncsXPU::test_reference_numerics_normal_erf_xpu_uint8 ... RuntimeError: "erf_out" not implemented for 'Byte'
test_unary_ufuncs.py::TestUnaryUfuncsXPU::test_reference_numerics_normal_erfc_xpu_int64 ... RuntimeError: "erfc_out" not implemented for 'Long'
test_unary_ufuncs.py::TestUnaryUfuncsXPU::test_reference_numerics_normal_erfc_xpu_uint8 ... RuntimeError: "erfc_out" not implemented for 'Byte'
test_unary_ufuncs.py::TestUnaryUfuncsXPU::test_reference_numerics_normal_erfinv_xpu_bfloat16 ... RuntimeError: "erfinv_out" not implemented for 'BFloat16'
test_unary_ufuncs.py::TestUnaryUfuncsXPU::test_reference_numerics_normal_erfinv_xpu_int64 ... RuntimeError: "erfinv_out" not implemented for 'Long'
test_unary_ufuncs.py::TestUnaryUfuncsXPU::test_reference_numerics_normal_erfinv_xpu_uint8 ... RuntimeError: "erfinv_out" not implemented for 'Byte'
test_unary_ufuncs.py::TestUnaryUfuncsXPU::test_reference_numerics_normal_exp_xpu_complex64 ... RuntimeError: "exp_out" not implemented for 'ComplexFloat'
test_unary_ufuncs.py::TestUnaryUfuncsXPU::test_reference_numerics_normal_exp_xpu_int64 ... RuntimeError: "exp_out" not implemented for 'Long'
test_unary_ufuncs.py::TestUnaryUfuncsXPU::test_reference_numerics_normal_exp_xpu_uint8 ... RuntimeError: "exp_out" not implemented for 'Byte'
test_unary_ufuncs.py::TestUnaryUfuncsXPU::test_reference_numerics_normal_expm1_xpu_int64 ... RuntimeError: "expm1_out" not implemented for 'Long'
test_unary_ufuncs.py::TestUnaryUfuncsXPU::test_reference_numerics_normal_expm1_xpu_uint8 ... RuntimeError: "expm1_out" not implemented for 'Byte'
test_unary_ufuncs.py::TestUnaryUfuncsXPU::test_reference_numerics_normal_frac_xpu_bfloat16 ... RuntimeError: "frac_xpu" not implemented for 'BFloat16'
test_unary_ufuncs.py::TestUnaryUfuncsXPU::test_reference_numerics_normal_imag_xpu_complex64 ... RuntimeError: "_local_scalar_dense_dpcpp" not implemented for 'ComplexFloat'
test_unary_ufuncs.py::TestUnaryUfuncsXPU::test_reference_numerics_normal_log10_xpu_complex64 ... RuntimeError: "log10_out" not implemented for 'ComplexFloat'
test_unary_ufuncs.py::TestUnaryUfuncsXPU::test_reference_numerics_normal_log10_xpu_int64 ... RuntimeError: "log10_out" not implemented for 'Long'
test_unary_ufuncs.py::TestUnaryUfuncsXPU::test_reference_numerics_normal_log10_xpu_uint8 ... RuntimeError: "log10_out" not implemented for 'Byte'
test_unary_ufuncs.py::TestUnaryUfuncsXPU::test_reference_numerics_normal_log1p_xpu_int64 ... RuntimeError: "log1p_out" not implemented for 'Long'
test_unary_ufuncs.py::TestUnaryUfuncsXPU::test_reference_numerics_normal_log1p_xpu_uint8 ... RuntimeError: "log1p_out" not implemented for 'Byte'
test_unary_ufuncs.py::TestUnaryUfuncsXPU::test_reference_numerics_normal_log2_xpu_int64 ... RuntimeError: "log2_out" not implemented for 'Long'
test_unary_ufuncs.py::TestUnaryUfuncsXPU::test_reference_numerics_normal_log2_xpu_uint8 ... RuntimeError: "log2_out" not implemented for 'Byte'
test_unary_ufuncs.py::TestUnaryUfuncsXPU::test_reference_numerics_normal_log_xpu_complex64 ... RuntimeError: "log_out" not implemented for 'ComplexFloat'
test_unary_ufuncs.py::TestUnaryUfuncsXPU::test_reference_numerics_normal_log_xpu_int64 ... RuntimeError: "log_out" not implemented for 'Long'
test_unary_ufuncs.py::TestUnaryUfuncsXPU::test_reference_numerics_normal_log_xpu_uint8 ... RuntimeError: "log_out" not implemented for 'Byte'
test_unary_ufuncs.py::TestUnaryUfuncsXPU::test_reference_numerics_normal_logical_not_xpu_complex64 ... RuntimeError: "logical_not_dpcpp" not implemented for 'ComplexFloat'
test_unary_ufuncs.py::TestUnaryUfuncsXPU::test_reference_numerics_normal_neg_xpu_complex64 ... RuntimeError: "neg_out" not implemented for 'ComplexFloat'
test_unary_ufuncs.py::TestUnaryUfuncsXPU::test_reference_numerics_normal_polygamma_polygamma_n_0_xpu_int64 ... RuntimeError: "digamma_xpu" not implemented for 'Long'
test_unary_ufuncs.py::TestUnaryUfuncsXPU::test_reference_numerics_normal_polygamma_polygamma_n_0_xpu_uint8 ... RuntimeError: "digamma_xpu" not implemented for 'Byte'
test_unary_ufuncs.py::TestUnaryUfuncsXPU::test_reference_numerics_normal_polygamma_polygamma_n_2_xpu_int64 ... RuntimeError: "polygamma_xpu" not implemented for 'Long'
test_unary_ufuncs.py::TestUnaryUfuncsXPU::test_reference_numerics_normal_polygamma_polygamma_n_2_xpu_uint8 ... RuntimeError: "polygamma_xpu" not implemented for 'Byte'
test_unary_ufuncs.py::TestUnaryUfuncsXPU::test_reference_numerics_normal_polygamma_polygamma_n_3_xpu_int64 ... RuntimeError: "polygamma_xpu" not implemented for 'Long'
test_unary_ufuncs.py::TestUnaryUfuncsXPU::test_reference_numerics_normal_polygamma_polygamma_n_3_xpu_uint8 ... RuntimeError: "polygamma_xpu" not implemented for 'Byte'
test_unary_ufuncs.py::TestUnaryUfuncsXPU::test_reference_numerics_normal_polygamma_polygamma_n_4_xpu_int64 ... RuntimeError: "polygamma_xpu" not implemented for 'Long'
test_unary_ufuncs.py::TestUnaryUfuncsXPU::test_reference_numerics_normal_polygamma_polygamma_n_4_xpu_uint8 ... RuntimeError: "polygamma_xpu" not implemented for 'Byte'
test_unary_ufuncs.py::TestUnaryUfuncsXPU::test_reference_numerics_normal_positive_xpu_complex64 ... RuntimeError: "_local_scalar_dense_dpcpp" not implemented for 'ComplexFloat'
test_unary_ufuncs.py::TestUnaryUfuncsXPU::test_reference_numerics_normal_real_xpu_complex64 ... RuntimeError: "_local_scalar_dense_dpcpp" not implemented for 'ComplexFloat'
test_unary_ufuncs.py::TestUnaryUfuncsXPU::test_reference_numerics_normal_reciprocal_xpu_complex64 ... RuntimeError: "reciprocal_xpu" not implemented for 'ComplexFloat'
test_unary_ufuncs.py::TestUnaryUfuncsXPU::test_reference_numerics_normal_reciprocal_xpu_int64 ... RuntimeError: Found dtype Float but expected Long
test_unary_ufuncs.py::TestUnaryUfuncsXPU::test_reference_numerics_normal_reciprocal_xpu_uint8 ... RuntimeError: Found dtype Float but expected Byte
test_unary_ufuncs.py::TestUnaryUfuncsXPU::test_reference_numerics_normal_rsqrt_xpu_complex64 ... RuntimeError: "rsqrt_out" not implemented for 'ComplexFloat'
test_unary_ufuncs.py::TestUnaryUfuncsXPU::test_reference_numerics_normal_rsqrt_xpu_int64 ... RuntimeError: "rsqrt_out" not implemented for 'Long'
test_unary_ufuncs.py::TestUnaryUfuncsXPU::test_reference_numerics_normal_rsqrt_xpu_uint8 ... RuntimeError: "rsqrt_out" not implemented for 'Byte'
test_unary_ufuncs.py::TestUnaryUfuncsXPU::test_reference_numerics_normal_sgn_xpu_complex64 ... RuntimeError: "sgn_out" not implemented for 'ComplexFloat'
test_unary_ufuncs.py::TestUnaryUfuncsXPU::test_reference_numerics_normal_sgn_xpu_int64 ... RuntimeError: "sgn_out" not implemented for 'Long'
test_unary_ufuncs.py::TestUnaryUfuncsXPU::test_reference_numerics_normal_sgn_xpu_uint8 ... RuntimeError: "sgn_out" not implemented for 'Byte'
test_unary_ufuncs.py::TestUnaryUfuncsXPU::test_reference_numerics_normal_sigmoid_xpu_complex64 ... RuntimeError: "_sigmoid_out" not implemented for 'ComplexFloat'
test_unary_ufuncs.py::TestUnaryUfuncsXPU::test_reference_numerics_normal_sigmoid_xpu_int64 ... RuntimeError: "_sigmoid_out" not implemented for 'Long'
test_unary_ufuncs.py::TestUnaryUfuncsXPU::test_reference_numerics_normal_sigmoid_xpu_uint8 ... RuntimeError: "_sigmoid_out" not implemented for 'Byte'
test_unary_ufuncs.py::TestUnaryUfuncsXPU::test_reference_numerics_normal_sin_xpu_complex64 ... RuntimeError: "sin_out" not implemented for 'ComplexFloat'
test_unary_ufuncs.py::TestUnaryUfuncsXPU::test_reference_numerics_normal_sin_xpu_int64 ... RuntimeError: "sin_out" not implemented for 'Long'
test_unary_ufuncs.py::TestUnaryUfuncsXPU::test_reference_numerics_normal_sin_xpu_uint8 ... RuntimeError: "sin_out" not implemented for 'Byte'
test_unary_ufuncs.py::TestUnaryUfuncsXPU::test_reference_numerics_normal_sinh_xpu_complex64 ... RuntimeError: "sinh_out" not implemented for 'ComplexFloat'
test_unary_ufuncs.py::TestUnaryUfuncsXPU::test_reference_numerics_normal_sinh_xpu_int64 ... RuntimeError: "sinh_out" not implemented for 'Long'
test_unary_ufuncs.py::TestUnaryUfuncsXPU::test_reference_numerics_normal_sinh_xpu_uint8 ... RuntimeError: "sinh_out" not implemented for 'Byte'
test_unary_ufuncs.py::TestUnaryUfuncsXPU::test_reference_numerics_normal_special_polygamma_special_polygamma_n_0_xpu_bfloat16 ... RuntimeError: "digamma_xpu" not implemented for 'BFloat16'
test_unary_ufuncs.py::TestUnaryUfuncsXPU::test_reference_numerics_normal_special_polygamma_special_polygamma_n_0_xpu_int64 ... RuntimeError: "digamma_xpu" not implemented for 'Long'
test_unary_ufuncs.py::TestUnaryUfuncsXPU::test_reference_numerics_normal_special_polygamma_special_polygamma_n_0_xpu_uint8 ... RuntimeError: "digamma_xpu" not implemented for 'Byte'
test_unary_ufuncs.py::TestUnaryUfuncsXPU::test_reference_numerics_normal_tan_xpu_complex64 ... RuntimeError: "tan_out" not implemented for 'ComplexFloat'
test_unary_ufuncs.py::TestUnaryUfuncsXPU::test_reference_numerics_normal_tan_xpu_int64 ... RuntimeError: "tan_out" not implemented for 'Long'
test_unary_ufuncs.py::TestUnaryUfuncsXPU::test_reference_numerics_normal_tan_xpu_uint8 ... RuntimeError: "tan_out" not implemented for 'Byte'
test_unary_ufuncs.py::TestUnaryUfuncsXPU::test_reference_numerics_normal_tanh_xpu_complex64 ... RuntimeError: "tanh_out" not implemented for 'ComplexFloat'
test_unary_ufuncs.py::TestUnaryUfuncsXPU::test_reference_numerics_normal_tanh_xpu_int64 ... RuntimeError: "tanh_out" not implemented for 'Long'
test_unary_ufuncs.py::TestUnaryUfuncsXPU::test_reference_numerics_normal_tanh_xpu_uint8 ... RuntimeError: "tanh_out" not implemented for 'Byte'
test_type_promotion.py::TestTypePromotionXPU::test_bfloat16_xpu ... RuntimeError: "eq_dpcpp" not implemented for 'ComplexFloat'
test_type_promotion.py::TestTypePromotionXPU::test_cat_different_dtypes_xpu ... RuntimeError: "eq_dpcpp" not implemented for 'ComplexFloat'
test_type_promotion.py::TestTypePromotionXPU::test_cat_out_different_dtypes_xpu ... RuntimeError: "eq_dpcpp" not implemented for 'ComplexFloat'
test_type_promotion.py::TestTypePromotionXPU::test_comparison_ops_with_type_promotion_xpu ... RuntimeError: "eq_dpcpp" not implemented for 'ComplexFloat'
test_type_promotion.py::TestTypePromotionXPU::test_complex_promotion_xpu ... RuntimeError: "eq_dpcpp" not implemented for 'ComplexDouble'
test_type_promotion.py::TestTypePromotionXPU::test_complex_scalar_mult_tensor_promotion_xpu ... RuntimeError: "eq_dpcpp" not implemented for 'ComplexFloat'
test_shape_ops.py::TestShapeOpsXPU::test_flip_numpy_xpu_bfloat16 ... RuntimeError: "flip_dpcpp" not implemented for 'BFloat16'
test_shape_ops.py::TestShapeOpsXPU::test_flip_numpy_xpu_float16 ... RuntimeError: "flip_dpcpp" not implemented for 'Half'
test_autograd.py::TestAutogradDeviceTypeXPU::test_copy_r_to_c_xpu ... RuntimeError: "sum" not implemented for 'ComplexDouble'
test_spectral_ops.py::TestFFTXPU::test_fft_invalid_dtypes_xpu ... RuntimeError: "normal_dpcpp" not implemented for 'ComplexDouble'
test_spectral_ops.py::TestFFTXPU::test_fft_plan_repeatable_xpu ... RuntimeError: "normal_dpcpp" not implemented for 'ComplexFloat'
test_spectral_ops.py::TestFFTXPU::test_fftn_invalid_fft_fftn_xpu_complex64 ... RuntimeError: "check_uniform_bounds" not implemented for 'ComplexFloat'
test_spectral_ops.py::TestFFTXPU::test_fftn_invalid_fft_ifftn_xpu_complex64 ... RuntimeError: "check_uniform_bounds" not implemented for 'ComplexFloat'
test_spectral_ops.py::TestFFTXPU::test_fftn_invalid_fft_irfftn_xpu_complex64 ... RuntimeError: "check_uniform_bounds" not implemented for 'ComplexFloat'
test_spectral_ops.py::TestFFTXPU::test_reference_1d_fft_fft_xpu_complex128 ... RuntimeError: "normal_dpcpp" not implemented for 'ComplexDouble'
test_spectral_ops.py::TestFFTXPU::test_reference_1d_fft_fft_xpu_complex64 ... RuntimeError: "normal_dpcpp" not implemented for 'ComplexFloat'
test_spectral_ops.py::TestFFTXPU::test_reference_1d_fft_hfft_xpu_complex128 ... RuntimeError: "normal_dpcpp" not implemented for 'ComplexDouble'
test_spectral_ops.py::TestFFTXPU::test_reference_1d_fft_hfft_xpu_complex64 ... RuntimeError: "normal_dpcpp" not implemented for 'ComplexFloat'
test_spectral_ops.py::TestFFTXPU::test_reference_1d_fft_ifft_xpu_complex128 ... RuntimeError: "normal_dpcpp" not implemented for 'ComplexDouble'
test_spectral_ops.py::TestFFTXPU::test_reference_1d_fft_ifft_xpu_complex64 ... RuntimeError: "normal_dpcpp" not implemented for 'ComplexFloat'
test_spectral_ops.py::TestFFTXPU::test_reference_1d_fft_irfft_xpu_complex128 ... RuntimeError: "normal_dpcpp" not implemented for 'ComplexDouble'
test_spectral_ops.py::TestFFTXPU::test_reference_1d_fft_irfft_xpu_complex64 ... RuntimeError: "normal_dpcpp" not implemented for 'ComplexFloat'
test_spectral_ops.py::TestFFTXPU::test_reference_nd_fft_fftn_xpu_complex128 ... RuntimeError: "normal_dpcpp" not implemented for 'ComplexDouble'
test_spectral_ops.py::TestFFTXPU::test_reference_nd_fft_fftn_xpu_complex64 ... RuntimeError: "normal_dpcpp" not implemented for 'ComplexFloat'
test_spectral_ops.py::TestFFTXPU::test_reference_nd_fft_ifftn_xpu_complex128 ... RuntimeError: "normal_dpcpp" not implemented for 'ComplexDouble'
test_spectral_ops.py::TestFFTXPU::test_reference_nd_fft_ifftn_xpu_complex64 ... RuntimeError: "normal_dpcpp" not implemented for 'ComplexFloat'
test_spectral_ops.py::TestFFTXPU::test_reference_nd_fft_irfftn_xpu_complex128 ... RuntimeError: "normal_dpcpp" not implemented for 'ComplexDouble'
test_spectral_ops.py::TestFFTXPU::test_reference_nd_fft_irfftn_xpu_complex64 ... RuntimeError: "normal_dpcpp" not implemented for 'ComplexFloat'
test_spectral_ops.py::TestFFTXPU::test_stft_roundtrip_complex_window_xpu_float64 ... RuntimeError: "check_uniform_bounds" not implemented for 'ComplexDouble'
test_nn.py::TestNNDeviceTypeXPU::test_LayerNorm_general_xpu ... RuntimeError: "std" not implemented for 'BFloat16'
test_nn.py::TestNNDeviceTypeXPU::test_embedding_bag_bfloat16_xpu_int32_int32 ... RuntimeError: "arange_dpcpp" not implemented for 'BFloat16'
test_nn.py::TestNNDeviceTypeXPU::test_embedding_bag_bfloat16_xpu_int32_int64 ... RuntimeError: "arange_dpcpp" not implemented for 'BFloat16'
test_nn.py::TestNNDeviceTypeXPU::test_embedding_bag_bfloat16_xpu_int64_int32 ... RuntimeError: "arange_dpcpp" not implemented for 'BFloat16'
test_nn.py::TestNNDeviceTypeXPU::test_embedding_bag_bfloat16_xpu_int64_int64 ... RuntimeError: "arange_dpcpp" not implemented for 'BFloat16'
test_nn.py::TestNNDeviceTypeXPU::test_embedding_bag_device_xpu_int64_int64_float16 ... RuntimeError: "embedding_bag_backward_dpcpp_compute_grad_weight" not implemented for 'Half'
test_nn.py::TestNNDeviceTypeXPU::test_embedding_padding_idx_xpu_float16 ... RuntimeError: "embedding_backward" not implemented for 'Half'
test_nn.py::TestNNDeviceTypeXPU::test_gumbel_softmax_xpu_float16 ... RuntimeError: "exponential_dpcpp_" not implemented for 'Half'
test_nn.py::TestNNDeviceTypeXPU::test_invalid_reduction_strings_xpu ... RuntimeError: "normal_dpcpp" not implemented for 'ComplexFloat'
test_foreach.py::TestForeachXPU::test_unary_fastpath__foreach_abs_xpu_bool ... RuntimeError: "abs_out" not implemented for 'Bool'
test_foreach.py::TestForeachXPU::test_unary_fastpath__foreach_acos_xpu_complex128 ... RuntimeError: "acos_out" not implemented for 'ComplexDouble'
test_foreach.py::TestForeachXPU::test_unary_fastpath__foreach_acos_xpu_complex64 ... RuntimeError: "acos_out" not implemented for 'ComplexFloat'
test_foreach.py::TestForeachXPU::test_unary_fastpath__foreach_asin_xpu_complex128 ... RuntimeError: "asin_out" not implemented for 'ComplexDouble'
test_foreach.py::TestForeachXPU::test_unary_fastpath__foreach_asin_xpu_complex64 ... RuntimeError: "asin_out" not implemented for 'ComplexFloat'
test_foreach.py::TestForeachXPU::test_unary_fastpath__foreach_atan_xpu_complex128 ... RuntimeError: "atan_out" not implemented for 'ComplexDouble'
test_foreach.py::TestForeachXPU::test_unary_fastpath__foreach_atan_xpu_complex64 ... RuntimeError: "atan_out" not implemented for 'ComplexFloat'
test_foreach.py::TestForeachXPU::test_unary_fastpath__foreach_cos_xpu_complex128 ... RuntimeError: "cos_out" not implemented for 'ComplexDouble'
test_foreach.py::TestForeachXPU::test_unary_fastpath__foreach_cos_xpu_complex64 ... RuntimeError: "cos_out" not implemented for 'ComplexFloat'
test_foreach.py::TestForeachXPU::test_unary_fastpath__foreach_cosh_xpu_complex128 ... RuntimeError: "cosh_out" not implemented for 'ComplexDouble'
test_foreach.py::TestForeachXPU::test_unary_fastpath__foreach_cosh_xpu_complex64 ... RuntimeError: "cosh_out" not implemented for 'ComplexFloat'
test_foreach.py::TestForeachXPU::test_unary_fastpath__foreach_exp_xpu_complex128 ... RuntimeError: "exp_out" not implemented for 'ComplexDouble'
test_foreach.py::TestForeachXPU::test_unary_fastpath__foreach_exp_xpu_complex64 ... RuntimeError: "exp_out" not implemented for 'ComplexFloat'
test_foreach.py::TestForeachXPU::test_unary_fastpath__foreach_log10_xpu_complex128 ... RuntimeError: "log10_out" not implemented for 'ComplexDouble'
test_foreach.py::TestForeachXPU::test_unary_fastpath__foreach_log10_xpu_complex64 ... RuntimeError: "log10_out" not implemented for 'ComplexFloat'
test_foreach.py::TestForeachXPU::test_unary_fastpath__foreach_log2_xpu_complex128 ... RuntimeError: "log2_out" not implemented for 'ComplexDouble'
test_foreach.py::TestForeachXPU::test_unary_fastpath__foreach_log2_xpu_complex64 ... RuntimeError: "log2_out" not implemented for 'ComplexFloat'
test_foreach.py::TestForeachXPU::test_unary_fastpath__foreach_log_xpu_complex128 ... RuntimeError: "log_out" not implemented for 'ComplexDouble'
test_foreach.py::TestForeachXPU::test_unary_fastpath__foreach_log_xpu_complex64 ... RuntimeError: "log_out" not implemented for 'ComplexFloat'
test_foreach.py::TestForeachXPU::test_unary_fastpath__foreach_neg_xpu_complex128 ... RuntimeError: "neg_out" not implemented for 'ComplexDouble'
test_foreach.py::TestForeachXPU::test_unary_fastpath__foreach_neg_xpu_complex64 ... RuntimeError: "neg_out" not implemented for 'ComplexFloat'
test_foreach.py::TestForeachXPU::test_unary_fastpath__foreach_sin_xpu_complex128 ... RuntimeError: "sin_out" not implemented for 'ComplexDouble'
test_foreach.py::TestForeachXPU::test_unary_fastpath__foreach_sin_xpu_complex64 ... RuntimeError: "sin_out" not implemented for 'ComplexFloat'
test_foreach.py::TestForeachXPU::test_unary_fastpath__foreach_sinh_xpu_complex128 ... RuntimeError: "sinh_out" not implemented for 'ComplexDouble'
test_foreach.py::TestForeachXPU::test_unary_fastpath__foreach_sinh_xpu_complex64 ... RuntimeError: "sinh_out" not implemented for 'ComplexFloat'
test_foreach.py::TestForeachXPU::test_unary_fastpath__foreach_tan_xpu_complex128 ... RuntimeError: "tan_out" not implemented for 'ComplexDouble'
test_foreach.py::TestForeachXPU::test_unary_fastpath__foreach_tan_xpu_complex64 ... RuntimeError: "tan_out" not implemented for 'ComplexFloat'
test_foreach.py::TestForeachXPU::test_unary_fastpath__foreach_tanh_xpu_complex128 ... RuntimeError: "tanh_out" not implemented for 'ComplexDouble'
test_foreach.py::TestForeachXPU::test_unary_fastpath__foreach_tanh_xpu_complex64 ... RuntimeError: "tanh_out" not implemented for 'ComplexFloat'
test_foreach.py::TestForeachXPU::test_unary_op_tensors_on_different_devices__foreach_abs_xpu_bool ... RuntimeError: "abs_out" not implemented for 'Bool'
test_foreach.py::TestForeachXPU::test_unary_op_tensors_on_different_devices__foreach_abs_xpu_complex128 ... RuntimeError: "abs_out" not implemented for 'ComplexDouble'
test_foreach.py::TestForeachXPU::test_unary_op_tensors_on_different_devices__foreach_abs_xpu_complex64 ... RuntimeError: "abs_out" not implemented for 'ComplexFloat'
test_foreach.py::TestForeachXPU::test_unary_op_tensors_on_different_devices__foreach_acos_xpu_complex128 ... RuntimeError: "acos_out" not implemented for 'ComplexDouble'
test_foreach.py::TestForeachXPU::test_unary_op_tensors_on_different_devices__foreach_acos_xpu_complex64 ... RuntimeError: "acos_out" not implemented for 'ComplexFloat'
test_foreach.py::TestForeachXPU::test_unary_op_tensors_on_different_devices__foreach_asin_xpu_complex128 ... RuntimeError: "asin_out" not implemented for 'ComplexDouble'
test_foreach.py::TestForeachXPU::test_unary_op_tensors_on_different_devices__foreach_asin_xpu_complex64 ... RuntimeError: "asin_out" not implemented for 'ComplexFloat'
test_foreach.py::TestForeachXPU::test_unary_op_tensors_on_different_devices__foreach_atan_xpu_complex128 ... RuntimeError: "atan_out" not implemented for 'ComplexDouble'
test_foreach.py::TestForeachXPU::test_unary_op_tensors_on_different_devices__foreach_atan_xpu_complex64 ... RuntimeError: "atan_out" not implemented for 'ComplexFloat'
test_foreach.py::TestForeachXPU::test_unary_op_tensors_on_different_devices__foreach_cos_xpu_complex128 ... RuntimeError: "cos_out" not implemented for 'ComplexDouble'
test_foreach.py::TestForeachXPU::test_unary_op_tensors_on_different_devices__foreach_cos_xpu_complex64 ... RuntimeError: "cos_out" not implemented for 'ComplexFloat'
test_foreach.py::TestForeachXPU::test_unary_op_tensors_on_different_devices__foreach_cosh_xpu_complex128 ... RuntimeError: "cosh_out" not implemented for 'ComplexDouble'
test_foreach.py::TestForeachXPU::test_unary_op_tensors_on_different_devices__foreach_cosh_xpu_complex64 ... RuntimeError: "cosh_out" not implemented for 'ComplexFloat'
test_foreach.py::TestForeachXPU::test_unary_op_tensors_on_different_devices__foreach_exp_xpu_complex128 ... RuntimeError: "exp_out" not implemented for 'ComplexDouble'
test_foreach.py::TestForeachXPU::test_unary_op_tensors_on_different_devices__foreach_exp_xpu_complex64 ... RuntimeError: "exp_out" not implemented for 'ComplexFloat'
test_foreach.py::TestForeachXPU::test_unary_op_tensors_on_different_devices__foreach_log10_xpu_complex128 ... RuntimeError: "log10_out" not implemented for 'ComplexDouble'
test_foreach.py::TestForeachXPU::test_unary_op_tensors_on_different_devices__foreach_log10_xpu_complex64 ... RuntimeError: "log10_out" not implemented for 'ComplexFloat'
test_foreach.py::TestForeachXPU::test_unary_op_tensors_on_different_devices__foreach_log2_xpu_complex128 ... RuntimeError: "log2_out" not implemented for 'ComplexDouble'
test_foreach.py::TestForeachXPU::test_unary_op_tensors_on_different_devices__foreach_log2_xpu_complex64 ... RuntimeError: "log2_out" not implemented for 'ComplexFloat'
test_foreach.py::TestForeachXPU::test_unary_op_tensors_on_different_devices__foreach_log_xpu_complex128 ... RuntimeError: "log_out" not implemented for 'ComplexDouble'
test_foreach.py::TestForeachXPU::test_unary_op_tensors_on_different_devices__foreach_log_xpu_complex64 ... RuntimeError: "log_out" not implemented for 'ComplexFloat'
test_foreach.py::TestForeachXPU::test_unary_op_tensors_on_different_devices__foreach_neg_xpu_complex128 ... RuntimeError: "neg_out" not implemented for 'ComplexDouble'
test_foreach.py::TestForeachXPU::test_unary_op_tensors_on_different_devices__foreach_neg_xpu_complex64 ... RuntimeError: "neg_out" not implemented for 'ComplexFloat'
test_foreach.py::TestForeachXPU::test_unary_op_tensors_on_different_devices__foreach_sin_xpu_complex128 ... RuntimeError: "sin_out" not implemented for 'ComplexDouble'
test_foreach.py::TestForeachXPU::test_unary_op_tensors_on_different_devices__foreach_sin_xpu_complex64 ... RuntimeError: "sin_out" not implemented for 'ComplexFloat'
test_foreach.py::TestForeachXPU::test_unary_op_tensors_on_different_devices__foreach_sinh_xpu_complex128 ... RuntimeError: "sinh_out" not implemented for 'ComplexDouble'
test_foreach.py::TestForeachXPU::test_unary_op_tensors_on_different_devices__foreach_sinh_xpu_complex64 ... RuntimeError: "sinh_out" not implemented for 'ComplexFloat'
test_foreach.py::TestForeachXPU::test_unary_op_tensors_on_different_devices__foreach_tan_xpu_complex128 ... RuntimeError: "tan_out" not implemented for 'ComplexDouble'
test_foreach.py::TestForeachXPU::test_unary_op_tensors_on_different_devices__foreach_tan_xpu_complex64 ... RuntimeError: "tan_out" not implemented for 'ComplexFloat'
test_foreach.py::TestForeachXPU::test_unary_op_tensors_on_different_devices__foreach_tanh_xpu_complex128 ... RuntimeError: "tanh_out" not implemented for 'ComplexDouble'
test_foreach.py::TestForeachXPU::test_unary_op_tensors_on_different_devices__foreach_tanh_xpu_complex64 ... RuntimeError: "tanh_out" not implemented for 'ComplexFloat'
test_torch.py::TestTorchDeviceTypeXPU::test_bernoulli_self_xpu_bool ... RuntimeError: "bernoulli_scalar_dpcpp" not implemented for 'Bool'
test_torch.py::TestTorchDeviceTypeXPU::test_bernoulli_self_xpu_int16 ... RuntimeError: "bernoulli_scalar_dpcpp" not implemented for 'Short'
test_torch.py::TestTorchDeviceTypeXPU::test_bernoulli_self_xpu_int32 ... RuntimeError: "bernoulli_scalar_dpcpp" not implemented for 'Int'
test_torch.py::TestTorchDeviceTypeXPU::test_bernoulli_self_xpu_int64 ... RuntimeError: "bernoulli_scalar_dpcpp" not implemented for 'Long'
test_torch.py::TestTorchDeviceTypeXPU::test_bernoulli_self_xpu_int8 ... RuntimeError: "bernoulli_scalar_dpcpp" not implemented for 'Char'
test_torch.py::TestTorchDeviceTypeXPU::test_bernoulli_self_xpu_uint8 ... RuntimeError: "bernoulli_scalar_dpcpp" not implemented for 'Byte'
test_torch.py::TestTorchDeviceTypeXPU::test_clone_all_dtypes_and_devices_xpu ... RuntimeError: "eq_dpcpp" not implemented for 'ComplexFloat'
test_torch.py::TestTorchDeviceTypeXPU::test_exponential_kstest_xpu_bfloat16 ... RuntimeError: "exponential_dpcpp_" not implemented for 'BFloat16'
test_torch.py::TestTorchDeviceTypeXPU::test_exponential_kstest_xpu_float16 ... RuntimeError: "exponential_dpcpp_" not implemented for 'Half'
test_torch.py::TestTorchDeviceTypeXPU::test_exponential_no_zero_xpu_float16 ... RuntimeError: "exponential_dpcpp_" not implemented for 'Half'
test_torch.py::TestTorchDeviceTypeXPU::test_exponential_xpu_bfloat16 ... RuntimeError: "exponential_dpcpp_" not implemented for 'BFloat16'
test_torch.py::TestTorchDeviceTypeXPU::test_exponential_xpu_float16 ... RuntimeError: "exponential_dpcpp_" not implemented for 'Half'
test_torch.py::TestTorchDeviceTypeXPU::test_index_copy_scalars_xpu_bool ... RuntimeError: "indexCopy" not implemented for 'Bool'
test_torch.py::TestTorchDeviceTypeXPU::test_index_copy_xpu_bool ... RuntimeError: "indexCopy" not implemented for 'Bool'
test_torch.py::TestTorchDeviceTypeXPU::test_index_fill_xpu_bool ... RuntimeError: "indexFill" not implemented for 'Bool'
test_torch.py::TestTorchDeviceTypeXPU::test_masked_fill_bool_tensor_xpu ... RuntimeError: "MaskedFill" not implemented for 'Bool'
test_torch.py::TestTorchDeviceTypeXPU::test_masked_scatter_bool_tensor_xpu ... RuntimeError: "MaskedScatter" not implemented for 'Bool'
test_torch.py::TestTorchDeviceTypeXPU::test_masked_select_xpu_bool ... RuntimeError: "MaskedSelect" not implemented for 'Bool'
test_torch.py::TestTorchDeviceTypeXPU::test_multinomial_xpu_float16 ... RuntimeError: "multinomial" not implemented for 'Half'
test_torch.py::TestTorchDeviceTypeXPU::test_put_accumulate_xpu_int16 ... RuntimeError: "put_" not implemented for 'Short'
test_torch.py::TestTorchDeviceTypeXPU::test_put_accumulate_xpu_int8 ... RuntimeError: "put_" not implemented for 'Char'
test_torch.py::TestTorchDeviceTypeXPU::test_put_accumulate_xpu_uint8 ... RuntimeError: "put_" not implemented for 'Byte'
test_torch.py::TestTorchDeviceTypeXPU::test_put_xpu_int16 ... RuntimeError: "put_" not implemented for 'Short'
test_torch.py::TestTorchDeviceTypeXPU::test_put_xpu_int8 ... RuntimeError: "put_" not implemented for 'Char'
test_torch.py::TestTorchDeviceTypeXPU::test_put_xpu_uint8 ... RuntimeError: "put_" not implemented for 'Byte'
test_tensor_creation_ops.py::TestTensorCreationXPU::test_arange_bfloat16_xpu ... RuntimeError: "arange_dpcpp" not implemented for 'BFloat16'
test_tensor_creation_ops.py::TestTensorCreationXPU::test_block_diag_scipy_xpu ... RuntimeError: "eq_dpcpp" not implemented for 'ComplexFloat'
test_tensor_creation_ops.py::TestTensorCreationXPU::test_block_diag_xpu ... RuntimeError: "eq_dpcpp" not implemented for 'ComplexFloat'
test_tensor_creation_ops.py::TestTensorCreationXPU::test_empty_full_xpu ... RuntimeError: "eq_dpcpp" not implemented for 'ComplexFloat'
test_tensor_creation_ops.py::TestTensorCreationXPU::test_fill_all_dtypes_and_devices_xpu ... RuntimeError: "eq_dpcpp" not implemented for 'ComplexFloat'
test_tensor_creation_ops.py::TestTensorCreationXPU::test_large_linspace_xpu_int32 ... RuntimeError: "linspace_dpcpp" not implemented for 'Int'
test_tensor_creation_ops.py::TestTensorCreationXPU::test_large_linspace_xpu_int64 ... RuntimeError: "linspace_dpcpp" not implemented for 'Long'
test_tensor_creation_ops.py::TestTensorCreationXPU::test_linspace_deduction_xpu ... RuntimeError: "linspace_dpcpp" not implemented for 'ComplexFloat'
test_tensor_creation_ops.py::TestTensorCreationXPU::test_linspace_device_vs_cpu_xpu_bfloat16 ... RuntimeError: "linspace_dpcpp" not implemented for 'BFloat16'
test_tensor_creation_ops.py::TestTensorCreationXPU::test_linspace_device_vs_cpu_xpu_float16 ... RuntimeError: "linspace_dpcpp" not implemented for 'Half'
test_tensor_creation_ops.py::TestTensorCreationXPU::test_logspace_deduction_xpu ... RuntimeError: "logspace_dpcpp" not implemented for 'ComplexFloat'
test_tensor_creation_ops.py::TestTensorCreationXPU::test_roll_xpu ... RuntimeError: "roll_dpcpp" not implemented for 'Long'
test_tensor_creation_ops.py::TestTensorCreationXPU::test_signal_window_functions_xpu_bfloat16 ... RuntimeError: "arange_dpcpp" not implemented for 'BFloat16'
test_tensor_creation_ops.py::TestTensorCreationXPU::test_tensor_factories_empty_xpu ... RuntimeError: "normal_dpcpp" not implemented for 'ComplexFloat'
test_tensor_creation_ops.py::TestTensorCreationXPU::test_torch_complex_xpu_float32 ... RuntimeError: "eq_dpcpp" not implemented for 'ComplexFloat'
test_tensor_creation_ops.py::TestTensorCreationXPU::test_torch_complex_xpu_float64 ... RuntimeError: "eq_dpcpp" not implemented for 'ComplexDouble'
test_tensor_creation_ops.py::TestTensorCreationXPU::test_triu_tril_xpu ... RuntimeError: "triu" not implemented for 'ComplexFloat'
test_tensor_creation_ops.py::TestTensorCreationXPU::test_zeros_xpu ... RuntimeError: "eq_dpcpp" not implemented for 'ComplexFloat'
test_indexing.py::TestIndexingXPU::test_index_put_accumulate_large_tensor_xpu ... RuntimeError: "index_put" not implemented for 'Char'
test_indexing.py::TestIndexingXPU::test_index_put_src_datatype_xpu_bool ... RuntimeError: "index_put" not implemented for 'Bool'
test_binary_ufuncs.py::TestBinaryUfuncsXPU::test___rtruediv___not_implemented_xpu_int16 ... RuntimeError: Found dtype Float but expected Short
test_binary_ufuncs.py::TestBinaryUfuncsXPU::test___rtruediv___not_implemented_xpu_int32 ... RuntimeError: Found dtype Float but expected Int
test_binary_ufuncs.py::TestBinaryUfuncsXPU::test___rtruediv___not_implemented_xpu_int64 ... RuntimeError: Found dtype Float but expected Long
test_binary_ufuncs.py::TestBinaryUfuncsXPU::test___rtruediv___not_implemented_xpu_int8 ... RuntimeError: Found dtype Float but expected Char
test_binary_ufuncs.py::TestBinaryUfuncsXPU::test___rtruediv___not_implemented_xpu_uint8 ... RuntimeError: Found dtype Float but expected Byte
test_binary_ufuncs.py::TestBinaryUfuncsXPU::test_add_xpu ... RuntimeError: "normal_dpcpp" not implemented for 'ComplexFloat'
test_binary_ufuncs.py::TestBinaryUfuncsXPU::test_binary_ops_with_scalars_xpu ... RuntimeError: Found dtype Float but expected Long
test_binary_ufuncs.py::TestBinaryUfuncsXPU::test_comparison_ops_type_promotion_and_broadcasting_xpu_bfloat16_bfloat16 ... RuntimeError: "logical_and_kernel" not implemented for 'BFloat16'
test_binary_ufuncs.py::TestBinaryUfuncsXPU::test_comparison_ops_type_promotion_and_broadcasting_xpu_bfloat16_bool ... RuntimeError: "logical_and_kernel" not implemented for 'BFloat16'
test_binary_ufuncs.py::TestBinaryUfuncsXPU::test_logical_and_xpu_bfloat16_bfloat16 ... RuntimeError: "logical_and_kernel" not implemented for 'BFloat16'
test_binary_ufuncs.py::TestBinaryUfuncsXPU::test_logical_and_xpu_bfloat16_bool ... RuntimeError: "logical_and_kernel" not implemented for 'BFloat16'
test_binary_ufuncs.py::TestBinaryUfuncsXPU::test_logical_and_xpu_bfloat16_float16 ... RuntimeError: "logical_and_kernel" not implemented for 'BFloat16'
test_binary_ufuncs.py::TestBinaryUfuncsXPU::test_logical_and_xpu_bfloat16_float32 ... RuntimeError: "logical_and_kernel" not implemented for 'BFloat16'
test_binary_ufuncs.py::TestBinaryUfuncsXPU::test_logical_and_xpu_bfloat16_float64 ... RuntimeError: "logical_and_kernel" not implemented for 'BFloat16'
test_binary_ufuncs.py::TestBinaryUfuncsXPU::test_logical_and_xpu_bfloat16_int16 ... RuntimeError: "logical_and_kernel" not implemented for 'BFloat16'
test_binary_ufuncs.py::TestBinaryUfuncsXPU::test_logical_and_xpu_bfloat16_int32 ... RuntimeError: "logical_and_kernel" not implemented for 'BFloat16'
test_binary_ufuncs.py::TestBinaryUfuncsXPU::test_logical_and_xpu_bfloat16_int64 ... RuntimeError: "logical_and_kernel" not implemented for 'BFloat16'
test_binary_ufuncs.py::TestBinaryUfuncsXPU::test_logical_and_xpu_bfloat16_int8 ... RuntimeError: "logical_and_kernel" not implemented for 'BFloat16'
test_binary_ufuncs.py::TestBinaryUfuncsXPU::test_logical_and_xpu_bfloat16_uint8 ... RuntimeError: "logical_and_kernel" not implemented for 'BFloat16'
test_binary_ufuncs.py::TestBinaryUfuncsXPU::test_logical_or_xpu_bfloat16_bfloat16 ... RuntimeError: "logical_or_kernel" not implemented for 'BFloat16'
test_binary_ufuncs.py::TestBinaryUfuncsXPU::test_logical_or_xpu_bfloat16_bool ... RuntimeError: "logical_or_kernel" not implemented for 'BFloat16'
test_binary_ufuncs.py::TestBinaryUfuncsXPU::test_logical_or_xpu_bfloat16_float16 ... RuntimeError: "logical_or_kernel" not implemented for 'BFloat16'
test_binary_ufuncs.py::TestBinaryUfuncsXPU::test_logical_or_xpu_bfloat16_float32 ... RuntimeError: "logical_or_kernel" not implemented for 'BFloat16'
test_binary_ufuncs.py::TestBinaryUfuncsXPU::test_logical_or_xpu_bfloat16_float64 ... RuntimeError: "logical_or_kernel" not implemented for 'BFloat16'
test_binary_ufuncs.py::TestBinaryUfuncsXPU::test_logical_or_xpu_bfloat16_int16 ... RuntimeError: "logical_or_kernel" not implemented for 'BFloat16'
test_binary_ufuncs.py::TestBinaryUfuncsXPU::test_logical_or_xpu_bfloat16_int32 ... RuntimeError: "logical_or_kernel" not implemented for 'BFloat16'
test_binary_ufuncs.py::TestBinaryUfuncsXPU::test_logical_or_xpu_bfloat16_int64 ... RuntimeError: "logical_or_kernel" not implemented for 'BFloat16'
test_binary_ufuncs.py::TestBinaryUfuncsXPU::test_logical_or_xpu_bfloat16_int8 ... RuntimeError: "logical_or_kernel" not implemented for 'BFloat16'
test_binary_ufuncs.py::TestBinaryUfuncsXPU::test_logical_or_xpu_bfloat16_uint8 ... RuntimeError: "logical_or_kernel" not implemented for 'BFloat16'
test_binary_ufuncs.py::TestBinaryUfuncsXPU::test_logical_xor_xpu_bfloat16_bfloat16 ... RuntimeError: "logical_xor_kernel" not implemented for 'BFloat16'
test_binary_ufuncs.py::TestBinaryUfuncsXPU::test_logical_xor_xpu_bfloat16_bool ... RuntimeError: "logical_xor_kernel" not implemented for 'BFloat16'
test_binary_ufuncs.py::TestBinaryUfuncsXPU::test_logical_xor_xpu_bfloat16_float16 ... RuntimeError: "logical_xor_kernel" not implemented for 'BFloat16'
test_binary_ufuncs.py::TestBinaryUfuncsXPU::test_logical_xor_xpu_bfloat16_float32 ... RuntimeError: "logical_xor_kernel" not implemented for 'BFloat16'
test_binary_ufuncs.py::TestBinaryUfuncsXPU::test_logical_xor_xpu_bfloat16_float64 ... RuntimeError: "logical_xor_kernel" not implemented for 'BFloat16'
test_binary_ufuncs.py::TestBinaryUfuncsXPU::test_logical_xor_xpu_bfloat16_int16 ... RuntimeError: "logical_xor_kernel" not implemented for 'BFloat16'
test_binary_ufuncs.py::TestBinaryUfuncsXPU::test_logical_xor_xpu_bfloat16_int32 ... RuntimeError: "logical_xor_kernel" not implemented for 'BFloat16'
test_binary_ufuncs.py::TestBinaryUfuncsXPU::test_logical_xor_xpu_bfloat16_int64 ... RuntimeError: "logical_xor_kernel" not implemented for 'BFloat16'
test_binary_ufuncs.py::TestBinaryUfuncsXPU::test_logical_xor_xpu_bfloat16_int8 ... RuntimeError: "logical_xor_kernel" not implemented for 'BFloat16'
test_binary_ufuncs.py::TestBinaryUfuncsXPU::test_logical_xor_xpu_bfloat16_uint8 ... RuntimeError: "logical_xor_kernel" not implemented for 'BFloat16'
test_binary_ufuncs.py::TestBinaryUfuncsXPU::test_maximum_minimum_cross_device_xpu ... RuntimeError: iter.device(arg).type() == at::kXPUINTERNAL ASSERT FAILED at "/home/gta/xunsongh/ipex-dev/csrc/aten/operators/Loops.h":455, please report a bug to PyTorch. 
test_binary_ufuncs.py::TestBinaryUfuncsXPU::test_muldiv_scalar_xpu_bool ... RuntimeError: Found dtype Float but expected Bool
test_binary_ufuncs.py::TestBinaryUfuncsXPU::test_muldiv_scalar_xpu_int16 ... RuntimeError: Found dtype Float but expected Short
test_binary_ufuncs.py::TestBinaryUfuncsXPU::test_muldiv_scalar_xpu_int32 ... RuntimeError: Found dtype Float but expected Int
test_binary_ufuncs.py::TestBinaryUfuncsXPU::test_muldiv_scalar_xpu_int64 ... RuntimeError: Found dtype Float but expected Long
test_binary_ufuncs.py::TestBinaryUfuncsXPU::test_muldiv_scalar_xpu_int8 ... RuntimeError: Found dtype Float but expected Char
test_binary_ufuncs.py::TestBinaryUfuncsXPU::test_muldiv_scalar_xpu_uint8 ... RuntimeError: Found dtype Float but expected Byte
test_binary_ufuncs.py::TestBinaryUfuncsXPU::test_xpu_tensor_pow_scalar_tensor_xpu ... RuntimeError: iter.device(arg).type() == at::kXPUINTERNAL ASSERT FAILED at "/home/gta/xunsongh/ipex-dev/csrc/aten/operators/Loops.h":455, please report a bug to PyTorch. 
test_linalg.py::TestLinalgXPU::test_addmv_rowmajor_colmajor_incx_incy_lda_xpu_bfloat16 ... RuntimeError: "arange_dpcpp" not implemented for 'BFloat16'
test_linalg.py::TestLinalgXPU::test_mm_bmm_non_memory_dense_xpu ... RuntimeError: "normal_dpcpp" not implemented for 'ComplexFloat'
test_reductions.py::TestReductionsXPU::test_amax_xpu_bool ... RuntimeError: "max" not implemented for 'Bool'
test_reductions.py::TestReductionsXPU::test_dim_reduction_xpu_bfloat16 ... RuntimeError: "prod" not implemented for 'BFloat16'
test_reductions.py::TestReductionsXPU::test_dim_reduction_xpu_float16 ... RuntimeError: "prod" not implemented for 'Half'
test_reductions.py::TestReductionsXPU::test_max_xpu_bool ... RuntimeError: "max" not implemented for 'Bool'
test_reductions.py::TestReductionsXPU::test_result_dtype_amax_xpu_bool ... RuntimeError: "max" not implemented for 'Bool'
test_reductions.py::TestReductionsXPU::test_result_dtype_mean_xpu_complex128 ... RuntimeError: "mean" not implemented for 'ComplexDouble'
test_reductions.py::TestReductionsXPU::test_result_dtype_mean_xpu_complex64 ... RuntimeError: "mean" not implemented for 'ComplexFloat'
test_reductions.py::TestReductionsXPU::test_result_dtype_prod_xpu_complex128 ... RuntimeError: "prod" not implemented for 'ComplexDouble'
test_reductions.py::TestReductionsXPU::test_result_dtype_prod_xpu_complex64 ... RuntimeError: "prod" not implemented for 'ComplexFloat'
test_reductions.py::TestReductionsXPU::test_result_dtype_sum_xpu_complex128 ... RuntimeError: "sum" not implemented for 'ComplexDouble'
test_reductions.py::TestReductionsXPU::test_result_dtype_sum_xpu_complex64 ... RuntimeError: "sum" not implemented for 'ComplexFloat'
test_ops.py::TestCommonXPU::test_reference_testing_add_xpu_complex64 ... RuntimeError: "_local_scalar_dense_dpcpp" not implemented for 'ComplexFloat'
test_ops.py::TestCommonXPU::test_reference_testing_linalg_tensorinv_xpu_complex64 ... RuntimeError: "svd_xpu" not implemented for 'ComplexFloat'
test_ops.py::TestCommonXPU::test_reference_testing_roll_xpu_complex64 ... RuntimeError: "roll_dpcpp" not implemented for 'ComplexFloat'
test_ops.py::TestCommonXPU::test_reference_testing_roll_xpu_int64 ... RuntimeError: "roll_dpcpp" not implemented for 'Long'
test_ops.py::TestCommonXPU::test_reference_testing_sub_xpu_complex64 ... RuntimeError: "_local_scalar_dense_dpcpp" not implemented for 'ComplexFloat'
test_sparse.py::TestSparseUnaryUfuncsXPU::test_sparse_consistency_asin_xpu_complex64 ... RuntimeError: "asin_out" not implemented for 'ComplexFloat'
test_sparse.py::TestSparseUnaryUfuncsXPU::test_sparse_consistency_asin_xpu_int64 ... RuntimeError: "asin_out" not implemented for 'Long'
test_sparse.py::TestSparseUnaryUfuncsXPU::test_sparse_consistency_asin_xpu_uint8 ... RuntimeError: "asin_out" not implemented for 'Byte'
test_sort_and_select.py::TestSortAndSelectXPU::test_topk_bfloat16_xpu_bfloat16 ... RuntimeError: "flip_dpcpp" not implemented for 'BFloat16'
test_sort_and_select.py::TestSortAndSelectXPU::test_unique_consecutive_xpu_bool ... RuntimeError: "unique" not implemented for 'Bool'
test_sort_and_select.py::TestSortAndSelectXPU::test_unique_consecutive_xpu_float16 ... RuntimeError: "unique" not implemented for 'Half'
test_sort_and_select.py::TestSortAndSelectXPU::test_unique_dim_xpu ... RuntimeError: "unique_dim" not implemented for 'Bool'
test_sort_and_select.py::TestSortAndSelectXPU::test_unique_xpu_bool ... RuntimeError: "unique" not implemented for 'Bool'
test_sort_and_select.py::TestSortAndSelectXPU::test_unique_xpu_float16 ... RuntimeError: "unique" not implemented for 'Half'
test_view_ops.py::TestViewOpsXPU::test_conj_view_with_shared_memory_xpu ... RuntimeError: "normal_dpcpp" not implemented for 'ComplexFloat'
test_view_ops.py::TestViewOpsXPU::test_view_as_complex_xpu ... RuntimeError: "eq_dpcpp" not implemented for 'ComplexFloat'
