test_unary_ufuncs.py::TestUnaryUfuncsXPU::test_contig_size1_large_dim_sqrt_xpu_float32 ... AssertionError: False is not true : Tensors failed to compare as equal!With rtol=1.3e-06 and atol=0.001, found 17130 element(s) (out of 17280) whose difference(s) exceeded the margin of error (including 0 nan comparisons). The greatest difference was 0.9997885823249817 (0.9999610185623169 vs. 0.00017243623733520508), which occurred at index (0, 0, 0, 0, 1, 0, 0, 0, 0, 1, 1, 3).
test_unary_ufuncs.py::TestUnaryUfuncsXPU::test_contig_size1_large_dim_square_xpu_int64 ... AssertionError: False is not true : Tensors failed to compare as equal!Found 17280 different element(s) (out of 17280), with the greatest difference of 9223371974577804046 (-4536204937087411540 vs. 4687167037490392506) occuring at index (0, 0, 2, 0, 0, 1, 2, 1, 0, 1, 0, 3).
test_unary_ufuncs.py::TestUnaryUfuncsXPU::test_contig_size1_large_dim_square_xpu_uint8 ... AssertionError: False is not true : Tensors failed to compare as equal!Found 9325 different element(s) (out of 17280), with the greatest difference of 255 (0 vs. 255) occuring at index (0, 0, 0, 0, 0, 0, 0, 0, 0, 0, 2, 1).
test_unary_ufuncs.py::TestUnaryUfuncsXPU::test_contig_size1_square_xpu_int64 ... AssertionError: False is not true : Tensors failed to compare as equal!Found 50 different element(s) (out of 50), with the greatest difference of 9218090921435590667 (-4558168182223154029 vs. 4659922739212436638) occuring at index (0, 10).
test_unary_ufuncs.py::TestUnaryUfuncsXPU::test_contig_size1_square_xpu_uint8 ... AssertionError: False is not true : Tensors failed to compare as equal!Found 43 different element(s) (out of 50), with the greatest difference of 255 (0 vs. 255) occuring at index (0, 1).
test_unary_ufuncs.py::TestUnaryUfuncsXPU::test_contig_vs_every_other_lgamma_xpu_float32 ... AssertionError: False is not true : Tensors failed to compare as equal!With rtol=1.3e-06 and atol=0.001, found 512 element(s) (out of 513) whose difference(s) exceeded the margin of error (including 0 nan comparisons). The greatest difference was 20.354680061340332 (10.05265998840332 vs. -10.302020072937012), which occurred at index 98.
test_unary_ufuncs.py::TestUnaryUfuncsXPU::test_contig_vs_every_other_sqrt_xpu_bfloat16 ... AssertionError: False is not true : Tensors failed to compare as equal!With rtol=0.016 and atol=0.07, found 460 element(s) (out of 513) whose difference(s) exceeded the margin of error (including 0 nan comparisons). The greatest difference was 2.671875 (2.9375 vs. 0.265625), which occurred at index 24.
test_unary_ufuncs.py::TestUnaryUfuncsXPU::test_contig_vs_every_other_sqrt_xpu_float32 ... AssertionError: False is not true : Tensors failed to compare as equal!With rtol=1.3e-06 and atol=0.001, found 512 element(s) (out of 513) whose difference(s) exceeded the margin of error (including 0 nan comparisons). The greatest difference was 2.64965857565403 (0.19619475305080414 vs. 2.845853328704834), which occurred at index 300.
test_unary_ufuncs.py::TestUnaryUfuncsXPU::test_contig_vs_every_other_square_xpu_int64 ... AssertionError: False is not true : Tensors failed to compare as equal!Found 513 different element(s) (out of 513), with the greatest difference of 9221659341341791402 (-4536385540461734278 vs. 4685273800880057124) occuring at index 451.
test_unary_ufuncs.py::TestUnaryUfuncsXPU::test_contig_vs_every_other_square_xpu_uint8 ... AssertionError: False is not true : Tensors failed to compare as equal!Found 304 different element(s) (out of 513), with the greatest difference of 255 (255 vs. 0) occuring at index 9.
test_unary_ufuncs.py::TestUnaryUfuncsXPU::test_contig_vs_transposed_square_xpu_int64 ... AssertionError: False is not true : Tensors failed to compare as equal!Found 281673 different element(s) (out of 281673), with the greatest difference of 5368290754747935268 (-5368290754747935268 vs. 0) occuring at index (37, 313).
test_unary_ufuncs.py::TestUnaryUfuncsXPU::test_contig_vs_transposed_square_xpu_uint8 ... AssertionError: False is not true : Tensors failed to compare as equal!Found 449 different element(s) (out of 281673), with the greatest difference of 254 (255 vs. 1) occuring at index (11, 5).
test_unary_ufuncs.py::TestUnaryUfuncsXPU::test_non_contig_expand_lgamma_xpu_float32 ... AssertionError: False is not true : Tensors failed to compare as equal!With rtol=1.3e-06 and atol=0.001, found 3 element(s) (out of 3) whose difference(s) exceeded the margin of error (including 0 nan comparisons). The greatest difference was 7.448609411716461 (-0.4466065764427185 vs. -7.89521598815918), which occurred at index (0, 1).
test_unary_ufuncs.py::TestUnaryUfuncsXPU::test_non_contig_expand_sqrt_xpu_bfloat16 ... AssertionError: False is not true : Tensors failed to compare as equal!With rtol=0.016 and atol=0.07, found 3 element(s) (out of 3) whose difference(s) exceeded the margin of error (including 3 nan comparisons). The greatest difference was nan (0.53125 vs. nan), which occurred at index (0, 0).
test_unary_ufuncs.py::TestUnaryUfuncsXPU::test_non_contig_expand_sqrt_xpu_float32 ... AssertionError: False is not true : Tensors failed to compare as equal!With rtol=1.3e-06 and atol=0.001, found 3 element(s) (out of 3) whose difference(s) exceeded the margin of error (including 0 nan comparisons). The greatest difference was 2.16159725189209 (2.9978809356689453 vs. 0.8362836837768555), which occurred at index (0, 1).
test_unary_ufuncs.py::TestUnaryUfuncsXPU::test_non_contig_expand_square_xpu_int64 ... AssertionError: False is not true : Tensors failed to compare as equal!Found 3 different element(s) (out of 3), with the greatest difference of 4722884784421636525 (4722884784421636516 vs. -9) occuring at index (0, 1).
test_unary_ufuncs.py::TestUnaryUfuncsXPU::test_non_contig_expand_square_xpu_uint8 ... AssertionError: False is not true : Tensors failed to compare as equal!Found 3 different element(s) (out of 3), with the greatest difference of 143 (143 vs. 0) occuring at index (0, 2).
test_unary_ufuncs.py::TestUnaryUfuncsXPU::test_non_contig_index_lgamma_xpu_float32 ... AssertionError: False is not true : Tensors failed to compare as equal!With rtol=1.3e-06 and atol=0.001, found 2 element(s) (out of 4) whose difference(s) exceeded the margin of error (including 0 nan comparisons). The greatest difference was 4.324230909347534 (6.0615668296813965 vs. 1.7373359203338623), which occurred at index (1, 0, 0).
test_unary_ufuncs.py::TestUnaryUfuncsXPU::test_non_contig_index_sqrt_xpu_bfloat16 ... AssertionError: False is not true : Tensors failed to compare as equal!With rtol=0.016 and atol=0.07, found 2 element(s) (out of 4) whose difference(s) exceeded the margin of error (including 0 nan comparisons). The greatest difference was 2.30078125 (0.62109375 vs. 2.921875), which occurred at index (1, 0, 1).
test_unary_ufuncs.py::TestUnaryUfuncsXPU::test_non_contig_index_sqrt_xpu_float32 ... AssertionError: False is not true : Tensors failed to compare as equal!With rtol=1.3e-06 and atol=0.001, found 2 element(s) (out of 4) whose difference(s) exceeded the margin of error (including 0 nan comparisons). The greatest difference was 0.7540874481201172 (2.1658473014831543 vs. 2.9199347496032715), which occurred at index (1, 0, 0).
test_unary_ufuncs.py::TestUnaryUfuncsXPU::test_non_contig_index_square_xpu_int64 ... AssertionError: False is not true : Tensors failed to compare as equal!Found 4 different element(s) (out of 4), with the greatest difference of 9198924060801437988 (4613401770903347784 vs. -4585522289898090204) occuring at index (1, 0, 0).
test_unary_ufuncs.py::TestUnaryUfuncsXPU::test_non_contig_index_square_xpu_uint8 ... AssertionError: False is not true : Tensors failed to compare as equal!Found 4 different element(s) (out of 4), with the greatest difference of 129 (193 vs. 64) occuring at index (1, 0, 1).
test_unary_ufuncs.py::TestUnaryUfuncsXPU::test_non_contig_lgamma_xpu_float32 ... AssertionError: False is not true : Tensors failed to compare as equal!With rtol=1.3e-06 and atol=0.001, found 34 element(s) (out of 35) whose difference(s) exceeded the margin of error (including 0 nan comparisons). The greatest difference was 18.178931713104248 (-10.513973236083984 vs. 7.664958477020264), which occurred at index (1, 3).
test_unary_ufuncs.py::TestUnaryUfuncsXPU::test_non_contig_sqrt_xpu_bfloat16 ... AssertionError: False is not true : Tensors failed to compare as equal!With rtol=0.016 and atol=0.07, found 32 element(s) (out of 35) whose difference(s) exceeded the margin of error (including 0 nan comparisons). The greatest difference was 2.50390625 (0.32421875 vs. 2.828125), which occurred at index (2, 4).
test_unary_ufuncs.py::TestUnaryUfuncsXPU::test_non_contig_sqrt_xpu_float32 ... AssertionError: False is not true : Tensors failed to compare as equal!With rtol=1.3e-06 and atol=0.001, found 34 element(s) (out of 35) whose difference(s) exceeded the margin of error (including 0 nan comparisons). The greatest difference was 2.1859657168388367 (0.272616446018219 vs. 2.4585821628570557), which occurred at index (4, 6).
test_unary_ufuncs.py::TestUnaryUfuncsXPU::test_non_contig_square_xpu_int64 ... AssertionError: False is not true : Tensors failed to compare as equal!Found 35 different element(s) (out of 35), with the greatest difference of 226687188479869390 (4530222432052405608 vs. 4303535243572536218) occuring at index (4, 5).
test_unary_ufuncs.py::TestUnaryUfuncsXPU::test_non_contig_square_xpu_uint8 ... AssertionError: False is not true : Tensors failed to compare as equal!Found 35 different element(s) (out of 35), with the greatest difference of 255 (255 vs. 0) occuring at index (0, 4).
test_unary_ufuncs.py::TestUnaryUfuncsXPU::test_reference_numerics_extremal_asin_xpu_complex64 ... AssertionError: False is not true : Scalars failed to compare as equal! Comparing (0.7853981256484985+infj) and (0.7853981852531433+infj) gives a difference of nan, but the allowed difference with rtol=1.3e-06 and atol=0.001 is only inf!
test_unary_ufuncs.py::TestUnaryUfuncsXPU::test_reference_numerics_extremal_log10_xpu_complex64 ... AssertionError: False is not true : Scalars failed to compare as equal! Comparing (inf+0.341094046831131j) and (inf+0.34109410643577576j) gives a difference of nan, but the allowed difference with rtol=1.3e-06 and atol=0.001 is only inf!
test_unary_ufuncs.py::TestUnaryUfuncsXPU::test_reference_numerics_extremal_log_xpu_complex64 ... AssertionError: False is not true : Scalars failed to compare as equal! Comparing (inf+0.7853981256484985j) and (inf+0.7853981852531433j) gives a difference of nan, but the allowed difference with rtol=1.3e-06 and atol=0.001 is only inf!
test_unary_ufuncs.py::TestUnaryUfuncsXPU::test_reference_numerics_extremal_tan_xpu_complex64 ... AssertionError: False is not true : Scalars failed to compare as equal! Comparing -1j and 1j gives a difference of 2.0, but the allowed difference with rtol=1.3e-06 and atol=0.001 is only 0.0010013!
test_unary_ufuncs.py::TestUnaryUfuncsXPU::test_reference_numerics_extremal_tanh_xpu_complex64 ... AssertionError: False is not true : Scalars failed to compare as equal! Comparing (1+0j) and (-1+0j) gives a difference of 2.0, but the allowed difference with rtol=1.3e-06 and atol=0.001 is only 0.0010013!
test_unary_ufuncs.py::TestUnaryUfuncsXPU::test_reference_numerics_hard_acos_xpu_complex64 ... AssertionError: False is not true : Scalars failed to compare as equal! Comparing (2.356194496154785+7.342583656311035j) and (2.356194019317627+7.256326675415039j) gives a difference of 0.0862569808973141, but the allowed difference with rtol=1.3e-06 and atol=0.01 is only 0.010009918065357209!
test_unary_ufuncs.py::TestUnaryUfuncsXPU::test_reference_numerics_hard_asin_xpu_complex64 ... AssertionError: False is not true : Scalars failed to compare as equal! Comparing (-0.8156919479370117+7.246814727783203j) and (-0.7853977084159851+7.256326675415039j) gives a difference of 0.03175245023471606, but the allowed difference with rtol=1.3e-06 and atol=0.001 is only 0.0010094883191108703!
test_unary_ufuncs.py::TestUnaryUfuncsXPU::test_reference_numerics_hard_cosh_xpu_complex64 ... AssertionError: False is not true : Scalars failed to compare as equal! Comparing (inf+nanj) and (inf-0j) gives a difference of nan, but the allowed difference with rtol=1.3e-06 and atol=0.001 is only inf!
test_unary_ufuncs.py::TestUnaryUfuncsXPU::test_reference_numerics_hard_exp_xpu_complex64 ... AssertionError: False is not true : Scalars failed to compare as equal! Comparing (inf+nanj) and (inf+0j) gives a difference of nan, but the allowed difference with rtol=1.3e-06 and atol=0.001 is only inf!
test_unary_ufuncs.py::TestUnaryUfuncsXPU::test_reference_numerics_hard_sgn_xpu_complex64 ... AssertionError: False is not true : Scalars failed to compare as equal! Comparing (-0+nanj) and (-5.009999705300949e-18-1j) gives a difference of nan, but the allowed difference with rtol=1.3e-06 and atol=0.001 is only 0.0010013!
test_unary_ufuncs.py::TestUnaryUfuncsXPU::test_reference_numerics_hard_sinh_xpu_complex64 ... AssertionError: False is not true : Scalars failed to compare as equal! Comparing (-inf+nanj) and (-inf+0j) gives a difference of nan, but the allowed difference with rtol=1.3e-06 and atol=0.001 is only inf!
test_unary_ufuncs.py::TestUnaryUfuncsXPU::test_reference_numerics_hard_square_xpu_int64 ... AssertionError: False is not true : Scalars failed to compare as equal! Comparing -1113 and 1238769 gives a difference of 1239882, but the allowed difference with rtol=0 and atol=0.001 is only 0.001!
test_unary_ufuncs.py::TestUnaryUfuncsXPU::test_reference_numerics_hard_tan_xpu_complex64 ... AssertionError: False is not true : Tensors failed to compare as equal!With rtol=1.3e-06 and atol=0.001, found 49 element(s) (out of 943593) whose difference(s) exceeded the margin of error (including 0 nan comparisons). The greatest difference was 0.2988535825251729 ((203.6483154296875-53.44596481323242j) vs. (203.3592529296875-53.370094299316406j)), which occurred at index (490, 819).
test_unary_ufuncs.py::TestUnaryUfuncsXPU::test_reference_numerics_hard_tanh_xpu_complex64 ... AssertionError: False is not true : Tensors failed to compare as equal!With rtol=1.3e-06 and atol=0.001, found 35 element(s) (out of 943593) whose difference(s) exceeded the margin of error (including 0 nan comparisons). The greatest difference was 2.687232430613179 ((426.3597412109375+115.59226989746094j) vs. (423.7661437988281+114.88908386230469j)), which occurred at index (1007, 81).
test_unary_ufuncs.py::TestUnaryUfuncsXPU::test_reference_numerics_normal_square_xpu_int64 ... AssertionError: False is not true : Scalars failed to compare as equal! Comparing 4503599628452841888 and 1 gives a difference of 4503599628452841887, but the allowed difference with rtol=0 and atol=0.001 is only 0.001!
test_unary_ufuncs.py::TestUnaryUfuncsXPU::test_reference_numerics_normal_square_xpu_uint8 ... AssertionError: False is not true : Scalars failed to compare as equal! Comparing 17 and 1 gives a difference of 16, but the allowed difference with rtol=0.001 and atol=0.01 is only 0.011!
test_unary_ufuncs.py::TestUnaryUfuncsXPU::test_reference_numerics_normal_tan_xpu_complex64 ... AssertionError: False is not true : Scalars failed to compare as equal! Comparing (inf+nanj) and (22877334+0j) gives a difference of inf, but the allowed difference with rtol=1.3e-06 and atol=0.001 is only 29.741534200000004!
test_unary_ufuncs.py::TestUnaryUfuncsXPU::test_reference_numerics_normal_tanh_xpu_complex64 ... AssertionError: False is not true : Scalars failed to compare as equal! Comparing (nan+infj) and 22877334j gives a difference of inf, but the allowed difference with rtol=1.3e-06 and atol=0.001 is only 29.741534200000004!
test_type_promotion.py::TestTypePromotionXPU::test_computation_ignores_out_xpu ... AssertionError: False is not true : Tensors failed to compare as equal!With rtol=0.001 and atol=0.001, found 1 element(s) (out of 1) whose difference(s) exceeded the margin of error (including 0 nan comparisons). The greatest difference was inf (65984.0 vs. inf), which occurred at index 0.
test_shape_ops.py::TestShapeOpsXPU::test_nonzero_discontiguous_xpu ... AssertionError: False is not true : Tensors failed to compare as equal!Found 14 different element(s) (out of 16), with the greatest difference of 72340172838076673 (0 vs. 72340172838076673) occuring at index (0, 0).
test_autograd.py::TestAutogradDeviceTypeXPU::test_cdist_grad_p_lt_1_no_nan_xpu ... AssertionError: tensor(True, device='xpu:0') is not false
test_autograd.py::TestAutogradDeviceTypeXPU::test_elu_inplace_with_neg_alpha_xpu ... AssertionError: RuntimeError not raised
test_autograd.py::TestAutogradDeviceTypeXPU::test_grad_assignment_xpu ... AssertionError: RuntimeError not raised
test_spectral_ops.py::TestFFTXPU::test_complex_stft_roundtrip_xpu_float64 ... AssertionError: False is not true : Tensors failed to compare as equal!With rtol=1e-07 and atol=0.001, found 600 element(s) (out of 600) whose difference(s) exceeded the margin of error (including 0 nan comparisons). The greatest difference was 3.2605474798823355 (0.8489448472798389 vs. -2.411602632602497), which occurred at index 21.
test_spectral_ops.py::TestFFTXPU::test_fftfreq_out_xpu_float32 ... AssertionError: UserWarning not triggered
test_spectral_ops.py::TestFFTXPU::test_fftfreq_out_xpu_float64 ... AssertionError: UserWarning not triggered
test_spectral_ops.py::TestFFTXPU::test_istft_linearity_xpu_float64 ... AssertionError: False is not true : Tensors failed to compare as equal!With rtol=0 and atol=0.001, found 26 element(s) (out of 36) whose difference(s) exceeded the margin of error (including 0 nan comparisons). The greatest difference was 1.5541615708427732 (0.8145920712850141 vs. 2.3687536421277873), which occurred at index (0, 14).
test_nn.py::TestNNDeviceTypeXPU::test_AdaptiveMaxPool1d_indices_xpu_bfloat16 ... AssertionError: False is not true : Tensors failed to compare as equal!With rtol=1e-07 and atol=0.001, found 4 element(s) (out of 8) whose difference(s) exceeded the margin of error (including 0 nan comparisons). The greatest difference was 2.0 (1.0 vs. 3.0), which occurred at index (0, 0, 1).
test_nn.py::TestNNDeviceTypeXPU::test_AdaptiveMaxPool1d_indices_xpu_float16 ... AssertionError: False is not true : Tensors failed to compare as equal!With rtol=1e-07 and atol=0.001, found 4 element(s) (out of 8) whose difference(s) exceeded the margin of error (including 0 nan comparisons). The greatest difference was 2.0 (1.0 vs. 3.0), which occurred at index (0, 0, 1).
test_nn.py::TestNNDeviceTypeXPU::test_AdaptiveMaxPool1d_indices_xpu_float32 ... AssertionError: False is not true : Tensors failed to compare as equal!With rtol=1e-07 and atol=0.001, found 4 element(s) (out of 8) whose difference(s) exceeded the margin of error (including 0 nan comparisons). The greatest difference was 2.0 (1.0 vs. 3.0), which occurred at index (0, 0, 1).
test_nn.py::TestNNDeviceTypeXPU::test_AdaptiveMaxPool2d_indices_xpu_bfloat16 ... AssertionError: False is not true : Tensors failed to compare as equal!With rtol=1e-07 and atol=0.001, found 16 element(s) (out of 16) whose difference(s) exceeded the margin of error (including 0 nan comparisons). The greatest difference was 12.0 (3.0 vs. 15.0), which occurred at index (0, 0, 1, 1).
test_nn.py::TestNNDeviceTypeXPU::test_AdaptiveMaxPool2d_indices_xpu_float16 ... AssertionError: False is not true : Tensors failed to compare as equal!With rtol=1e-07 and atol=0.001, found 16 element(s) (out of 16) whose difference(s) exceeded the margin of error (including 0 nan comparisons). The greatest difference was 12.0 (3.0 vs. 15.0), which occurred at index (0, 0, 1, 1).
test_nn.py::TestNNDeviceTypeXPU::test_AdaptiveMaxPool2d_indices_xpu_float32 ... AssertionError: False is not true : Tensors failed to compare as equal!With rtol=1e-07 and atol=0.001, found 16 element(s) (out of 16) whose difference(s) exceeded the margin of error (including 0 nan comparisons). The greatest difference was 12.0 (3.0 vs. 15.0), which occurred at index (0, 0, 1, 1).
test_nn.py::TestNNDeviceTypeXPU::test_Dropout_xpu ... AssertionError: False is not true
test_nn.py::TestNNDeviceTypeXPU::test_EmbeddingBag_per_sample_weights_and_new_offsets_xpu_int32_int32_float16 ... AssertionError: False is not true : Tensors failed to compare as equal!Attempted to compare equality of tensors with different sizes. Got sizes torch.Size([6, 2]) and torch.Size([5, 2]).
test_nn.py::TestNNDeviceTypeXPU::test_EmbeddingBag_per_sample_weights_and_new_offsets_xpu_int32_int32_float32 ... AssertionError: False is not true : Tensors failed to compare as equal!Attempted to compare equality of tensors with different sizes. Got sizes torch.Size([6, 2]) and torch.Size([5, 2]).
test_nn.py::TestNNDeviceTypeXPU::test_EmbeddingBag_per_sample_weights_and_new_offsets_xpu_int32_int32_float64 ... AssertionError: False is not true : Tensors failed to compare as equal!Attempted to compare equality of tensors with different sizes. Got sizes torch.Size([6, 2]) and torch.Size([5, 2]).
test_nn.py::TestNNDeviceTypeXPU::test_EmbeddingBag_per_sample_weights_and_new_offsets_xpu_int64_int64_float16 ... AssertionError: False is not true : Tensors failed to compare as equal!Attempted to compare equality of tensors with different sizes. Got sizes torch.Size([6, 2]) and torch.Size([5, 2]).
test_nn.py::TestNNDeviceTypeXPU::test_EmbeddingBag_per_sample_weights_and_new_offsets_xpu_int64_int64_float32 ... AssertionError: False is not true : Tensors failed to compare as equal!Attempted to compare equality of tensors with different sizes. Got sizes torch.Size([6, 2]) and torch.Size([5, 2]).
test_nn.py::TestNNDeviceTypeXPU::test_EmbeddingBag_per_sample_weights_and_new_offsets_xpu_int64_int64_float64 ... AssertionError: False is not true : Tensors failed to compare as equal!Attempted to compare equality of tensors with different sizes. Got sizes torch.Size([6, 2]) and torch.Size([5, 2]).
test_nn.py::TestNNDeviceTypeXPU::test_EmbeddingBag_per_sample_weights_and_no_offsets_xpu_int64_float16 ... AssertionError: False is not true : Tensors failed to compare as equal!With rtol=0 and atol=0.01, found 15 element(s) (out of 15) whose difference(s) exceeded the margin of error (including 0 nan comparisons). The greatest difference was 0.48529052734375 (0.08343505859375 vs. -0.40185546875), which occurred at index (4, 1).
test_nn.py::TestNNDeviceTypeXPU::test_GroupNorm_empty_xpu ... AssertionError: False is not true : Tensors failed to compare as equal!With rtol=1e-07 and atol=0.001, found 2 element(s) (out of 4) whose difference(s) exceeded the margin of error (including 0 nan comparisons). The greatest difference was 0.06139724679752272 (-0.06139724679752272 vs. 0.0), which occurred at index 1.
test_nn.py::TestNNDeviceTypeXPU::test_GroupNorm_general_xpu ... AssertionError: False is not true : Scalars failed to compare as equal! Comparing inf and 0 gives a difference of inf, but the allowed difference with rtol=0.001 and atol=0.001 is only 0.001!
test_nn.py::TestNNDeviceTypeXPU::test_GroupNorm_numeric_xpu ... AssertionError: False is not true : Tensors failed to compare as equal!With rtol=0 and atol=0.001, found 37748736 element(s) (out of 37748736) whose difference(s) exceeded the margin of error (including 0 nan comparisons). The greatest difference was 23185166337.731647 (23185166336.0 vs. -1.7316477298736572), which occurred at index (0, 5, 29, 72, 40).
test_nn.py::TestNNDeviceTypeXPU::test_MaxPool1d_indices_xpu_bfloat16 ... AssertionError: False is not true : Tensors failed to compare as equal!With rtol=1e-07 and atol=0.001, found 4 element(s) (out of 8) whose difference(s) exceeded the margin of error (including 0 nan comparisons). The greatest difference was 2.0 (1.0 vs. 3.0), which occurred at index (0, 0, 1).
test_nn.py::TestNNDeviceTypeXPU::test_MaxPool1d_indices_xpu_float16 ... AssertionError: False is not true : Tensors failed to compare as equal!With rtol=1e-07 and atol=0.001, found 4 element(s) (out of 8) whose difference(s) exceeded the margin of error (including 0 nan comparisons). The greatest difference was 2.0 (1.0 vs. 3.0), which occurred at index (0, 0, 1).
test_nn.py::TestNNDeviceTypeXPU::test_MaxPool1d_indices_xpu_float32 ... AssertionError: False is not true : Tensors failed to compare as equal!With rtol=1e-07 and atol=0.001, found 4 element(s) (out of 8) whose difference(s) exceeded the margin of error (including 0 nan comparisons). The greatest difference was 2.0 (1.0 vs. 3.0), which occurred at index (0, 0, 1).
test_nn.py::TestNNDeviceTypeXPU::test_MaxPool2d_indices_xpu_bfloat16 ... AssertionError: False is not true : Tensors failed to compare as equal!With rtol=1e-07 and atol=0.001, found 16 element(s) (out of 16) whose difference(s) exceeded the margin of error (including 0 nan comparisons). The greatest difference was 12.0 (3.0 vs. 15.0), which occurred at index (0, 0, 1, 1).
test_nn.py::TestNNDeviceTypeXPU::test_MaxPool2d_indices_xpu_float16 ... AssertionError: False is not true : Tensors failed to compare as equal!With rtol=1e-07 and atol=0.001, found 16 element(s) (out of 16) whose difference(s) exceeded the margin of error (including 0 nan comparisons). The greatest difference was 12.0 (3.0 vs. 15.0), which occurred at index (0, 0, 1, 1).
test_nn.py::TestNNDeviceTypeXPU::test_MaxPool2d_indices_xpu_float32 ... AssertionError: False is not true : Tensors failed to compare as equal!With rtol=1e-07 and atol=0.001, found 16 element(s) (out of 16) whose difference(s) exceeded the margin of error (including 0 nan comparisons). The greatest difference was 12.0 (3.0 vs. 15.0), which occurred at index (0, 0, 1, 1).
test_nn.py::TestNNDeviceTypeXPU::test_adaptive_pooling_no_suppot_input_xpu_int16 ... AssertionError: "not implemented" does not match "could not construct a memory descriptor using a format tag"
test_nn.py::TestNNDeviceTypeXPU::test_adaptive_pooling_no_suppot_input_xpu_int32 ... AssertionError: RuntimeError not raised
test_nn.py::TestNNDeviceTypeXPU::test_adaptive_pooling_no_suppot_input_xpu_int64 ... AssertionError: "not implemented" does not match "could not construct a memory descriptor using a format tag"
test_nn.py::TestNNDeviceTypeXPU::test_adaptive_pooling_no_suppot_input_xpu_int8 ... AssertionError: RuntimeError not raised
test_nn.py::TestNNDeviceTypeXPU::test_adaptive_pooling_no_suppot_input_xpu_uint8 ... AssertionError: RuntimeError not raised
test_nn.py::TestNNDeviceTypeXPU::test_conv_large_xpu ... AssertionError: False is not true : Tensors failed to compare as equal!With rtol=0.001 and atol=0.001, found 16754398 element(s) (out of 16777216) whose difference(s) exceeded the margin of error (including 0 nan comparisons). The greatest difference was 3.359375 (0.0 vs. 3.359375), which occurred at index (263, 0, 50, 56).
test_nn.py::TestNNDeviceTypeXPU::test_conv_mismatch_memory_format_xpu ... AssertionError: False is not true
test_nn.py::TestNNDeviceTypeXPU::test_conv_noncontig_weights_and_bias_xpu ... AssertionError: False is not true : Tensors failed to compare as equal!With rtol=1.3e-06 and atol=0.001, found 790272 element(s) (out of 802816) whose difference(s) exceeded the margin of error (including 0 nan comparisons). The greatest difference was 3.8600597381591797 (-28.806371688842773 vs. -32.66643142700195), which occurred at index (0, 36, 3, 46).
test_nn.py::TestNNDeviceTypeXPU::test_convert_conv2d_weight_memory_format_xpu ... AssertionError: False is not true
test_nn.py::TestNNDeviceTypeXPU::test_embedding_bag_1D_padding_idx_xpu_bfloat16 ... AssertionError: False is not true : Tensors failed to compare as equal!With rtol=0.016 and atol=0.001, found 17 element(s) (out of 30) whose difference(s) exceeded the margin of error (including 0 nan comparisons). The greatest difference was 1.10400390625 (1.2265625 vs. 0.12255859375), which occurred at index (2, 0).
test_nn.py::TestNNDeviceTypeXPU::test_embedding_bag_1D_padding_idx_xpu_float16 ... AssertionError: False is not true : Tensors failed to compare as equal!With rtol=0.001 and atol=0.001, found 10 element(s) (out of 30) whose difference(s) exceeded the margin of error (including 0 nan comparisons). The greatest difference was 1.6767578125 (-1.6767578125 vs. 0.0), which occurred at index (9, 2).
test_nn.py::TestNNDeviceTypeXPU::test_embedding_bag_2D_padding_idx_xpu_bfloat16 ... AssertionError: False is not true : Tensors failed to compare as equal!With rtol=0.016 and atol=0.001, found 3 element(s) (out of 3) whose difference(s) exceeded the margin of error (including 0 nan comparisons). The greatest difference was 1.0361328125 (-0.0869140625 vs. 0.94921875), which occurred at index (0, 1).
test_nn.py::TestNNDeviceTypeXPU::test_embedding_bag_2D_padding_idx_xpu_float16 ... AssertionError: False is not true : Tensors failed to compare as equal!With rtol=0.001 and atol=0.001, found 2 element(s) (out of 3) whose difference(s) exceeded the margin of error (including 0 nan comparisons). The greatest difference was 0.764892578125 (0.385498046875 vs. 1.150390625), which occurred at index (0, 2).
test_nn.py::TestNNDeviceTypeXPU::test_embedding_bag_device_xpu_int64_int64_float16 ... AssertionError: False is not true : Tensors failed to compare as equal!With rtol=0 and atol=0.01, found 1 element(s) (out of 1) whose difference(s) exceeded the margin of error (including 0 nan comparisons). The greatest difference was 0.73046875 (-0.65576171875 vs. 0.07470703125), which occurred at index (0, 0).
test_nn.py::TestNNDeviceTypeXPU::test_fractional_max_pool_nan_inf_xpu_float32 ... AssertionError: False is not true
test_nn.py::TestNNDeviceTypeXPU::test_grid_sample_large_index_2d_xpu_float32 ... AssertionError: False is not true : Tensors failed to compare as equal!With rtol=1.3e-06 and atol=0.001, found 16 element(s) (out of 16) whose difference(s) exceeded the margin of error (including 0 nan comparisons). The greatest difference was 0.9987185001373291 (0.9987185001373291 vs. 0.0), which occurred at index (0, 0, 0, 1).
test_nn.py::TestNNDeviceTypeXPU::test_grid_sample_large_index_3d_xpu_float32 ... AssertionError: False is not true : Tensors failed to compare as equal!With rtol=1.3e-06 and atol=0.001, found 16 element(s) (out of 16) whose difference(s) exceeded the margin of error (including 0 nan comparisons). The greatest difference was 0.9877032041549683 (0.9877032041549683 vs. 0.0), which occurred at index (0, 0, 0, 1, 1).
test_nn.py::TestNNDeviceTypeXPU::test_gumbel_softmax_xpu_float32 ... AssertionError: 17.660476684570312 not less than 2.58
test_nn.py::TestNNDeviceTypeXPU::test_log_softmax_big_xpu_float32 ... AssertionError: False is not true : Tensors failed to compare as equal!With rtol=1.3e-06 and atol=0.001, found 16 element(s) (out of 64) whose difference(s) exceeded the margin of error (including 0 nan comparisons). The greatest difference was 0.306854248046875 (-48.693145751953125 vs. -49.0), which occurred at index (8, 0).
test_nn.py::TestNNDeviceTypeXPU::test_max_pool2d_indices_xpu ... AssertionError: False is not true : Tensors failed to compare as equal!Found 55 different element(s) (out of 64), with the greatest difference of 12 (2 vs. 14) occuring at index (0, 0, 1, 1).
test_nn.py::TestNNDeviceTypeXPU::test_max_pool2d_nhwc_xpu_float32 ... AssertionError: False is not true : Tensors failed to compare as equal!With rtol=1.3e-06 and atol=0.001, found 61 element(s) (out of 2048) whose difference(s) exceeded the margin of error (including 0 nan comparisons). The greatest difference was 2.6330917477607727 (0.697862446308136 vs. -1.9352293014526367), which occurred at index (1, 4, 6, 4).
test_nn.py::TestNNDeviceTypeXPU::test_max_pool_nan_inf_xpu_float32 ... AssertionError: False is not true
test_nn.py::TestNNDeviceTypeXPU::test_maxpool_indices_no_batch_dim_xpu_float16 ... AssertionError: False is not true : Tensors failed to compare as equal!Attempted to compare equality of tensors with different sizes. Got sizes torch.Size([1, 3, 1]) and torch.Size([3, 1]).
test_nn.py::TestNNDeviceTypeXPU::test_nll_loss_empty_tensor_reduction_mean_xpu ... AssertionError: False is not true : Tensors failed to compare as equal!With rtol=1e-07 and atol=0.001, found 1 element(s) (out of 1) whose difference(s) exceeded the margin of error (including 1 nan comparisons). The greatest difference was nan (0.0 vs. nan), which occurred at index 0.
test_nn.py::TestNNDeviceTypeXPU::test_nll_loss_empty_tensor_reduction_none_xpu ... AssertionError: False is not true : Tensors failed to compare as equal!Attempted to compare equality of tensors with different sizes. Got sizes torch.Size([]) and torch.Size([0, 5, 7]).
test_nn.py::TestNNDeviceTypeXPU::test_nll_loss_invalid_weights_xpu ... AssertionError: RuntimeError not raised
test_nn.py::TestNNDeviceTypeXPU::test_nonlinearity_propagate_nan_xpu ... AssertionError: False is not true
test_nn.py::TestNNDeviceTypeXPU::test_pool3d_large_size_int64_xpu ... AssertionError: False is not true : Tensors failed to compare as equal!With rtol=0.001 and atol=0.001, found 13436778 element(s) (out of 17920000) whose difference(s) exceeded the margin of error (including 0 nan comparisons). The greatest difference was 5.76953125 (0.0 vs. 5.76953125), which occurred at index (24, 9, 15, 8, 6).
test_nn.py::TestNNDeviceTypeXPU::test_upsamplingBilinear2d_xpu ... AssertionError: False is not true : Tensors failed to compare as equal!Attempted to compare equality of tensors with different sizes. Got sizes torch.Size([1, 2, 1, 1]) and torch.Size([1, 2, 2, 2]).
test_foreach.py::TestForeachXPU::test_binary_op_scalar_with_different_tensor_dtypes__foreach_add_xpu_float32 ... AssertionError: NotImplementedError("Could not run 'aten::_foreach_add.Scalar' with arguments from the 'XPU' backend. This could be because the operator doesn't exist for this backend, or was omitted during the selective/custom build process (if using custom build). If you are a Facebook employee using PyTorch on mobile, please visit https://fburl.com/ptmfixes for possible resolutions. 'aten::_foreach_add.Scalar' is only available for these backends: [CPU, BackendSelect, Python, Named, Conjugate, Negative, ADInplaceOrView, AutogradOther, AutogradCPU, AutogradCUDA, AutogradXLA, AutogradLazy, AutogradXPU, AutogradMLC, AutogradHPU, AutogradNestedTensor, AutogradPrivateUse1, AutogradPrivateUse2, AutogradPrivateUse3, Tracer, UNKNOWN_TENSOR_TYPE_ID, Autocast, Batched, VmapMode].\n\nCPU: registered at aten/src/ATen/RegisterCPU.cpp:18433 [kernel]\nBackendSelect: fallthrough registered at ../aten/src/ATen/core/BackendSelectFallbackKernel.cpp:3 [backend fallback]\nPython: registered at ../aten/src/ATen/core/PythonFallbackKernel.cpp:47 [backend fallback]\nNamed: registered at ../aten/src/ATen/core/NamedRegistrations.cpp:7 [backend fallback]\nConjugate: registered at ../aten/src/ATen/ConjugateFallback.cpp:18 [backend fallback]\nNegative: registered at ../aten/src/ATen/native/NegateFallback.cpp:18 [backend fallback]\nADInplaceOrView: fallthrough registered at ../aten/src/ATen/core/VariableFallbackKernel.cpp:64 [backend fallback]\nAutogradOther: registered at ../torch/csrc/autograd/generated/VariableType_0.cpp:8878 [autograd kernel]\nAutogradCPU: registered at ../torch/csrc/autograd/generated/VariableType_0.cpp:8878 [autograd kernel]\nAutogradCUDA: registered at ../torch/csrc/autograd/generated/VariableType_0.cpp:8878 [autograd kernel]\nAutogradXLA: registered at ../torch/csrc/autograd/generated/VariableType_0.cpp:8878 [autograd kernel]\nAutogradLazy: registered at ../torch/csrc/autograd/generated/VariableType_0.cpp:8878 [autograd kernel]\nAutogradXPU: registered at ../torch/csrc/autograd/generated/VariableType_0.cpp:8878 [autograd kernel]\nAutogradMLC: registered at ../torch/csrc/autograd/generated/VariableType_0.cpp:8878 [autograd kernel]\nAutogradHPU: registered at ../torch/csrc/autograd/generated/VariableType_0.cpp:8878 [autograd kernel]\nAutogradNestedTensor: registered at ../torch/csrc/autograd/generated/VariableType_0.cpp:8878 [autograd kernel]\nAutogradPrivateUse1: registered at ../torch/csrc/autograd/generated/VariableType_0.cpp:8878 [autograd kernel]\nAutogradPrivateUse2: registered at ../torch/csrc/autograd/generated/VariableType_0.cpp:8878 [autograd kernel]\nAutogradPrivateUse3: registered at ../torch/csrc/autograd/generated/VariableType_0.cpp:8878 [autograd kernel]\nTracer: registered at ../torch/csrc/autograd/generated/TraceType_0.cpp:10257 [kernel]\nUNKNOWN_TENSOR_TYPE_ID: fallthrough registered at ../aten/src/ATen/autocast_mode.cpp:466 [backend fallback]\nAutocast: fallthrough registered at ../aten/src/ATen/autocast_mode.cpp:305 [backend fallback]\nBatched: registered at ../aten/src/ATen/BatchingRegistrations.cpp:1016 [backend fallback]\nVmapMode: fallthrough registered at ../aten/src/ATen/VmapModeRegistrations.cpp:33 [backend fallback]\n") is not None
test_foreach.py::TestForeachXPU::test_binary_op_scalar_with_different_tensor_dtypes__foreach_div_xpu_float32 ... AssertionError: NotImplementedError("Could not run 'aten::_foreach_div.Scalar' with arguments from the 'XPU' backend. This could be because the operator doesn't exist for this backend, or was omitted during the selective/custom build process (if using custom build). If you are a Facebook employee using PyTorch on mobile, please visit https://fburl.com/ptmfixes for possible resolutions. 'aten::_foreach_div.Scalar' is only available for these backends: [CPU, BackendSelect, Python, Named, Conjugate, Negative, ADInplaceOrView, AutogradOther, AutogradCPU, AutogradCUDA, AutogradXLA, AutogradLazy, AutogradXPU, AutogradMLC, AutogradHPU, AutogradNestedTensor, AutogradPrivateUse1, AutogradPrivateUse2, AutogradPrivateUse3, Tracer, UNKNOWN_TENSOR_TYPE_ID, Autocast, Batched, VmapMode].\n\nCPU: registered at aten/src/ATen/RegisterCPU.cpp:18433 [kernel]\nBackendSelect: fallthrough registered at ../aten/src/ATen/core/BackendSelectFallbackKernel.cpp:3 [backend fallback]\nPython: registered at ../aten/src/ATen/core/PythonFallbackKernel.cpp:47 [backend fallback]\nNamed: registered at ../aten/src/ATen/core/NamedRegistrations.cpp:7 [backend fallback]\nConjugate: registered at ../aten/src/ATen/ConjugateFallback.cpp:18 [backend fallback]\nNegative: registered at ../aten/src/ATen/native/NegateFallback.cpp:18 [backend fallback]\nADInplaceOrView: fallthrough registered at ../aten/src/ATen/core/VariableFallbackKernel.cpp:64 [backend fallback]\nAutogradOther: registered at ../torch/csrc/autograd/generated/VariableType_3.cpp:10141 [autograd kernel]\nAutogradCPU: registered at ../torch/csrc/autograd/generated/VariableType_3.cpp:10141 [autograd kernel]\nAutogradCUDA: registered at ../torch/csrc/autograd/generated/VariableType_3.cpp:10141 [autograd kernel]\nAutogradXLA: registered at ../torch/csrc/autograd/generated/VariableType_3.cpp:10141 [autograd kernel]\nAutogradLazy: registered at ../torch/csrc/autograd/generated/VariableType_3.cpp:10141 [autograd kernel]\nAutogradXPU: registered at ../torch/csrc/autograd/generated/VariableType_3.cpp:10141 [autograd kernel]\nAutogradMLC: registered at ../torch/csrc/autograd/generated/VariableType_3.cpp:10141 [autograd kernel]\nAutogradHPU: registered at ../torch/csrc/autograd/generated/VariableType_3.cpp:10141 [autograd kernel]\nAutogradNestedTensor: registered at ../torch/csrc/autograd/generated/VariableType_3.cpp:10141 [autograd kernel]\nAutogradPrivateUse1: registered at ../torch/csrc/autograd/generated/VariableType_3.cpp:10141 [autograd kernel]\nAutogradPrivateUse2: registered at ../torch/csrc/autograd/generated/VariableType_3.cpp:10141 [autograd kernel]\nAutogradPrivateUse3: registered at ../torch/csrc/autograd/generated/VariableType_3.cpp:10141 [autograd kernel]\nTracer: registered at ../torch/csrc/autograd/generated/TraceType_3.cpp:11560 [kernel]\nUNKNOWN_TENSOR_TYPE_ID: fallthrough registered at ../aten/src/ATen/autocast_mode.cpp:466 [backend fallback]\nAutocast: fallthrough registered at ../aten/src/ATen/autocast_mode.cpp:305 [backend fallback]\nBatched: registered at ../aten/src/ATen/BatchingRegistrations.cpp:1016 [backend fallback]\nVmapMode: fallthrough registered at ../aten/src/ATen/VmapModeRegistrations.cpp:33 [backend fallback]\n") is not None
test_foreach.py::TestForeachXPU::test_binary_op_scalar_with_different_tensor_dtypes__foreach_mul_xpu_float32 ... AssertionError: NotImplementedError("Could not run 'aten::_foreach_mul.Scalar' with arguments from the 'XPU' backend. This could be because the operator doesn't exist for this backend, or was omitted during the selective/custom build process (if using custom build). If you are a Facebook employee using PyTorch on mobile, please visit https://fburl.com/ptmfixes for possible resolutions. 'aten::_foreach_mul.Scalar' is only available for these backends: [CPU, BackendSelect, Python, Named, Conjugate, Negative, ADInplaceOrView, AutogradOther, AutogradCPU, AutogradCUDA, AutogradXLA, AutogradLazy, AutogradXPU, AutogradMLC, AutogradHPU, AutogradNestedTensor, AutogradPrivateUse1, AutogradPrivateUse2, AutogradPrivateUse3, Tracer, UNKNOWN_TENSOR_TYPE_ID, Autocast, Batched, VmapMode].\n\nCPU: registered at aten/src/ATen/RegisterCPU.cpp:18433 [kernel]\nBackendSelect: fallthrough registered at ../aten/src/ATen/core/BackendSelectFallbackKernel.cpp:3 [backend fallback]\nPython: registered at ../aten/src/ATen/core/PythonFallbackKernel.cpp:47 [backend fallback]\nNamed: registered at ../aten/src/ATen/core/NamedRegistrations.cpp:7 [backend fallback]\nConjugate: registered at ../aten/src/ATen/ConjugateFallback.cpp:18 [backend fallback]\nNegative: registered at ../aten/src/ATen/native/NegateFallback.cpp:18 [backend fallback]\nADInplaceOrView: fallthrough registered at ../aten/src/ATen/core/VariableFallbackKernel.cpp:64 [backend fallback]\nAutogradOther: registered at ../torch/csrc/autograd/generated/VariableType_3.cpp:10141 [autograd kernel]\nAutogradCPU: registered at ../torch/csrc/autograd/generated/VariableType_3.cpp:10141 [autograd kernel]\nAutogradCUDA: registered at ../torch/csrc/autograd/generated/VariableType_3.cpp:10141 [autograd kernel]\nAutogradXLA: registered at ../torch/csrc/autograd/generated/VariableType_3.cpp:10141 [autograd kernel]\nAutogradLazy: registered at ../torch/csrc/autograd/generated/VariableType_3.cpp:10141 [autograd kernel]\nAutogradXPU: registered at ../torch/csrc/autograd/generated/VariableType_3.cpp:10141 [autograd kernel]\nAutogradMLC: registered at ../torch/csrc/autograd/generated/VariableType_3.cpp:10141 [autograd kernel]\nAutogradHPU: registered at ../torch/csrc/autograd/generated/VariableType_3.cpp:10141 [autograd kernel]\nAutogradNestedTensor: registered at ../torch/csrc/autograd/generated/VariableType_3.cpp:10141 [autograd kernel]\nAutogradPrivateUse1: registered at ../torch/csrc/autograd/generated/VariableType_3.cpp:10141 [autograd kernel]\nAutogradPrivateUse2: registered at ../torch/csrc/autograd/generated/VariableType_3.cpp:10141 [autograd kernel]\nAutogradPrivateUse3: registered at ../torch/csrc/autograd/generated/VariableType_3.cpp:10141 [autograd kernel]\nTracer: registered at ../torch/csrc/autograd/generated/TraceType_3.cpp:11560 [kernel]\nUNKNOWN_TENSOR_TYPE_ID: fallthrough registered at ../aten/src/ATen/autocast_mode.cpp:466 [backend fallback]\nAutocast: fallthrough registered at ../aten/src/ATen/autocast_mode.cpp:305 [backend fallback]\nBatched: registered at ../aten/src/ATen/BatchingRegistrations.cpp:1016 [backend fallback]\nVmapMode: fallthrough registered at ../aten/src/ATen/VmapModeRegistrations.cpp:33 [backend fallback]\n") is not None
test_foreach.py::TestForeachXPU::test_binary_op_scalar_with_different_tensor_dtypes__foreach_sub_xpu_float32 ... AssertionError: NotImplementedError("Could not run 'aten::_foreach_sub.Scalar' with arguments from the 'XPU' backend. This could be because the operator doesn't exist for this backend, or was omitted during the selective/custom build process (if using custom build). If you are a Facebook employee using PyTorch on mobile, please visit https://fburl.com/ptmfixes for possible resolutions. 'aten::_foreach_sub.Scalar' is only available for these backends: [CPU, BackendSelect, Python, Named, Conjugate, Negative, ADInplaceOrView, AutogradOther, AutogradCPU, AutogradCUDA, AutogradXLA, AutogradLazy, AutogradXPU, AutogradMLC, AutogradHPU, AutogradNestedTensor, AutogradPrivateUse1, AutogradPrivateUse2, AutogradPrivateUse3, Tracer, UNKNOWN_TENSOR_TYPE_ID, Autocast, Batched, VmapMode].\n\nCPU: registered at aten/src/ATen/RegisterCPU.cpp:18433 [kernel]\nBackendSelect: fallthrough registered at ../aten/src/ATen/core/BackendSelectFallbackKernel.cpp:3 [backend fallback]\nPython: registered at ../aten/src/ATen/core/PythonFallbackKernel.cpp:47 [backend fallback]\nNamed: registered at ../aten/src/ATen/core/NamedRegistrations.cpp:7 [backend fallback]\nConjugate: registered at ../aten/src/ATen/ConjugateFallback.cpp:18 [backend fallback]\nNegative: registered at ../aten/src/ATen/native/NegateFallback.cpp:18 [backend fallback]\nADInplaceOrView: fallthrough registered at ../aten/src/ATen/core/VariableFallbackKernel.cpp:64 [backend fallback]\nAutogradOther: registered at ../torch/csrc/autograd/generated/VariableType_1.cpp:9548 [autograd kernel]\nAutogradCPU: registered at ../torch/csrc/autograd/generated/VariableType_1.cpp:9548 [autograd kernel]\nAutogradCUDA: registered at ../torch/csrc/autograd/generated/VariableType_1.cpp:9548 [autograd kernel]\nAutogradXLA: registered at ../torch/csrc/autograd/generated/VariableType_1.cpp:9548 [autograd kernel]\nAutogradLazy: registered at ../torch/csrc/autograd/generated/VariableType_1.cpp:9548 [autograd kernel]\nAutogradXPU: registered at ../torch/csrc/autograd/generated/VariableType_1.cpp:9548 [autograd kernel]\nAutogradMLC: registered at ../torch/csrc/autograd/generated/VariableType_1.cpp:9548 [autograd kernel]\nAutogradHPU: registered at ../torch/csrc/autograd/generated/VariableType_1.cpp:9548 [autograd kernel]\nAutogradNestedTensor: registered at ../torch/csrc/autograd/generated/VariableType_1.cpp:9548 [autograd kernel]\nAutogradPrivateUse1: registered at ../torch/csrc/autograd/generated/VariableType_1.cpp:9548 [autograd kernel]\nAutogradPrivateUse2: registered at ../torch/csrc/autograd/generated/VariableType_1.cpp:9548 [autograd kernel]\nAutogradPrivateUse3: registered at ../torch/csrc/autograd/generated/VariableType_1.cpp:9548 [autograd kernel]\nTracer: registered at ../torch/csrc/autograd/generated/TraceType_1.cpp:10664 [kernel]\nUNKNOWN_TENSOR_TYPE_ID: fallthrough registered at ../aten/src/ATen/autocast_mode.cpp:466 [backend fallback]\nAutocast: fallthrough registered at ../aten/src/ATen/autocast_mode.cpp:305 [backend fallback]\nBatched: registered at ../aten/src/ATen/BatchingRegistrations.cpp:1016 [backend fallback]\nVmapMode: fallthrough registered at ../aten/src/ATen/VmapModeRegistrations.cpp:33 [backend fallback]\n") is not None
test_foreach.py::TestForeachXPU::test_binary_op_tensors_on_different_devices__foreach_add_xpu_complex128 ... AssertionError: NotImplementedError not raised
test_foreach.py::TestForeachXPU::test_binary_op_tensors_on_different_devices__foreach_add_xpu_complex64 ... AssertionError: NotImplementedError not raised
test_foreach.py::TestForeachXPU::test_binary_op_tensors_on_different_devices__foreach_add_xpu_float32 ... AssertionError: NotImplementedError not raised
test_foreach.py::TestForeachXPU::test_binary_op_tensors_on_different_devices__foreach_add_xpu_float64 ... AssertionError: NotImplementedError not raised
test_foreach.py::TestForeachXPU::test_binary_op_tensors_on_different_devices__foreach_div_xpu_complex128 ... AssertionError: NotImplementedError not raised
test_foreach.py::TestForeachXPU::test_binary_op_tensors_on_different_devices__foreach_div_xpu_complex64 ... AssertionError: NotImplementedError not raised
test_foreach.py::TestForeachXPU::test_binary_op_tensors_on_different_devices__foreach_div_xpu_float32 ... AssertionError: NotImplementedError not raised
test_foreach.py::TestForeachXPU::test_binary_op_tensors_on_different_devices__foreach_div_xpu_float64 ... AssertionError: NotImplementedError not raised
test_foreach.py::TestForeachXPU::test_binary_op_tensors_on_different_devices__foreach_mul_xpu_complex128 ... AssertionError: NotImplementedError not raised
test_foreach.py::TestForeachXPU::test_binary_op_tensors_on_different_devices__foreach_mul_xpu_complex64 ... AssertionError: NotImplementedError not raised
test_foreach.py::TestForeachXPU::test_binary_op_tensors_on_different_devices__foreach_mul_xpu_float32 ... AssertionError: NotImplementedError not raised
test_foreach.py::TestForeachXPU::test_binary_op_tensors_on_different_devices__foreach_mul_xpu_float64 ... AssertionError: NotImplementedError not raised
test_foreach.py::TestForeachXPU::test_binary_op_tensors_on_different_devices__foreach_sub_xpu_complex128 ... AssertionError: NotImplementedError not raised
test_foreach.py::TestForeachXPU::test_binary_op_tensors_on_different_devices__foreach_sub_xpu_complex64 ... AssertionError: NotImplementedError not raised
test_foreach.py::TestForeachXPU::test_binary_op_tensors_on_different_devices__foreach_sub_xpu_float32 ... AssertionError: NotImplementedError not raised
test_foreach.py::TestForeachXPU::test_binary_op_tensors_on_different_devices__foreach_sub_xpu_float64 ... AssertionError: NotImplementedError not raised
test_foreach.py::TestForeachXPU::test_unary_op_tensors_on_different_devices__foreach_abs_xpu_bfloat16 ... AssertionError: NotImplementedError not raised
test_foreach.py::TestForeachXPU::test_unary_op_tensors_on_different_devices__foreach_abs_xpu_complex128 ... AssertionError: NotImplementedError not raised
test_foreach.py::TestForeachXPU::test_unary_op_tensors_on_different_devices__foreach_abs_xpu_complex64 ... AssertionError: NotImplementedError not raised
test_foreach.py::TestForeachXPU::test_unary_op_tensors_on_different_devices__foreach_abs_xpu_float16 ... AssertionError: NotImplementedError not raised
test_foreach.py::TestForeachXPU::test_unary_op_tensors_on_different_devices__foreach_abs_xpu_float32 ... AssertionError: NotImplementedError not raised
test_foreach.py::TestForeachXPU::test_unary_op_tensors_on_different_devices__foreach_abs_xpu_float64 ... AssertionError: NotImplementedError not raised
test_foreach.py::TestForeachXPU::test_unary_op_tensors_on_different_devices__foreach_abs_xpu_int16 ... AssertionError: NotImplementedError not raised
test_foreach.py::TestForeachXPU::test_unary_op_tensors_on_different_devices__foreach_abs_xpu_int32 ... AssertionError: NotImplementedError not raised
test_foreach.py::TestForeachXPU::test_unary_op_tensors_on_different_devices__foreach_abs_xpu_int64 ... AssertionError: NotImplementedError not raised
test_foreach.py::TestForeachXPU::test_unary_op_tensors_on_different_devices__foreach_abs_xpu_int8 ... AssertionError: NotImplementedError not raised
test_foreach.py::TestForeachXPU::test_unary_op_tensors_on_different_devices__foreach_abs_xpu_uint8 ... AssertionError: NotImplementedError not raised
test_foreach.py::TestForeachXPU::test_unary_op_tensors_on_different_devices__foreach_acos_xpu_complex128 ... AssertionError: NotImplementedError not raised
test_foreach.py::TestForeachXPU::test_unary_op_tensors_on_different_devices__foreach_acos_xpu_complex64 ... AssertionError: NotImplementedError not raised
test_foreach.py::TestForeachXPU::test_unary_op_tensors_on_different_devices__foreach_acos_xpu_float32 ... AssertionError: NotImplementedError not raised
test_foreach.py::TestForeachXPU::test_unary_op_tensors_on_different_devices__foreach_acos_xpu_float64 ... AssertionError: NotImplementedError not raised
test_foreach.py::TestForeachXPU::test_unary_op_tensors_on_different_devices__foreach_asin_xpu_complex128 ... AssertionError: NotImplementedError not raised
test_foreach.py::TestForeachXPU::test_unary_op_tensors_on_different_devices__foreach_asin_xpu_complex64 ... AssertionError: NotImplementedError not raised
test_foreach.py::TestForeachXPU::test_unary_op_tensors_on_different_devices__foreach_asin_xpu_float32 ... AssertionError: NotImplementedError not raised
test_foreach.py::TestForeachXPU::test_unary_op_tensors_on_different_devices__foreach_asin_xpu_float64 ... AssertionError: NotImplementedError not raised
test_foreach.py::TestForeachXPU::test_unary_op_tensors_on_different_devices__foreach_atan_xpu_complex128 ... AssertionError: NotImplementedError not raised
test_foreach.py::TestForeachXPU::test_unary_op_tensors_on_different_devices__foreach_atan_xpu_complex64 ... AssertionError: NotImplementedError not raised
test_foreach.py::TestForeachXPU::test_unary_op_tensors_on_different_devices__foreach_atan_xpu_float32 ... AssertionError: NotImplementedError not raised
test_foreach.py::TestForeachXPU::test_unary_op_tensors_on_different_devices__foreach_atan_xpu_float64 ... AssertionError: NotImplementedError not raised
test_foreach.py::TestForeachXPU::test_unary_op_tensors_on_different_devices__foreach_ceil_xpu_float32 ... AssertionError: NotImplementedError not raised
test_foreach.py::TestForeachXPU::test_unary_op_tensors_on_different_devices__foreach_ceil_xpu_float64 ... AssertionError: NotImplementedError not raised
test_foreach.py::TestForeachXPU::test_unary_op_tensors_on_different_devices__foreach_cos_xpu_complex128 ... AssertionError: NotImplementedError not raised
test_foreach.py::TestForeachXPU::test_unary_op_tensors_on_different_devices__foreach_cos_xpu_complex64 ... AssertionError: NotImplementedError not raised
test_foreach.py::TestForeachXPU::test_unary_op_tensors_on_different_devices__foreach_cos_xpu_float32 ... AssertionError: NotImplementedError not raised
test_foreach.py::TestForeachXPU::test_unary_op_tensors_on_different_devices__foreach_cos_xpu_float64 ... AssertionError: NotImplementedError not raised
test_foreach.py::TestForeachXPU::test_unary_op_tensors_on_different_devices__foreach_cosh_xpu_complex128 ... AssertionError: NotImplementedError not raised
test_foreach.py::TestForeachXPU::test_unary_op_tensors_on_different_devices__foreach_cosh_xpu_complex64 ... AssertionError: NotImplementedError not raised
test_foreach.py::TestForeachXPU::test_unary_op_tensors_on_different_devices__foreach_cosh_xpu_float32 ... AssertionError: NotImplementedError not raised
test_foreach.py::TestForeachXPU::test_unary_op_tensors_on_different_devices__foreach_cosh_xpu_float64 ... AssertionError: NotImplementedError not raised
test_foreach.py::TestForeachXPU::test_unary_op_tensors_on_different_devices__foreach_erf_xpu_float32 ... AssertionError: NotImplementedError not raised
test_foreach.py::TestForeachXPU::test_unary_op_tensors_on_different_devices__foreach_erf_xpu_float64 ... AssertionError: NotImplementedError not raised
test_foreach.py::TestForeachXPU::test_unary_op_tensors_on_different_devices__foreach_erfc_xpu_float32 ... AssertionError: NotImplementedError not raised
test_foreach.py::TestForeachXPU::test_unary_op_tensors_on_different_devices__foreach_erfc_xpu_float64 ... AssertionError: NotImplementedError not raised
test_foreach.py::TestForeachXPU::test_unary_op_tensors_on_different_devices__foreach_exp_xpu_complex128 ... AssertionError: NotImplementedError not raised
test_foreach.py::TestForeachXPU::test_unary_op_tensors_on_different_devices__foreach_exp_xpu_complex64 ... AssertionError: NotImplementedError not raised
test_foreach.py::TestForeachXPU::test_unary_op_tensors_on_different_devices__foreach_exp_xpu_float32 ... AssertionError: NotImplementedError not raised
test_foreach.py::TestForeachXPU::test_unary_op_tensors_on_different_devices__foreach_exp_xpu_float64 ... AssertionError: NotImplementedError not raised
test_foreach.py::TestForeachXPU::test_unary_op_tensors_on_different_devices__foreach_expm1_xpu_float32 ... AssertionError: NotImplementedError not raised
test_foreach.py::TestForeachXPU::test_unary_op_tensors_on_different_devices__foreach_expm1_xpu_float64 ... AssertionError: NotImplementedError not raised
test_foreach.py::TestForeachXPU::test_unary_op_tensors_on_different_devices__foreach_floor_xpu_float32 ... AssertionError: NotImplementedError not raised
test_foreach.py::TestForeachXPU::test_unary_op_tensors_on_different_devices__foreach_floor_xpu_float64 ... AssertionError: NotImplementedError not raised
test_foreach.py::TestForeachXPU::test_unary_op_tensors_on_different_devices__foreach_frac_xpu_float32 ... AssertionError: NotImplementedError not raised
test_foreach.py::TestForeachXPU::test_unary_op_tensors_on_different_devices__foreach_frac_xpu_float64 ... AssertionError: NotImplementedError not raised
test_foreach.py::TestForeachXPU::test_unary_op_tensors_on_different_devices__foreach_log10_xpu_complex128 ... AssertionError: NotImplementedError not raised
test_foreach.py::TestForeachXPU::test_unary_op_tensors_on_different_devices__foreach_log10_xpu_complex64 ... AssertionError: NotImplementedError not raised
test_foreach.py::TestForeachXPU::test_unary_op_tensors_on_different_devices__foreach_log10_xpu_float32 ... AssertionError: NotImplementedError not raised
test_foreach.py::TestForeachXPU::test_unary_op_tensors_on_different_devices__foreach_log10_xpu_float64 ... AssertionError: NotImplementedError not raised
test_foreach.py::TestForeachXPU::test_unary_op_tensors_on_different_devices__foreach_log1p_xpu_float32 ... AssertionError: NotImplementedError not raised
test_foreach.py::TestForeachXPU::test_unary_op_tensors_on_different_devices__foreach_log1p_xpu_float64 ... AssertionError: NotImplementedError not raised
test_foreach.py::TestForeachXPU::test_unary_op_tensors_on_different_devices__foreach_log2_xpu_complex128 ... AssertionError: NotImplementedError not raised
test_foreach.py::TestForeachXPU::test_unary_op_tensors_on_different_devices__foreach_log2_xpu_complex64 ... AssertionError: NotImplementedError not raised
test_foreach.py::TestForeachXPU::test_unary_op_tensors_on_different_devices__foreach_log2_xpu_float32 ... AssertionError: NotImplementedError not raised
test_foreach.py::TestForeachXPU::test_unary_op_tensors_on_different_devices__foreach_log2_xpu_float64 ... AssertionError: NotImplementedError not raised
test_foreach.py::TestForeachXPU::test_unary_op_tensors_on_different_devices__foreach_log_xpu_complex128 ... AssertionError: NotImplementedError not raised
test_foreach.py::TestForeachXPU::test_unary_op_tensors_on_different_devices__foreach_log_xpu_complex64 ... AssertionError: NotImplementedError not raised
test_foreach.py::TestForeachXPU::test_unary_op_tensors_on_different_devices__foreach_log_xpu_float32 ... AssertionError: NotImplementedError not raised
test_foreach.py::TestForeachXPU::test_unary_op_tensors_on_different_devices__foreach_log_xpu_float64 ... AssertionError: NotImplementedError not raised
test_foreach.py::TestForeachXPU::test_unary_op_tensors_on_different_devices__foreach_neg_xpu_complex128 ... AssertionError: NotImplementedError not raised
test_foreach.py::TestForeachXPU::test_unary_op_tensors_on_different_devices__foreach_neg_xpu_complex64 ... AssertionError: NotImplementedError not raised
test_foreach.py::TestForeachXPU::test_unary_op_tensors_on_different_devices__foreach_neg_xpu_float32 ... AssertionError: NotImplementedError not raised
test_foreach.py::TestForeachXPU::test_unary_op_tensors_on_different_devices__foreach_neg_xpu_float64 ... AssertionError: NotImplementedError not raised
test_foreach.py::TestForeachXPU::test_unary_op_tensors_on_different_devices__foreach_neg_xpu_int16 ... AssertionError: NotImplementedError not raised
test_foreach.py::TestForeachXPU::test_unary_op_tensors_on_different_devices__foreach_neg_xpu_int32 ... AssertionError: NotImplementedError not raised
test_foreach.py::TestForeachXPU::test_unary_op_tensors_on_different_devices__foreach_neg_xpu_int64 ... AssertionError: NotImplementedError not raised
test_foreach.py::TestForeachXPU::test_unary_op_tensors_on_different_devices__foreach_neg_xpu_int8 ... AssertionError: NotImplementedError not raised
test_foreach.py::TestForeachXPU::test_unary_op_tensors_on_different_devices__foreach_neg_xpu_uint8 ... AssertionError: NotImplementedError not raised
test_foreach.py::TestForeachXPU::test_unary_op_tensors_on_different_devices__foreach_reciprocal_xpu_float32 ... AssertionError: NotImplementedError not raised
test_foreach.py::TestForeachXPU::test_unary_op_tensors_on_different_devices__foreach_reciprocal_xpu_float64 ... AssertionError: NotImplementedError not raised
test_foreach.py::TestForeachXPU::test_unary_op_tensors_on_different_devices__foreach_round_xpu_float32 ... AssertionError: NotImplementedError not raised
test_foreach.py::TestForeachXPU::test_unary_op_tensors_on_different_devices__foreach_round_xpu_float64 ... AssertionError: NotImplementedError not raised
test_foreach.py::TestForeachXPU::test_unary_op_tensors_on_different_devices__foreach_sigmoid_xpu_float32 ... AssertionError: NotImplementedError not raised
test_foreach.py::TestForeachXPU::test_unary_op_tensors_on_different_devices__foreach_sigmoid_xpu_float64 ... AssertionError: NotImplementedError not raised
test_foreach.py::TestForeachXPU::test_unary_op_tensors_on_different_devices__foreach_sin_xpu_complex128 ... AssertionError: NotImplementedError not raised
test_foreach.py::TestForeachXPU::test_unary_op_tensors_on_different_devices__foreach_sin_xpu_complex64 ... AssertionError: NotImplementedError not raised
test_foreach.py::TestForeachXPU::test_unary_op_tensors_on_different_devices__foreach_sin_xpu_float32 ... AssertionError: NotImplementedError not raised
test_foreach.py::TestForeachXPU::test_unary_op_tensors_on_different_devices__foreach_sin_xpu_float64 ... AssertionError: NotImplementedError not raised
test_foreach.py::TestForeachXPU::test_unary_op_tensors_on_different_devices__foreach_sinh_xpu_complex128 ... AssertionError: NotImplementedError not raised
test_foreach.py::TestForeachXPU::test_unary_op_tensors_on_different_devices__foreach_sinh_xpu_complex64 ... AssertionError: NotImplementedError not raised
test_foreach.py::TestForeachXPU::test_unary_op_tensors_on_different_devices__foreach_sinh_xpu_float32 ... AssertionError: NotImplementedError not raised
test_foreach.py::TestForeachXPU::test_unary_op_tensors_on_different_devices__foreach_sinh_xpu_float64 ... AssertionError: NotImplementedError not raised
test_foreach.py::TestForeachXPU::test_unary_op_tensors_on_different_devices__foreach_sqrt_xpu_float32 ... AssertionError: NotImplementedError not raised
test_foreach.py::TestForeachXPU::test_unary_op_tensors_on_different_devices__foreach_sqrt_xpu_float64 ... AssertionError: NotImplementedError not raised
test_foreach.py::TestForeachXPU::test_unary_op_tensors_on_different_devices__foreach_tan_xpu_complex128 ... AssertionError: NotImplementedError not raised
test_foreach.py::TestForeachXPU::test_unary_op_tensors_on_different_devices__foreach_tan_xpu_complex64 ... AssertionError: NotImplementedError not raised
test_foreach.py::TestForeachXPU::test_unary_op_tensors_on_different_devices__foreach_tan_xpu_float32 ... AssertionError: NotImplementedError not raised
test_foreach.py::TestForeachXPU::test_unary_op_tensors_on_different_devices__foreach_tan_xpu_float64 ... AssertionError: NotImplementedError not raised
test_foreach.py::TestForeachXPU::test_unary_op_tensors_on_different_devices__foreach_tanh_xpu_complex128 ... AssertionError: NotImplementedError not raised
test_foreach.py::TestForeachXPU::test_unary_op_tensors_on_different_devices__foreach_tanh_xpu_complex64 ... AssertionError: NotImplementedError not raised
test_foreach.py::TestForeachXPU::test_unary_op_tensors_on_different_devices__foreach_tanh_xpu_float32 ... AssertionError: NotImplementedError not raised
test_foreach.py::TestForeachXPU::test_unary_op_tensors_on_different_devices__foreach_tanh_xpu_float64 ... AssertionError: NotImplementedError not raised
test_foreach.py::TestForeachXPU::test_unary_op_tensors_on_different_devices__foreach_trunc_xpu_float32 ... AssertionError: NotImplementedError not raised
test_foreach.py::TestForeachXPU::test_unary_op_tensors_on_different_devices__foreach_trunc_xpu_float64 ... AssertionError: NotImplementedError not raised
test_testing.py::TestTestingXPU::test__comparescalars_debug_msg_xpu ... AssertionError: 'Comp[74 chars]th rtol=1.3e-06 and atol=0.001 is only 0.0010091!' != 'Comp[74 chars]th rtol=1.3e-06 and atol=1e-05 is only 1.9100000000000003e-05!'
test_testing.py::TestTestingXPU::test__comparetensors_legacy_xpu ... AssertionError: True is not false
test_testing.py::TestTestingXPU::test_xpu_assert_should_not_stop_common_distributed_test_suite_xpu ... AssertionError: 'Ran 2 test' not found in 'PYTORCH_API_USAGE torch.python.import\nPYTORCH_API_USAGE c10d.python.import\nTraceback (most recent call last):\n  File "<string>", line 5, in <module>\n  File "/home/gta/miniconda3/envs/xunsongh/lib/python3.7/site-packages/torch/testing/_internal/common_device_type.py", line 532, in <module>\n    mod = runpy.run_path(path, init_globals=globals())  # type: ignore[func-returns-value]\n  File "/home/gta/miniconda3/envs/xunsongh/lib/python3.7/runpy.py", line 263, in run_path\n    pkg_name=pkg_name, script_name=fname)\n  File "/home/gta/miniconda3/envs/xunsongh/lib/python3.7/runpy.py", line 96, in _run_module_code\n    mod_name, mod_spec, pkg_name, script_name)\n  File "/home/gta/miniconda3/envs/xunsongh/lib/python3.7/runpy.py", line 85, in _run_code\n    exec(code, run_globals)\n  File "/home/gta/xunsongh/ipex-dev/tests/gpu/experimental/common/pytorch_test_base.py", line 10, in <module>\n    import intel_extension_for_pytorch\n  File "/home/gta/xunsongh/ipex-dev/intel_extension_for_pytorch/__init__.py", line 4, in <module>\n    from . import _C\nImportError: cannot import name \'_C\' from \'intel_extension_for_pytorch\' (/home/gta/xunsongh/ipex-dev/intel_extension_for_pytorch/__init__.py)\n'
test_testing.py::TestTestingXPU::test_xpu_assert_should_stop_common_device_type_test_suite_xpu ... AssertionError: 'XPU error: device-side assert triggered' not found in 'PYTORCH_API_USAGE torch.python.import\nPYTORCH_API_USAGE c10d.python.import\nTraceback (most recent call last):\n  File "<string>", line 5, in <module>\n  File "/home/gta/miniconda3/envs/xunsongh/lib/python3.7/site-packages/torch/testing/_internal/common_device_type.py", line 532, in <module>\n    mod = runpy.run_path(path, init_globals=globals())  # type: ignore[func-returns-value]\n  File "/home/gta/miniconda3/envs/xunsongh/lib/python3.7/runpy.py", line 263, in run_path\n    pkg_name=pkg_name, script_name=fname)\n  File "/home/gta/miniconda3/envs/xunsongh/lib/python3.7/runpy.py", line 96, in _run_module_code\n    mod_name, mod_spec, pkg_name, script_name)\n  File "/home/gta/miniconda3/envs/xunsongh/lib/python3.7/runpy.py", line 85, in _run_code\n    exec(code, run_globals)\n  File "/home/gta/xunsongh/ipex-dev/tests/gpu/experimental/common/pytorch_test_base.py", line 10, in <module>\n    import intel_extension_for_pytorch\n  File "/home/gta/xunsongh/ipex-dev/intel_extension_for_pytorch/__init__.py", line 4, in <module>\n    from . import _C\nImportError: cannot import name \'_C\' from \'intel_extension_for_pytorch\' (/home/gta/xunsongh/ipex-dev/intel_extension_for_pytorch/__init__.py)\n'
test_testing.py::TestTestingXPU::test_xpu_assert_should_stop_common_utils_test_suite_xpu ... AssertionError: 'XPU error: device-side assert triggered' not found in 'PYTORCH_API_USAGE torch.python.import\nPYTORCH_API_USAGE c10d.python.import\nEPYTORCH_API_USAGE tensor.create\nE\n======================================================================\nERROR: test_throw_unrecoverable_xpu_exception (__main__.TestThatContainsXPUAssertFailure)\n----------------------------------------------------------------------\nTraceback (most recent call last):\n  File "/home/gta/miniconda3/envs/xunsongh/lib/python3.7/site-packages/torch/testing/_internal/common_utils.py", line 980, in wrapper\n    fn(*args, **kwargs)\n  File "<string>", line 10, in test_throw_unrecoverable_xpu_exception\nNotImplementedError: Could not run \'aten::empty.memory_format\' with arguments from the \'XPU\' backend. This could be because the operator doesn\'t exist for this backend, or was omitted during the selective/custom build process (if using custom build). If you are a Facebook employee using PyTorch on mobile, please visit https://fburl.com/ptmfixes for possible resolutions. \'aten::empty.memory_format\' is only available for these backends: [CPU, Meta, MkldnnCPU, SparseCPU, BackendSelect, Python, Named, Conjugate, Negative, ADInplaceOrView, AutogradOther, AutogradCPU, AutogradCUDA, AutogradXLA, AutogradLazy, AutogradXPU, AutogradMLC, AutogradHPU, AutogradNestedTensor, AutogradPrivateUse1, AutogradPrivateUse2, AutogradPrivateUse3, Tracer, UNKNOWN_TENSOR_TYPE_ID, Autocast, Batched, VmapMode].\n\nCPU: registered at aten/src/ATen/RegisterCPU.cpp:18433 [kernel]\nMeta: registered at aten/src/ATen/RegisterMeta.cpp:12703 [kernel]\nMkldnnCPU: registered at aten/src/ATen/RegisterMkldnnCPU.cpp:595 [kernel]\nSparseCPU: registered at aten/src/ATen/RegisterSparseCPU.cpp:958 [kernel]\nBackendSelect: registered at aten/src/ATen/RegisterBackendSelect.cpp:665 [kernel]\nPython: registered at ../aten/src/ATen/core/PythonFallbackKernel.cpp:47 [backend fallback]\nNamed: registered at ../aten/src/ATen/core/NamedRegistrations.cpp:7 [backend fallback]\nConjugate: fallthrough registered at ../aten/src/ATen/ConjugateFallback.cpp:22 [kernel]\nNegative: fallthrough registered at ../aten/src/ATen/native/NegateFallback.cpp:22 [kernel]\nADInplaceOrView: fallthrough registered at ../aten/src/ATen/core/VariableFallbackKernel.cpp:64 [backend fallback]\nAutogradOther: registered at ../torch/csrc/autograd/generated/VariableType_2.cpp:10491 [autograd kernel]\nAutogradCPU: registered at ../torch/csrc/autograd/generated/VariableType_2.cpp:10491 [autograd kernel]\nAutogradCUDA: registered at ../torch/csrc/autograd/generated/VariableType_2.cpp:10491 [autograd kernel]\nAutogradXLA: registered at ../torch/csrc/autograd/generated/VariableType_2.cpp:10491 [autograd kernel]\nAutogradLazy: registered at ../torch/csrc/autograd/generated/VariableType_2.cpp:10491 [autograd kernel]\nAutogradXPU: registered at ../torch/csrc/autograd/generated/VariableType_2.cpp:10491 [autograd kernel]\nAutogradMLC: registered at ../torch/csrc/autograd/generated/VariableType_2.cpp:10491 [autograd kernel]\nAutogradHPU: registered at ../torch/csrc/autograd/generated/VariableType_2.cpp:10491 [autograd kernel]\nAutogradNestedTensor: registered at ../torch/csrc/autograd/generated/VariableType_2.cpp:10491 [autograd kernel]\nAutogradPrivateUse1: registered at ../torch/csrc/autograd/generated/VariableType_2.cpp:10491 [autograd kernel]\nAutogradPrivateUse2: registered at ../torch/csrc/autograd/generated/VariableType_2.cpp:10491 [autograd kernel]\nAutogradPrivateUse3: registered at ../torch/csrc/autograd/generated/VariableType_2.cpp:10491 [autograd kernel]\nTracer: registered at ../torch/csrc/autograd/generated/TraceType_2.cpp:11425 [kernel]\nUNKNOWN_TENSOR_TYPE_ID: fallthrough registered at ../aten/src/ATen/autocast_mode.cpp:466 [backend fallback]\nAutocast: fallthrough registered at ../aten/src/ATen/autocast_mode.cpp:305 [backend fallback]\nBatched: registered at ../aten/src/ATen/BatchingRegistrations.cpp:1016 [backend fallback]\nVmapMode: fallthrough registered at ../aten/src/ATen/VmapModeRegistrations.cpp:33 [backend fallback]\n\n\n======================================================================\nERROR: test_trivial_passing_test_case_on_cpu_xpu (__main__.TestThatContainsXPUAssertFailure)\n----------------------------------------------------------------------\nTraceback (most recent call last):\n  File "/home/gta/miniconda3/envs/xunsongh/lib/python3.7/site-packages/torch/testing/_internal/common_utils.py", line 980, in wrapper\n    fn(*args, **kwargs)\n  File "<string>", line 16, in test_trivial_passing_test_case_on_cpu_xpu\nRuntimeError: PyTorch is not linked with support for xpu devices\n\n----------------------------------------------------------------------\nRan 2 tests in 0.015s\n\nFAILED (errors=2)\n'
test_torch.py::TestTorchDeviceTypeXPU::test_broadcast_xpu ... AssertionError: False is not true : Tensors failed to compare as equal!With rtol=1.3e-06 and atol=0.001, found 14 element(s) (out of 56) whose difference(s) exceeded the margin of error (including 0 nan comparisons). The greatest difference was 2.4298970699310303 (-0.7671700716018677 vs. 1.6627269983291626), which occurred at index (5, 1).
test_torch.py::TestTorchDeviceTypeXPU::test_cumprod_xpu ... AssertionError: False is not true : Tensors failed to compare as equal!With rtol=1.3e-06 and atol=0.001, found 618 element(s) (out of 10000) whose difference(s) exceeded the margin of error (including 0 nan comparisons). The greatest difference was 0.8023018193198368 (0.8029357194900513 vs. 0.0006339001702144742), which occurred at index (25, 1).
test_torch.py::TestTorchDeviceTypeXPU::test_cumsum_xpu ... AssertionError: False is not true : Tensors failed to compare as equal!With rtol=1.3e-06 and atol=0.001, found 9900 element(s) (out of 10000) whose difference(s) exceeded the margin of error (including 0 nan comparisons). The greatest difference was 2.0950711533859883e+32 (50.17906188964844 vs. 2.0950711533859883e+32), which occurred at index (82, 99).
test_torch.py::TestTorchDeviceTypeXPU::test_diff_noncontig_xpu_bfloat16 ... AssertionError: False is not true : Tensors failed to compare as equal!With rtol=0.016 and atol=0.001, found 2 element(s) (out of 2) whose difference(s) exceeded the margin of error (including 0 nan comparisons). The greatest difference was 9.0625 (9.0625 vs. 0.0), which occurred at index 0.
test_torch.py::TestTorchDeviceTypeXPU::test_diff_noncontig_xpu_float16 ... AssertionError: False is not true : Tensors failed to compare as equal!With rtol=0.001 and atol=0.001, found 1 element(s) (out of 2) whose difference(s) exceeded the margin of error (including 0 nan comparisons). The greatest difference was 8.65625 (8.65625 vs. 0.0), which occurred at index 0.
test_torch.py::TestTorchDeviceTypeXPU::test_diff_noncontig_xpu_float32 ... AssertionError: False is not true : Tensors failed to compare as equal!With rtol=1.3e-06 and atol=0.001, found 1 element(s) (out of 2) whose difference(s) exceeded the margin of error (including 0 nan comparisons). The greatest difference was 4.166256904602051 (4.166256904602051 vs. 0.0), which occurred at index 0.
test_torch.py::TestTorchDeviceTypeXPU::test_diff_noncontig_xpu_int32 ... AssertionError: False is not true : Tensors failed to compare as equal!Found 2 different element(s) (out of 2), with the greatest difference of 196604 (-196604 vs. 0) occuring at index 0.
test_torch.py::TestTorchDeviceTypeXPU::test_diff_xpu_bfloat16 ... AssertionError: False is not true : Tensors failed to compare as equal!With rtol=0.016 and atol=0.001, found 1 element(s) (out of 2) whose difference(s) exceeded the margin of error (including 0 nan comparisons). The greatest difference was 7.5 (-7.5 vs. 0.0), which occurred at index 0.
test_torch.py::TestTorchDeviceTypeXPU::test_diff_xpu_float16 ... AssertionError: False is not true : Tensors failed to compare as equal!With rtol=0.001 and atol=0.001, found 1 element(s) (out of 2) whose difference(s) exceeded the margin of error (including 0 nan comparisons). The greatest difference was 2.828125 (2.828125 vs. 0.0), which occurred at index 0.
test_torch.py::TestTorchDeviceTypeXPU::test_diff_xpu_float32 ... AssertionError: False is not true : Tensors failed to compare as equal!With rtol=1.3e-06 and atol=0.001, found 1 element(s) (out of 2) whose difference(s) exceeded the margin of error (including 0 nan comparisons). The greatest difference was 5.454063415527344 (-5.454063415527344 vs. 0.0), which occurred at index 0.
test_torch.py::TestTorchDeviceTypeXPU::test_diff_xpu_int32 ... AssertionError: False is not true : Tensors failed to compare as equal!Found 2 different element(s) (out of 2), with the greatest difference of 720896 (-720896 vs. 0) occuring at index 1.
test_torch.py::TestTorchDeviceTypeXPU::test_exponential_no_zero_xpu_float32 ... AssertionError: tensor(False, device='xpu:0') is not true
test_torch.py::TestTorchDeviceTypeXPU::test_gather_backward_deterministic_path_xpu ... AssertionError: False is not true : Tensors failed to compare as equal!With rtol=0 and atol=0.001, found 1562 element(s) (out of 2989) whose difference(s) exceeded the margin of error (including 0 nan comparisons). The greatest difference was 4.0 (10286277.0 vs. 10286273.0), which occurred at index 896.
test_torch.py::TestTorchDeviceTypeXPU::test_index_add_deterministic_xpu ... AssertionError: False is not true : Tensors failed to compare as equal!With rtol=0 and atol=0.001, found 18104 element(s) (out of 24000) whose difference(s) exceeded the margin of error (including 0 nan comparisons). The greatest difference was 3.833494186401367 (12.279619216918945 vs. 16.113113403320312), which occurred at index (1012, 0, 1).
test_torch.py::TestTorchDeviceTypeXPU::test_index_copy_deterministic_xpu ... AssertionError: False is not true : Tensors failed to compare as equal!With rtol=0 and atol=0.001, found 1269 element(s) (out of 24000) whose difference(s) exceeded the margin of error (including 0 nan comparisons). The greatest difference was 0.9722653031349182 (0.985118567943573 vs. 0.012853264808654785), which occurred at index (1619, 0, 1).
test_torch.py::TestTorchDeviceTypeXPU::test_index_copy_mem_overlap_xpu ... AssertionError: RuntimeError not raised
test_torch.py::TestTorchDeviceTypeXPU::test_index_fill_mem_overlap_xpu ... AssertionError: UserWarning not triggered
test_torch.py::TestTorchDeviceTypeXPU::test_index_put_mem_overlap_xpu ... AssertionError: UserWarning not triggered
test_torch.py::TestTorchDeviceTypeXPU::test_index_put_non_accumulate_deterministic_xpu ... AssertionError: False is not true : Scalars failed to compare as equal! Comparing 0.36488020420074463 and 0.7713891863822937 gives a difference of 0.4065089821815491, but the allowed difference with rtol=1.3e-06 and atol=0.001 is only 0.001001002805942297!
test_torch.py::TestTorchDeviceTypeXPU::test_masked_scatter_mem_overlap_xpu ... AssertionError: RuntimeError not raised
test_torch.py::TestTorchDeviceTypeXPU::test_masked_select_mem_overlap_xpu ... AssertionError: RuntimeError not raised
test_torch.py::TestTorchDeviceTypeXPU::test_nondeterministic_alert_AdaptiveAvgPool2d_xpu ... AssertionError: expected a non-deterministic error, but it was not raised
test_torch.py::TestTorchDeviceTypeXPU::test_nondeterministic_alert_AdaptiveAvgPool3d_xpu ... AssertionError: expected a non-deterministic error, but it was not raised
test_torch.py::TestTorchDeviceTypeXPU::test_nondeterministic_alert_AdaptiveMaxPool2d_xpu ... AssertionError: expected a non-deterministic error, but it was not raised
test_torch.py::TestTorchDeviceTypeXPU::test_nondeterministic_alert_AvgPool3d_xpu ... AssertionError: expected a non-deterministic error, but it was not raised
test_torch.py::TestTorchDeviceTypeXPU::test_nondeterministic_alert_CTCLoss_xpu ... AssertionError: expected a non-deterministic error, but it was not raised
test_torch.py::TestTorchDeviceTypeXPU::test_nondeterministic_alert_EmbeddingBag_max_xpu ... AssertionError: expected a non-deterministic error, but it was not raised
test_torch.py::TestTorchDeviceTypeXPU::test_nondeterministic_alert_FractionalMaxPool2d_xpu ... AssertionError: expected a non-deterministic error, but it was not raised
test_torch.py::TestTorchDeviceTypeXPU::test_nondeterministic_alert_FractionalMaxPool3d_xpu ... AssertionError: expected a non-deterministic error, but it was not raised
test_torch.py::TestTorchDeviceTypeXPU::test_nondeterministic_alert_MaxPool3d_xpu ... AssertionError: expected a non-deterministic error, but it was not raised
test_torch.py::TestTorchDeviceTypeXPU::test_nondeterministic_alert_NLLLoss_xpu ... AssertionError: expected a non-deterministic error, but it was not raised
test_torch.py::TestTorchDeviceTypeXPU::test_nondeterministic_alert_ReflectionPad1d_xpu ... AssertionError: expected a non-deterministic error, but it was not raised
test_torch.py::TestTorchDeviceTypeXPU::test_nondeterministic_alert_ReflectionPad2d_xpu ... AssertionError: expected a non-deterministic error, but it was not raised
test_torch.py::TestTorchDeviceTypeXPU::test_nondeterministic_alert_ReplicationPad2d_xpu ... AssertionError: expected a non-deterministic error, but it was not raised
test_torch.py::TestTorchDeviceTypeXPU::test_nondeterministic_alert_bincount_xpu ... AssertionError: expected a non-deterministic error, but it was not raised
test_torch.py::TestTorchDeviceTypeXPU::test_nondeterministic_alert_histc_xpu ... AssertionError: expected a non-deterministic error, but it was not raised
test_torch.py::TestTorchDeviceTypeXPU::test_nondeterministic_alert_interpolate_bicubic_xpu ... AssertionError: expected a non-deterministic error, but it was not raised
test_torch.py::TestTorchDeviceTypeXPU::test_nondeterministic_alert_interpolate_bilinear_xpu ... AssertionError: expected a non-deterministic error, but it was not raised
test_torch.py::TestTorchDeviceTypeXPU::test_nondeterministic_alert_interpolate_linear_xpu ... AssertionError: expected a non-deterministic error, but it was not raised
test_torch.py::TestTorchDeviceTypeXPU::test_nondeterministic_alert_interpolate_trilinear_xpu ... AssertionError: expected a non-deterministic error, but it was not raised
test_torch.py::TestTorchDeviceTypeXPU::test_nondeterministic_alert_kthvalue_xpu_float64 ... AssertionError: expected a non-deterministic error, but it was not raised
test_torch.py::TestTorchDeviceTypeXPU::test_nondeterministic_alert_median_xpu_float64 ... AssertionError: expected non-deterministic error message to start with "median XPU with indices output does not have a deterministic implementation, but you set" but got this instead: "Could not run 'aten::median.dim_values' with arguments from the 'XPU' backend. This could be because the operator doesn't exist for this backend, or was omitted during the selective/custom build process (if using custom build). If you are a Facebook employee using PyTorch on mobile, please visit https://fburl.com/ptmfixes for possible resolutions. 'aten::median.dim_values' is only available for these backends: [CPU, BackendSelect, Python, Named, Conjugate, Negative, ADInplaceOrView, AutogradOther, AutogradCPU, AutogradCUDA, AutogradXLA, AutogradLazy, AutogradXPU, AutogradMLC, AutogradHPU, AutogradNestedTensor, AutogradPrivateUse1, AutogradPrivateUse2, AutogradPrivateUse3, Tracer, UNKNOWN_TENSOR_TYPE_ID, Autocast, Batched, VmapMode].
test_torch.py::TestTorchDeviceTypeXPU::test_nondeterministic_alert_put_accumulate_xpu ... AssertionError: expected a non-deterministic error, but it was not raised
test_torch.py::TestTorchDeviceTypeXPU::test_nondeterministic_alert_put_xpu ... AssertionError: expected a non-deterministic error, but it was not raised
test_torch.py::TestTorchDeviceTypeXPU::test_nondeterministic_alert_scatter_add_xpu ... AssertionError: expected a non-deterministic error, but it was not raised
test_torch.py::TestTorchDeviceTypeXPU::test_put_mem_overlap_xpu ... AssertionError: RuntimeError not raised
test_torch.py::TestTorchDeviceTypeXPU::test_put_xpu_bfloat16 ... AssertionError: False is not true : Tensors failed to compare as equal!With rtol=0.016 and atol=0.001, found 1 element(s) (out of 5) whose difference(s) exceeded the margin of error (including 0 nan comparisons). The greatest difference was 2.4375 (-6.6875 vs. -4.25), which occurred at index 0.
test_torch.py::TestTorchDeviceTypeXPU::test_put_xpu_float16 ... AssertionError: False is not true : Tensors failed to compare as equal!With rtol=0.001 and atol=0.001, found 2 element(s) (out of 5) whose difference(s) exceeded the margin of error (including 0 nan comparisons). The greatest difference was 5.2890625 (-10.8203125 vs. -16.109375), which occurred at index 1.
test_torch.py::TestTorchDeviceTypeXPU::test_put_xpu_float32 ... AssertionError: False is not true : Tensors failed to compare as equal!With rtol=1.3e-06 and atol=0.001, found 1 element(s) (out of 5) whose difference(s) exceeded the margin of error (including 0 nan comparisons). The greatest difference was 5.032288551330566 (5.846681594848633 vs. 0.8143930435180664), which occurred at index 4.
test_torch.py::TestTorchDeviceTypeXPU::test_put_xpu_float64 ... AssertionError: False is not true : Tensors failed to compare as equal!With rtol=1e-07 and atol=0.001, found 2 element(s) (out of 5) whose difference(s) exceeded the margin of error (including 0 nan comparisons). The greatest difference was 8.009009099652694 (6.219260327906772 vs. -1.7897487717459217), which occurred at index 4.
test_torch.py::TestTorchDeviceTypeXPU::test_put_xpu_int32 ... AssertionError: False is not true : Tensors failed to compare as equal!Found 1 different element(s) (out of 5), with the greatest difference of 8 (7 vs. -1) occuring at index 4.
test_torch.py::TestTorchDeviceTypeXPU::test_put_xpu_int64 ... AssertionError: False is not true : Tensors failed to compare as equal!Found 1 different element(s) (out of 5), with the greatest difference of 3 (10 vs. 7) occuring at index 2.
test_torch.py::TestTorchDeviceTypeXPU::test_scalar_check_xpu ... AssertionError: 1 != 0 : Attempted to compare the lengths of [iterable] types: Expected: 1; Actual: 0.
test_binary_ufuncs.py::TestBinaryUfuncsXPU::test_addsub_half_tensor_xpu ... AssertionError: False is not true
test_binary_ufuncs.py::TestBinaryUfuncsXPU::test_comparison_ops_type_promotion_and_broadcasting_xpu_int16_bfloat16 ... AssertionError: False is not true : Tensors failed to compare as equal!Found 5 different element(s) (out of 20), with the greatest difference of 1 (1 vs. 0) occuring at index (0, 4).
test_binary_ufuncs.py::TestBinaryUfuncsXPU::test_comparison_ops_type_promotion_and_broadcasting_xpu_int16_float16 ... AssertionError: False is not true : Tensors failed to compare as equal!Found 5 different element(s) (out of 20), with the greatest difference of 1 (1 vs. 0) occuring at index (0, 4).
test_binary_ufuncs.py::TestBinaryUfuncsXPU::test_comparison_ops_type_promotion_and_broadcasting_xpu_int16_float32 ... AssertionError: False is not true : Tensors failed to compare as equal!Found 1 different element(s) (out of 20), with the greatest difference of 1 (1 vs. 0) occuring at index (1, 9).
test_binary_ufuncs.py::TestBinaryUfuncsXPU::test_comparison_ops_type_promotion_and_broadcasting_xpu_int16_float64 ... AssertionError: False is not true : Tensors failed to compare as equal!Found 6 different element(s) (out of 20), with the greatest difference of 1 (1 vs. 0) occuring at index (0, 2).
test_binary_ufuncs.py::TestBinaryUfuncsXPU::test_comparison_ops_type_promotion_and_broadcasting_xpu_int32_bfloat16 ... AssertionError: False is not true : Tensors failed to compare as equal!Found 5 different element(s) (out of 20), with the greatest difference of 1 (1 vs. 0) occuring at index (0, 4).
test_binary_ufuncs.py::TestBinaryUfuncsXPU::test_comparison_ops_type_promotion_and_broadcasting_xpu_int32_float16 ... AssertionError: False is not true : Tensors failed to compare as equal!Found 5 different element(s) (out of 20), with the greatest difference of 1 (1 vs. 0) occuring at index (0, 4).
test_binary_ufuncs.py::TestBinaryUfuncsXPU::test_comparison_ops_type_promotion_and_broadcasting_xpu_int32_float32 ... AssertionError: False is not true : Tensors failed to compare as equal!Found 1 different element(s) (out of 20), with the greatest difference of 1 (1 vs. 0) occuring at index (1, 1).
test_binary_ufuncs.py::TestBinaryUfuncsXPU::test_comparison_ops_type_promotion_and_broadcasting_xpu_int32_float64 ... AssertionError: False is not true : Tensors failed to compare as equal!Found 5 different element(s) (out of 20), with the greatest difference of 1 (1 vs. 0) occuring at index (0, 4).
test_binary_ufuncs.py::TestBinaryUfuncsXPU::test_comparison_ops_type_promotion_and_broadcasting_xpu_int64_bfloat16 ... AssertionError: False is not true : Tensors failed to compare as equal!Found 1 different element(s) (out of 20), with the greatest difference of 1 (1 vs. 0) occuring at index (0, 5).
test_binary_ufuncs.py::TestBinaryUfuncsXPU::test_comparison_ops_type_promotion_and_broadcasting_xpu_int64_float16 ... AssertionError: False is not true : Tensors failed to compare as equal!Found 5 different element(s) (out of 20), with the greatest difference of 1 (1 vs. 0) occuring at index (0, 4).
test_binary_ufuncs.py::TestBinaryUfuncsXPU::test_comparison_ops_type_promotion_and_broadcasting_xpu_int64_float32 ... AssertionError: False is not true : Tensors failed to compare as equal!Found 1 different element(s) (out of 20), with the greatest difference of 1 (1 vs. 0) occuring at index (0, 8).
test_binary_ufuncs.py::TestBinaryUfuncsXPU::test_comparison_ops_type_promotion_and_broadcasting_xpu_int64_float64 ... AssertionError: False is not true : Tensors failed to compare as equal!Found 5 different element(s) (out of 20), with the greatest difference of 1 (1 vs. 0) occuring at index (0, 4).
test_binary_ufuncs.py::TestBinaryUfuncsXPU::test_comparison_ops_type_promotion_and_broadcasting_xpu_int8_bfloat16 ... AssertionError: False is not true : Tensors failed to compare as equal!Found 1 different element(s) (out of 20), with the greatest difference of 1 (1 vs. 0) occuring at index (1, 9).
test_binary_ufuncs.py::TestBinaryUfuncsXPU::test_comparison_ops_type_promotion_and_broadcasting_xpu_int8_float16 ... AssertionError: False is not true : Tensors failed to compare as equal!Found 2 different element(s) (out of 20), with the greatest difference of 1 (1 vs. 0) occuring at index (1, 4).
test_binary_ufuncs.py::TestBinaryUfuncsXPU::test_comparison_ops_type_promotion_and_broadcasting_xpu_int8_float32 ... AssertionError: False is not true : Tensors failed to compare as equal!Found 5 different element(s) (out of 20), with the greatest difference of 1 (1 vs. 0) occuring at index (0, 4).
test_binary_ufuncs.py::TestBinaryUfuncsXPU::test_comparison_ops_type_promotion_and_broadcasting_xpu_int8_float64 ... AssertionError: False is not true : Tensors failed to compare as equal!Found 1 different element(s) (out of 2), with the greatest difference of 1 (1 vs. 0) occuring at index (1, 0).
test_binary_ufuncs.py::TestBinaryUfuncsXPU::test_comparison_ops_type_promotion_and_broadcasting_xpu_uint8_bfloat16 ... AssertionError: False is not true : Tensors failed to compare as equal!Found 1 different element(s) (out of 2), with the greatest difference of 1 (1 vs. 0) occuring at index (1, 0).
test_binary_ufuncs.py::TestBinaryUfuncsXPU::test_comparison_ops_type_promotion_and_broadcasting_xpu_uint8_float16 ... AssertionError: False is not true : Tensors failed to compare as equal!Found 1 different element(s) (out of 20), with the greatest difference of 1 (1 vs. 0) occuring at index (0, 0).
test_binary_ufuncs.py::TestBinaryUfuncsXPU::test_comparison_ops_type_promotion_and_broadcasting_xpu_uint8_float32 ... AssertionError: False is not true : Tensors failed to compare as equal!Found 1 different element(s) (out of 2), with the greatest difference of 1 (1 vs. 0) occuring at index (1, 0).
test_binary_ufuncs.py::TestBinaryUfuncsXPU::test_comparison_ops_type_promotion_and_broadcasting_xpu_uint8_float64 ... AssertionError: False is not true : Tensors failed to compare as equal!Found 1 different element(s) (out of 2), with the greatest difference of 1 (1 vs. 0) occuring at index (1, 0).
test_binary_ufuncs.py::TestBinaryUfuncsXPU::test_cpu_tensor_pow_xpu_scalar_tensor_xpu ... AssertionError: Torch not compiled with CUDA enabled
test_binary_ufuncs.py::TestBinaryUfuncsXPU::test_div_and_floordiv_script_vs_python_xpu ... AssertionError: False is not true : Scalars failed to compare as equal! Comparing 0.0 and 1 gives a difference of 1.0, but the allowed difference with rtol=1.3e-06 and atol=0.001 is only 0.0010013!
test_binary_ufuncs.py::TestBinaryUfuncsXPU::test_div_rounding_modes_xpu_bfloat16 ... AssertionError: False is not true : Tensors failed to compare as equal!With rtol=0.016 and atol=0.001, found 1 element(s) (out of 100) whose difference(s) exceeded the margin of error (including 0 nan comparisons). The greatest difference was 2.875 (-8.625 vs. -5.75), which occurred at index 2.
test_binary_ufuncs.py::TestBinaryUfuncsXPU::test_div_rounding_modes_xpu_uint8 ... AssertionError: False is not true : Tensors failed to compare as equal!Found 2 different element(s) (out of 100), with the greatest difference of 1 (15 vs. 14) occuring at index 16.
test_binary_ufuncs.py::TestBinaryUfuncsXPU::test_div_rounding_numpy_xpu_float16 ... AssertionError: False is not true : Tensors failed to compare as equal!With rtol=0.001 and atol=0.001, found 1 element(s) (out of 4096) whose difference(s) exceeded the margin of error (including 0 nan comparisons). The greatest difference was 0.001953125 (-0.892578125 vs. -0.890625), which occurred at index 1528.
test_binary_ufuncs.py::TestBinaryUfuncsXPU::test_divmul_scalar_xpu_float16 ... AssertionError: False is not true : Tensors failed to compare as equal!With rtol=0.0 and atol=0.001, found 1 element(s) (out of 1) whose difference(s) exceeded the margin of error (including 1 nan comparisons). The greatest difference was nan (nan vs. 0.0010004043579101562), which occurred at index 0.
test_binary_ufuncs.py::TestBinaryUfuncsXPU::test_fmod_remainder_by_zero_integral_xpu_int64 ... AssertionError: False is not true : Tensors failed to compare as equal!Found 46 different element(s) (out of 100), with the greatest difference of 1 (0 vs. 1) occuring at index (0, 4).
test_binary_ufuncs.py::TestBinaryUfuncsXPU::test_fmod_remainder_xpu_float64 ... AssertionError: False is not true : Tensors failed to compare as equal!With rtol=1e-07 and atol=0.001, found 70 element(s) (out of 100) whose difference(s) exceeded the margin of error (including 0 nan comparisons). The greatest difference was 6.0 (-8.58491699605813 vs. -2.58491699605813), which occurred at index (0, 0).
test_binary_ufuncs.py::TestBinaryUfuncsXPU::test_fmod_remainder_xpu_int16 ... AssertionError: False is not true : Tensors failed to compare as equal!With rtol=1e-07 and atol=0.001, found 35 element(s) (out of 100) whose difference(s) exceeded the margin of error (including 0 nan comparisons). The greatest difference was 2.0 (0.0 vs. 2.0), which occurred at index (0, 5).
test_binary_ufuncs.py::TestBinaryUfuncsXPU::test_fmod_remainder_xpu_int32 ... AssertionError: False is not true : Tensors failed to compare as equal!With rtol=1e-07 and atol=0.001, found 30 element(s) (out of 100) whose difference(s) exceeded the margin of error (including 0 nan comparisons). The greatest difference was 2.0 (0.0 vs. 2.0), which occurred at index (0, 7).
test_binary_ufuncs.py::TestBinaryUfuncsXPU::test_fmod_remainder_xpu_int64 ... AssertionError: False is not true : Tensors failed to compare as equal!With rtol=1e-07 and atol=0.001, found 34 element(s) (out of 100) whose difference(s) exceeded the margin of error (including 0 nan comparisons). The greatest difference was 2.0 (0.0 vs. 2.0), which occurred at index (0, 0).
test_binary_ufuncs.py::TestBinaryUfuncsXPU::test_fmod_remainder_xpu_int8 ... AssertionError: False is not true : Tensors failed to compare as equal!With rtol=1e-07 and atol=0.001, found 32 element(s) (out of 100) whose difference(s) exceeded the margin of error (including 0 nan comparisons). The greatest difference was 2.0 (0.0 vs. 2.0), which occurred at index (0, 5).
test_binary_ufuncs.py::TestBinaryUfuncsXPU::test_fmod_remainder_xpu_uint8 ... AssertionError: False is not true : Tensors failed to compare as equal!With rtol=1e-07 and atol=0.001, found 38 element(s) (out of 100) whose difference(s) exceeded the margin of error (including 0 nan comparisons). The greatest difference was 2.0 (0.0 vs. 2.0), which occurred at index (0, 0).
test_binary_ufuncs.py::TestBinaryUfuncsXPU::test_idiv_and_ifloordiv_vs_python_xpu ... AssertionError: False is not true : Scalars failed to compare as equal! Comparing 0.0 and 1 gives a difference of 1.0, but the allowed difference with rtol=1.3e-06 and atol=0.001 is only 0.0010013!
test_binary_ufuncs.py::TestBinaryUfuncsXPU::test_int_tensor_pow_neg_ints_xpu ... AssertionError: "Integers to negative integer powers are not allowed." does not match "Intergers to negative integer powers are not allowed."
test_binary_ufuncs.py::TestBinaryUfuncsXPU::test_out_resize_warning_xpu ... AssertionError: False is not true : Scalars failed to compare as equal! Comparing 0 and 1 gives a difference of 1, but the allowed difference with rtol=0 and atol=0.001 is only 0.001!
test_binary_ufuncs.py::TestBinaryUfuncsXPU::test_pow_xpu_int16 ... AssertionError: False is not true : Tensors failed to compare as equal!Found 99 different element(s) (out of 100), with the greatest difference of 256 (257 vs. 1) occuring at index 15.
test_binary_ufuncs.py::TestBinaryUfuncsXPU::test_pow_xpu_int32 ... AssertionError: False is not true : Tensors failed to compare as equal!Found 94 different element(s) (out of 100), with the greatest difference of 16843008 (16843009 vs. 1) occuring at index 11.
test_binary_ufuncs.py::TestBinaryUfuncsXPU::test_pow_xpu_int64 ... AssertionError: False is not true : Tensors failed to compare as equal!Found 98 different element(s) (out of 100), with the greatest difference of 72340172838076664 (72340172838076673 vs. 9) occuring at index 9.
test_binary_ufuncs.py::TestBinaryUfuncsXPU::test_pow_xpu_int8 ... AssertionError: False is not true : Tensors failed to compare as equal!Found 65 different element(s) (out of 100), with the greatest difference of 8 (1 vs. 9) occuring at index 4.
test_binary_ufuncs.py::TestBinaryUfuncsXPU::test_pow_xpu_uint8 ... AssertionError: False is not true : Tensors failed to compare as equal!Found 70 different element(s) (out of 100), with the greatest difference of 8 (1 vs. 9) occuring at index 1.
test_binary_ufuncs.py::TestBinaryUfuncsXPU::test_remainder_fmod_large_dividend_xpu_float32 ... AssertionError: tensor(False, device='xpu:0') is not true
test_reductions.py::TestReductionsXPU::test_argminmax_large_axis_xpu ... AssertionError: False is not true : Scalars failed to compare as equal! Comparing 0 and 2147483647 gives a difference of 2147483647, but the allowed difference with rtol=0 and atol=0.001 is only 0.001!
test_reductions.py::TestReductionsXPU::test_argminmax_multiple_xpu_float16 ... AssertionError: False is not true : Scalars failed to compare as equal! Comparing 3 and 0 gives a difference of 3, but the allowed difference with rtol=0 and atol=0.001 is only 0.001!
test_reductions.py::TestReductionsXPU::test_argminmax_multiple_xpu_int16 ... AssertionError: False is not true : Scalars failed to compare as equal! Comparing 5 and 2 gives a difference of 3, but the allowed difference with rtol=0 and atol=0.001 is only 0.001!
test_reductions.py::TestReductionsXPU::test_argminmax_multiple_xpu_int8 ... AssertionError: False is not true : Scalars failed to compare as equal! Comparing 5 and 0 gives a difference of 5, but the allowed difference with rtol=0 and atol=0.001 is only 0.001!
test_reductions.py::TestReductionsXPU::test_argminmax_multiple_xpu_uint8 ... AssertionError: False is not true : Scalars failed to compare as equal! Comparing 5 and 4 gives a difference of 1, but the allowed difference with rtol=0 and atol=0.001 is only 0.001!
test_reductions.py::TestReductionsXPU::test_histc_xpu ... AssertionError: "bins must be > 0" does not match "bins should be > 0, but is -1 instead"
test_reductions.py::TestReductionsXPU::test_max_xpu_float16 ... AssertionError: False is not true : Tensors failed to compare as equal!With rtol=0.001 and atol=0.001, found 4 element(s) (out of 5) whose difference(s) exceeded the margin of error (including 0 nan comparisons). The greatest difference was 1.607421875 (1.607421875 vs. 0.0), which occurred at index 1.
test_reductions.py::TestReductionsXPU::test_median_nan_values_xpu_float32 ... AssertionError: False is not true : Tensors failed to compare as equal!With rtol=1.3e-06 and atol=0.001, found 1 element(s) (out of 1) whose difference(s) exceeded the margin of error (including 1 nan comparisons). The greatest difference was nan (nan vs. inf), which occurred at index 0.
test_reductions.py::TestReductionsXPU::test_min_xpu_bool ... AssertionError: False is not true : Tensors failed to compare as equal!Found 5 different element(s) (out of 5), with the greatest difference of 1 (1 vs. 0) occuring at index 0.
test_reductions.py::TestReductionsXPU::test_min_xpu_float16 ... AssertionError: False is not true : Tensors failed to compare as equal!With rtol=0.001 and atol=0.001, found 3 element(s) (out of 5) whose difference(s) exceeded the margin of error (including 0 nan comparisons). The greatest difference was 1.2861328125 (-2.55078125 vs. -1.2646484375), which occurred at index 0.
test_reductions.py::TestReductionsXPU::test_mode_wrong_device_xpu ... AssertionError: "expected device .* but got .* for values" does not match "Expected all tensors to be on the same device, but found at least two devices, xpu:0 and cpu! (when checking argument for argument indices in method wrapper_values_mode_out)"
test_reductions.py::TestReductionsXPU::test_sum_cpu_device_mismatch_xpu ... AssertionError: "Expected out tensor to have device xpu:0, but got cpu instead" does not match "Expected all tensors to be on the same device, but found at least two devices, xpu:0 and cpu!"
test_reductions.py::TestReductionsXPU::test_trivial_fancy_out_of_bounds_xpu ... AssertionError: IndexError not raised by <lambda>
test_ops.py::TestCommonXPU::test_reference_testing_addbmm_xpu_float32 ... AssertionError: False is not true : Tensors failed to compare as equal!With rtol=1.3e-05 and atol=1.3e-05, found 45 element(s) (out of 50) whose difference(s) exceeded the margin of error (including 0 nan comparisons). The greatest difference was 12.019424438476562 (55.432044982910156 vs. 43.412620544433594), which occurred at index (3, 6).
test_ops.py::TestCommonXPU::test_reference_testing_fmod_autodiffed_xpu_int64 ... AssertionError: False is not true : Tensors failed to compare as equal!Attempted to compare equality of tensors with different dtypes. Got dtypes torch.int64 and torch.float64.
test_torch.py::TestDevicePrecisionXPU::test_multidevice_serialization_xpu ... AssertionError: device(type='xpu', index=0) != device(type='xpu', index=1)
test_sort_and_select.py::TestSortAndSelectXPU::test_kthvalue_xpu_float64 ... AssertionError: False is not true : Tensors failed to compare as equal!With rtol=0 and atol=0.001, found 1 element(s) (out of 1) whose difference(s) exceeded the margin of error (including 0 nan comparisons). The greatest difference was 1.0 (1.0 vs. 0.0), which occurred at index 0.
test_sort_and_select.py::TestSortAndSelectXPU::test_sort_1d_output_discontiguous_xpu_float32 ... AssertionError: False is not true : Tensors failed to compare as equal!Found 5 different element(s) (out of 6), with the greatest difference of 577871455904465405 (577871455904465408 vs. 3) occuring at index 4.
test_sort_and_select.py::TestSortAndSelectXPU::test_sort_discontiguous_xpu_float32 ... AssertionError: False is not true : Tensors failed to compare as equal!Found 57185 different element(s) (out of 71715), with the greatest difference of 4 (0 vs. 4) occuring at index (0, 0, 2).
test_sort_and_select.py::TestSortAndSelectXPU::test_sort_xpu ... AssertionError: False is not true : Scalars failed to compare as equal! Comparing 0.47870755195617676 and inf gives a difference of inf, but the allowed difference with rtol=1.3e-06 and atol=0.001 is only inf!
test_sort_and_select.py::TestSortAndSelectXPU::test_topk_1d_output_discontiguous_xpu_float32 ... AssertionError: False is not true : Tensors failed to compare as equal!Found 6 different element(s) (out of 6), with the greatest difference of 11 (0 vs. 11) occuring at index 2.
test_sort_and_select.py::TestSortAndSelectXPU::test_topk_nonfinite_xpu_bfloat16 ... AssertionError: False is not true : Tensors failed to compare as equal!With rtol=0.016 and atol=0.001, found 3 element(s) (out of 4) whose difference(s) exceeded the margin of error (including 1 nan comparisons). The greatest difference was nan (inf vs. nan), which occurred at index 0.
test_sort_and_select.py::TestSortAndSelectXPU::test_topk_nonfinite_xpu_float16 ... AssertionError: False is not true : Tensors failed to compare as equal!With rtol=0.001 and atol=0.001, found 3 element(s) (out of 4) whose difference(s) exceeded the margin of error (including 1 nan comparisons). The greatest difference was nan (inf vs. nan), which occurred at index 0.
test_sort_and_select.py::TestSortAndSelectXPU::test_topk_nonfinite_xpu_float32 ... AssertionError: False is not true : Tensors failed to compare as equal!With rtol=1.3e-06 and atol=0.001, found 3 element(s) (out of 4) whose difference(s) exceeded the margin of error (including 1 nan comparisons). The greatest difference was nan (inf vs. nan), which occurred at index 0.
test_sort_and_select.py::TestSortAndSelectXPU::test_topk_nonfinite_xpu_float64 ... AssertionError: False is not true : Tensors failed to compare as equal!With rtol=1e-07 and atol=0.001, found 3 element(s) (out of 4) whose difference(s) exceeded the margin of error (including 1 nan comparisons). The greatest difference was nan (inf vs. nan), which occurred at index 0.
test_tensor_creation_ops.py::TestRandomTensorCreationXPU::test_rand_xpu_float32 ... AssertionError: False is not true : Tensors failed to compare as equal!With rtol=1.3e-06 and atol=0.001, found 9983 element(s) (out of 10000) whose difference(s) exceeded the margin of error (including 0 nan comparisons). The greatest difference was 0.9934228658676147 (0.005751252174377441 vs. 0.9991741180419922), which occurred at index (5, 11).
test_tensor_creation_ops.py::TestRandomTensorCreationXPU::test_rand_xpu_float64 ... AssertionError: False is not true : Tensors failed to compare as equal!With rtol=1e-07 and atol=0.001, found 9974 element(s) (out of 10000) whose difference(s) exceeded the margin of error (including 0 nan comparisons). The greatest difference was 0.9972993864759085 (0.9994375741789272 vs. 0.002138187703018657), which occurred at index (18, 64).
test_tensor_creation_ops.py::TestRandomTensorCreationXPU::test_randn_xpu_bfloat16 ... AssertionError: False is not true : Tensors failed to compare as equal!With rtol=0.016 and atol=0.001, found 9941 element(s) (out of 10000) whose difference(s) exceeded the margin of error (including 0 nan comparisons). The greatest difference was 5.765625 (2.015625 vs. -3.75), which occurred at index (31, 77).
test_tensor_creation_ops.py::TestRandomTensorCreationXPU::test_randn_xpu_float16 ... AssertionError: False is not true : Tensors failed to compare as equal!With rtol=0.001 and atol=0.001, found 9990 element(s) (out of 10000) whose difference(s) exceeded the margin of error (including 0 nan comparisons). The greatest difference was 5.33203125 (3.099609375 vs. -2.232421875), which occurred at index (24, 12).
test_tensor_creation_ops.py::TestRandomTensorCreationXPU::test_randn_xpu_float32 ... AssertionError: False is not true : Tensors failed to compare as equal!With rtol=1.3e-06 and atol=0.001, found 9992 element(s) (out of 10000) whose difference(s) exceeded the margin of error (including 0 nan comparisons). The greatest difference was 5.4021793603897095 (-3.7454466819763184 vs. 1.6567326784133911), which occurred at index (0, 38).
test_tensor_creation_ops.py::TestRandomTensorCreationXPU::test_randn_xpu_float64 ... AssertionError: False is not true : Tensors failed to compare as equal!With rtol=1e-07 and atol=0.001, found 9996 element(s) (out of 10000) whose difference(s) exceeded the margin of error (including 0 nan comparisons). The greatest difference was 5.634372794782666 (-2.4775319779245764 vs. 3.15684081685809), which occurred at index (57, 73).
test_tensor_creation_ops.py::TestRandomTensorCreationXPU::test_randperm_xpu ... AssertionError: Torch not compiled with CUDA enabled
